ARM GAS  C:\Users\123\AppData\Local\Temp\ccRwPEdO.s 			page 1


   1              		.cpu cortex-m4
   2              		.eabi_attribute 27, 1
   3              		.eabi_attribute 28, 1
   4              		.eabi_attribute 20, 1
   5              		.eabi_attribute 21, 1
   6              		.eabi_attribute 23, 3
   7              		.eabi_attribute 24, 1
   8              		.eabi_attribute 25, 1
   9              		.eabi_attribute 26, 1
  10              		.eabi_attribute 30, 1
  11              		.eabi_attribute 34, 1
  12              		.eabi_attribute 18, 4
  13              		.file	"gpio.c"
  14              		.text
  15              	.Ltext0:
  16              		.cfi_sections	.debug_frame
  17              		.section	.text.MX_GPIO_Init,"ax",%progbits
  18              		.align	1
  19              		.global	MX_GPIO_Init
  20              		.arch armv7e-m
  21              		.syntax unified
  22              		.thumb
  23              		.thumb_func
  24              		.fpu fpv4-sp-d16
  26              	MX_GPIO_Init:
  27              	.LFB316:
  28              		.file 1 "Src/gpio.c"
   1:Src/gpio.c    **** /**
   2:Src/gpio.c    ****   ******************************************************************************
   3:Src/gpio.c    ****   * File Name          : gpio.c
   4:Src/gpio.c    ****   * Description        : This file provides code for the configuration
   5:Src/gpio.c    ****   *                      of all used GPIO pins.
   6:Src/gpio.c    ****   ******************************************************************************
   7:Src/gpio.c    ****   * @attention
   8:Src/gpio.c    ****   *
   9:Src/gpio.c    ****   * <h2><center>&copy; Copyright (c) 2021 STMicroelectronics.
  10:Src/gpio.c    ****   * All rights reserved.</center></h2>
  11:Src/gpio.c    ****   *
  12:Src/gpio.c    ****   * This software component is licensed by ST under BSD 3-Clause license,
  13:Src/gpio.c    ****   * the "License"; You may not use this file except in compliance with the
  14:Src/gpio.c    ****   * License. You may obtain a copy of the License at:
  15:Src/gpio.c    ****   *                        opensource.org/licenses/BSD-3-Clause
  16:Src/gpio.c    ****   *
  17:Src/gpio.c    ****   ******************************************************************************
  18:Src/gpio.c    ****   */
  19:Src/gpio.c    **** 
  20:Src/gpio.c    **** /* Includes ------------------------------------------------------------------*/
  21:Src/gpio.c    **** #include "gpio.h"
  22:Src/gpio.c    **** /* USER CODE BEGIN 0 */
  23:Src/gpio.c    **** 
  24:Src/gpio.c    **** /* USER CODE END 0 */
  25:Src/gpio.c    **** 
  26:Src/gpio.c    **** /*----------------------------------------------------------------------------*/
  27:Src/gpio.c    **** /* Configure GPIO                                                             */
  28:Src/gpio.c    **** /*----------------------------------------------------------------------------*/
  29:Src/gpio.c    **** /* USER CODE BEGIN 1 */
  30:Src/gpio.c    **** 
ARM GAS  C:\Users\123\AppData\Local\Temp\ccRwPEdO.s 			page 2


  31:Src/gpio.c    **** /* USER CODE END 1 */
  32:Src/gpio.c    **** 
  33:Src/gpio.c    **** /** Configure pins as 
  34:Src/gpio.c    ****         * Analog 
  35:Src/gpio.c    ****         * Input 
  36:Src/gpio.c    ****         * Output
  37:Src/gpio.c    ****         * EVENT_OUT
  38:Src/gpio.c    ****         * EXTI
  39:Src/gpio.c    **** */
  40:Src/gpio.c    **** void MX_GPIO_Init(void)
  41:Src/gpio.c    **** {
  29              		.loc 1 41 1 view -0
  30              		.cfi_startproc
  31              		@ args = 0, pretend = 0, frame = 56
  32              		@ frame_needed = 0, uses_anonymous_args = 0
  33 0000 2DE9F04F 		push	{r4, r5, r6, r7, r8, r9, r10, fp, lr}
  34              	.LCFI0:
  35              		.cfi_def_cfa_offset 36
  36              		.cfi_offset 4, -36
  37              		.cfi_offset 5, -32
  38              		.cfi_offset 6, -28
  39              		.cfi_offset 7, -24
  40              		.cfi_offset 8, -20
  41              		.cfi_offset 9, -16
  42              		.cfi_offset 10, -12
  43              		.cfi_offset 11, -8
  44              		.cfi_offset 14, -4
  45 0004 8FB0     		sub	sp, sp, #60
  46              	.LCFI1:
  47              		.cfi_def_cfa_offset 96
  42:Src/gpio.c    **** 
  43:Src/gpio.c    ****   GPIO_InitTypeDef GPIO_InitStruct = {0};
  48              		.loc 1 43 3 view .LVU1
  49              		.loc 1 43 20 is_stmt 0 view .LVU2
  50 0006 0024     		movs	r4, #0
  51 0008 0994     		str	r4, [sp, #36]
  52 000a 0A94     		str	r4, [sp, #40]
  53 000c 0B94     		str	r4, [sp, #44]
  54 000e 0C94     		str	r4, [sp, #48]
  55 0010 0D94     		str	r4, [sp, #52]
  44:Src/gpio.c    **** 
  45:Src/gpio.c    ****   /* GPIO Ports Clock Enable */
  46:Src/gpio.c    ****   __HAL_RCC_GPIOE_CLK_ENABLE();
  56              		.loc 1 46 3 is_stmt 1 view .LVU3
  57              	.LBB2:
  58              		.loc 1 46 3 view .LVU4
  59              		.loc 1 46 3 view .LVU5
  60 0012 B14B     		ldr	r3, .L3
  61 0014 DA6C     		ldr	r2, [r3, #76]
  62 0016 42F01002 		orr	r2, r2, #16
  63 001a DA64     		str	r2, [r3, #76]
  64              		.loc 1 46 3 view .LVU6
  65 001c DA6C     		ldr	r2, [r3, #76]
  66 001e 02F01002 		and	r2, r2, #16
  67 0022 0192     		str	r2, [sp, #4]
  68              		.loc 1 46 3 view .LVU7
  69 0024 019A     		ldr	r2, [sp, #4]
ARM GAS  C:\Users\123\AppData\Local\Temp\ccRwPEdO.s 			page 3


  70              	.LBE2:
  71              		.loc 1 46 3 view .LVU8
  47:Src/gpio.c    ****   __HAL_RCC_GPIOF_CLK_ENABLE();
  72              		.loc 1 47 3 view .LVU9
  73              	.LBB3:
  74              		.loc 1 47 3 view .LVU10
  75              		.loc 1 47 3 view .LVU11
  76 0026 DA6C     		ldr	r2, [r3, #76]
  77 0028 42F02002 		orr	r2, r2, #32
  78 002c DA64     		str	r2, [r3, #76]
  79              		.loc 1 47 3 view .LVU12
  80 002e DA6C     		ldr	r2, [r3, #76]
  81 0030 02F02002 		and	r2, r2, #32
  82 0034 0292     		str	r2, [sp, #8]
  83              		.loc 1 47 3 view .LVU13
  84 0036 029A     		ldr	r2, [sp, #8]
  85              	.LBE3:
  86              		.loc 1 47 3 view .LVU14
  48:Src/gpio.c    ****   __HAL_RCC_GPIOH_CLK_ENABLE();
  87              		.loc 1 48 3 view .LVU15
  88              	.LBB4:
  89              		.loc 1 48 3 view .LVU16
  90              		.loc 1 48 3 view .LVU17
  91 0038 DA6C     		ldr	r2, [r3, #76]
  92 003a 42F08002 		orr	r2, r2, #128
  93 003e DA64     		str	r2, [r3, #76]
  94              		.loc 1 48 3 view .LVU18
  95 0040 DA6C     		ldr	r2, [r3, #76]
  96 0042 02F08002 		and	r2, r2, #128
  97 0046 0392     		str	r2, [sp, #12]
  98              		.loc 1 48 3 view .LVU19
  99 0048 039A     		ldr	r2, [sp, #12]
 100              	.LBE4:
 101              		.loc 1 48 3 view .LVU20
  49:Src/gpio.c    ****   __HAL_RCC_GPIOC_CLK_ENABLE();
 102              		.loc 1 49 3 view .LVU21
 103              	.LBB5:
 104              		.loc 1 49 3 view .LVU22
 105              		.loc 1 49 3 view .LVU23
 106 004a DA6C     		ldr	r2, [r3, #76]
 107 004c 42F00402 		orr	r2, r2, #4
 108 0050 DA64     		str	r2, [r3, #76]
 109              		.loc 1 49 3 view .LVU24
 110 0052 DA6C     		ldr	r2, [r3, #76]
 111 0054 02F00402 		and	r2, r2, #4
 112 0058 0492     		str	r2, [sp, #16]
 113              		.loc 1 49 3 view .LVU25
 114 005a 049A     		ldr	r2, [sp, #16]
 115              	.LBE5:
 116              		.loc 1 49 3 view .LVU26
  50:Src/gpio.c    ****   __HAL_RCC_GPIOA_CLK_ENABLE();
 117              		.loc 1 50 3 view .LVU27
 118              	.LBB6:
 119              		.loc 1 50 3 view .LVU28
 120              		.loc 1 50 3 view .LVU29
 121 005c DA6C     		ldr	r2, [r3, #76]
 122 005e 42F00102 		orr	r2, r2, #1
ARM GAS  C:\Users\123\AppData\Local\Temp\ccRwPEdO.s 			page 4


 123 0062 DA64     		str	r2, [r3, #76]
 124              		.loc 1 50 3 view .LVU30
 125 0064 DA6C     		ldr	r2, [r3, #76]
 126 0066 02F00102 		and	r2, r2, #1
 127 006a 0592     		str	r2, [sp, #20]
 128              		.loc 1 50 3 view .LVU31
 129 006c 059A     		ldr	r2, [sp, #20]
 130              	.LBE6:
 131              		.loc 1 50 3 view .LVU32
  51:Src/gpio.c    ****   __HAL_RCC_GPIOB_CLK_ENABLE();
 132              		.loc 1 51 3 view .LVU33
 133              	.LBB7:
 134              		.loc 1 51 3 view .LVU34
 135              		.loc 1 51 3 view .LVU35
 136 006e DA6C     		ldr	r2, [r3, #76]
 137 0070 42F00202 		orr	r2, r2, #2
 138 0074 DA64     		str	r2, [r3, #76]
 139              		.loc 1 51 3 view .LVU36
 140 0076 DA6C     		ldr	r2, [r3, #76]
 141 0078 02F00202 		and	r2, r2, #2
 142 007c 0692     		str	r2, [sp, #24]
 143              		.loc 1 51 3 view .LVU37
 144 007e 069A     		ldr	r2, [sp, #24]
 145              	.LBE7:
 146              		.loc 1 51 3 view .LVU38
  52:Src/gpio.c    ****   __HAL_RCC_GPIOG_CLK_ENABLE();
 147              		.loc 1 52 3 view .LVU39
 148              	.LBB8:
 149              		.loc 1 52 3 view .LVU40
 150              		.loc 1 52 3 view .LVU41
 151 0080 DA6C     		ldr	r2, [r3, #76]
 152 0082 42F04002 		orr	r2, r2, #64
 153 0086 DA64     		str	r2, [r3, #76]
 154              		.loc 1 52 3 view .LVU42
 155 0088 DA6C     		ldr	r2, [r3, #76]
 156 008a 02F04002 		and	r2, r2, #64
 157 008e 0792     		str	r2, [sp, #28]
 158              		.loc 1 52 3 view .LVU43
 159 0090 079A     		ldr	r2, [sp, #28]
 160              	.LBE8:
 161              		.loc 1 52 3 view .LVU44
  53:Src/gpio.c    ****   __HAL_RCC_GPIOD_CLK_ENABLE();
 162              		.loc 1 53 3 view .LVU45
 163              	.LBB9:
 164              		.loc 1 53 3 view .LVU46
 165              		.loc 1 53 3 view .LVU47
 166 0092 DA6C     		ldr	r2, [r3, #76]
 167 0094 42F00802 		orr	r2, r2, #8
 168 0098 DA64     		str	r2, [r3, #76]
 169              		.loc 1 53 3 view .LVU48
 170 009a DB6C     		ldr	r3, [r3, #76]
 171 009c 03F00803 		and	r3, r3, #8
 172 00a0 0893     		str	r3, [sp, #32]
 173              		.loc 1 53 3 view .LVU49
 174 00a2 089B     		ldr	r3, [sp, #32]
 175              	.LBE9:
 176              		.loc 1 53 3 view .LVU50
ARM GAS  C:\Users\123\AppData\Local\Temp\ccRwPEdO.s 			page 5


  54:Src/gpio.c    ****   HAL_PWREx_EnableVddIO2();
 177              		.loc 1 54 3 view .LVU51
 178 00a4 FFF7FEFF 		bl	HAL_PWREx_EnableVddIO2
 179              	.LVL0:
  55:Src/gpio.c    **** 
  56:Src/gpio.c    ****   /*Configure GPIO pin Output Level */
  57:Src/gpio.c    ****   HAL_GPIO_WritePin(GPIOE, IOT_RESET_H_Pin|IOT_POWER_KEY_Pin|SPI_CS_Pin, GPIO_PIN_RESET);
 180              		.loc 1 57 3 view .LVU52
 181 00a8 8C4F     		ldr	r7, .L3+4
 182 00aa 2246     		mov	r2, r4
 183 00ac 41F22401 		movw	r1, #4132
 184 00b0 3846     		mov	r0, r7
 185 00b2 FFF7FEFF 		bl	HAL_GPIO_WritePin
 186              	.LVL1:
  58:Src/gpio.c    ****   HAL_GPIO_WritePin(GPIOE, GOODS_ENA_Pin|GOODS_ENB_Pin|GOODS_POWER_CTRL_Pin|IOT_EN_Pin, GPIO_PIN_SE
 187              		.loc 1 58 3 view .LVU53
 188 00b6 0122     		movs	r2, #1
 189 00b8 40F64141 		movw	r1, #3137
 190 00bc 3846     		mov	r0, r7
 191 00be FFF7FEFF 		bl	HAL_GPIO_WritePin
 192              	.LVL2:
  59:Src/gpio.c    ****   /*Configure GPIO pin Output Level */
  60:Src/gpio.c    ****   HAL_GPIO_WritePin(GPIOF, SMBUS1_SDA_Pin|SMBUS1_SCL_Pin|BAT_VOLTAGE_COM_ON_Pin|DETECT_DC12V_EN_Pin
 193              		.loc 1 60 3 view .LVU54
 194 00c2 DFF82CB2 		ldr	fp, .L3+24
 195 00c6 2246     		mov	r2, r4
 196 00c8 41F60321 		movw	r1, #6659
 197 00cc 5846     		mov	r0, fp
 198 00ce FFF7FEFF 		bl	HAL_GPIO_WritePin
 199              	.LVL3:
  61:Src/gpio.c    ****                           |LED_RUN_Pin, GPIO_PIN_RESET);
  62:Src/gpio.c    **** 
  63:Src/gpio.c    ****   /*Configure GPIO pin Output Level */
  64:Src/gpio.c    ****   HAL_GPIO_WritePin(GPIOA, RS485_EN_Pin|SMBUS0_SDA_Pin|SMBUS0_SCL_Pin, GPIO_PIN_RESET);
 200              		.loc 1 64 3 view .LVU55
 201 00d2 2246     		mov	r2, r4
 202 00d4 5221     		movs	r1, #82
 203 00d6 4FF09040 		mov	r0, #1207959552
 204 00da FFF7FEFF 		bl	HAL_GPIO_WritePin
 205              	.LVL4:
  65:Src/gpio.c    ****   HAL_GPIO_WritePin(GPIOA, LOCK_EN_Pin, GPIO_PIN_SET);
 206              		.loc 1 65 3 view .LVU56
 207 00de 0122     		movs	r2, #1
 208 00e0 8021     		movs	r1, #128
 209 00e2 4FF09040 		mov	r0, #1207959552
 210 00e6 FFF7FEFF 		bl	HAL_GPIO_WritePin
 211              	.LVL5:
  66:Src/gpio.c    **** 
  67:Src/gpio.c    ****   /*Configure GPIO pin Output Level */
  68:Src/gpio.c    ****   HAL_GPIO_WritePin(GPIOC, INFRARED_EN_Pin|LOCK_DC12V_EN_Pin|LED_DC12V_EN_Pin, GPIO_PIN_RESET);
 212              		.loc 1 68 3 view .LVU57
 213 00ea 7D4E     		ldr	r6, .L3+8
 214 00ec 2246     		mov	r2, r4
 215 00ee 4FF40361 		mov	r1, #2096
 216 00f2 3046     		mov	r0, r6
 217 00f4 FFF7FEFF 		bl	HAL_GPIO_WritePin
 218              	.LVL6:
ARM GAS  C:\Users\123\AppData\Local\Temp\ccRwPEdO.s 			page 6


  69:Src/gpio.c    ****   HAL_GPIO_WritePin(GPIOC, BLE_RESET_Pin, GPIO_PIN_SET);
 219              		.loc 1 69 3 view .LVU58
 220 00f8 0122     		movs	r2, #1
 221 00fa 8021     		movs	r1, #128
 222 00fc 3046     		mov	r0, r6
 223 00fe FFF7FEFF 		bl	HAL_GPIO_WritePin
 224              	.LVL7:
  70:Src/gpio.c    **** 
  71:Src/gpio.c    ****   /*Configure GPIO pin Output Level */
  72:Src/gpio.c    ****   HAL_GPIO_WritePin(GPIOB, BAT_V_ADC_EN_Pin|CTRL_BUS_A7_Pin|CTRL_BUS_A6_Pin 
 225              		.loc 1 72 3 view .LVU59
 226 0102 DFF8F091 		ldr	r9, .L3+28
 227 0106 2246     		mov	r2, r4
 228 0108 4EF22121 		movw	r1, #57889
 229 010c 4846     		mov	r0, r9
 230 010e FFF7FEFF 		bl	HAL_GPIO_WritePin
 231              	.LVL8:
  73:Src/gpio.c    ****                           |CTRL_BUS_A5_Pin|DONE_Pin|POWER_5V_CTRL_Pin, GPIO_PIN_RESET);
  74:Src/gpio.c    ****   HAL_GPIO_WritePin(GPIOB, GOODS_ENC_Pin|GOODS_END_Pin|GOODS_ENE_Pin 
 232              		.loc 1 74 3 view .LVU60
 233 0112 0122     		movs	r2, #1
 234 0114 4FF48E51 		mov	r1, #4544
 235 0118 4846     		mov	r0, r9
 236 011a FFF7FEFF 		bl	HAL_GPIO_WritePin
 237              	.LVL9:
  75:Src/gpio.c    ****                           |GOODS_ENF_Pin, GPIO_PIN_SET);
  76:Src/gpio.c    ****   /*Configure GPIO pin Output Level */
  77:Src/gpio.c    ****   HAL_GPIO_WritePin(GPIOD, CTRL_BUS_A4_Pin|CTRL_BUS_A3_Pin|CTRL_BUS_A2_Pin|CTRL_BUS_A1_Pin 
 238              		.loc 1 77 3 view .LVU61
 239 011e 2246     		mov	r2, r4
 240 0120 4FF4BE41 		mov	r1, #24320
 241 0124 6F48     		ldr	r0, .L3+12
 242 0126 FFF7FEFF 		bl	HAL_GPIO_WritePin
 243              	.LVL10:
  78:Src/gpio.c    ****                           |CTRL_BUS_A0_Pin|CTRL_BUS_POWER_Pin, GPIO_PIN_RESET);
  79:Src/gpio.c    ****   HAL_GPIO_WritePin(GPIOD, CHIP_SELECT_01_Pin|CHIP_SELECT_02_Pin|CHIP_SELECT_03_Pin|CHIP_SELECT_04_
 244              		.loc 1 79 3 view .LVU62
 245 012a 0122     		movs	r2, #1
 246 012c 4AF20301 		movw	r1, #40963
 247 0130 6C48     		ldr	r0, .L3+12
 248 0132 FFF7FEFF 		bl	HAL_GPIO_WritePin
 249              	.LVL11:
  80:Src/gpio.c    **** 
  81:Src/gpio.c    ****   /*Configure GPIO pin Output Level */
  82:Src/gpio.c    ****   HAL_GPIO_WritePin(GPIOG, BLE_POWER_CTRL_Pin|BLE_MODE_CTRL_Pin|BT_CTRL_Pin, GPIO_PIN_RESET);
 250              		.loc 1 82 3 view .LVU63
 251 0136 DFF8C081 		ldr	r8, .L3+32
 252 013a 2246     		mov	r2, r4
 253 013c E021     		movs	r1, #224
 254 013e 4046     		mov	r0, r8
 255 0140 FFF7FEFF 		bl	HAL_GPIO_WritePin
 256              	.LVL12:
  83:Src/gpio.c    ****   HAL_GPIO_WritePin(GPIOG, H_T_POWER_CTRL_Pin, GPIO_PIN_SET);     /*close broadcast*/
 257              		.loc 1 83 3 view .LVU64
 258 0144 0122     		movs	r2, #1
 259 0146 0821     		movs	r1, #8
 260 0148 4046     		mov	r0, r8
ARM GAS  C:\Users\123\AppData\Local\Temp\ccRwPEdO.s 			page 7


 261 014a FFF7FEFF 		bl	HAL_GPIO_WritePin
 262              	.LVL13:
  84:Src/gpio.c    ****   /*Configure GPIO pins : PEPin PEPin PEPin PEPin 
  85:Src/gpio.c    ****                            PEPin PEPin PEPin */
  86:Src/gpio.c    ****   GPIO_InitStruct.Pin = IOT_RESET_H_Pin|IOT_POWER_KEY_Pin|IOT_EN_Pin|GOODS_ENA_Pin 
 263              		.loc 1 86 3 view .LVU65
 264              		.loc 1 86 23 is_stmt 0 view .LVU66
 265 014e 41F66543 		movw	r3, #7269
 266 0152 0993     		str	r3, [sp, #36]
  87:Src/gpio.c    ****                           |GOODS_ENB_Pin|SPI_CS_Pin|GOODS_POWER_CTRL_Pin;
  88:Src/gpio.c    ****   GPIO_InitStruct.Mode = GPIO_MODE_OUTPUT_PP;
 267              		.loc 1 88 3 is_stmt 1 view .LVU67
 268              		.loc 1 88 24 is_stmt 0 view .LVU68
 269 0154 0125     		movs	r5, #1
 270 0156 0A95     		str	r5, [sp, #40]
  89:Src/gpio.c    ****   GPIO_InitStruct.Pull = GPIO_NOPULL;
 271              		.loc 1 89 3 is_stmt 1 view .LVU69
 272              		.loc 1 89 24 is_stmt 0 view .LVU70
 273 0158 0B94     		str	r4, [sp, #44]
  90:Src/gpio.c    ****   GPIO_InitStruct.Speed = GPIO_SPEED_FREQ_LOW;
 274              		.loc 1 90 3 is_stmt 1 view .LVU71
 275              		.loc 1 90 25 is_stmt 0 view .LVU72
 276 015a 0C94     		str	r4, [sp, #48]
  91:Src/gpio.c    ****   HAL_GPIO_Init(GPIOE, &GPIO_InitStruct);
 277              		.loc 1 91 3 is_stmt 1 view .LVU73
 278 015c 09A9     		add	r1, sp, #36
 279 015e 3846     		mov	r0, r7
 280 0160 FFF7FEFF 		bl	HAL_GPIO_Init
 281              	.LVL14:
  92:Src/gpio.c    **** 
  93:Src/gpio.c    ****   /*Configure GPIO pin : PtPin */
  94:Src/gpio.c    ****   GPIO_InitStruct.Pin = SMBUS1_INT_Pin;
 282              		.loc 1 94 3 view .LVU74
 283              		.loc 1 94 23 is_stmt 0 view .LVU75
 284 0164 4FF0080A 		mov	r10, #8
 285 0168 CDF824A0 		str	r10, [sp, #36]
  95:Src/gpio.c    ****   GPIO_InitStruct.Mode = GPIO_MODE_IT_RISING;
 286              		.loc 1 95 3 is_stmt 1 view .LVU76
 287              		.loc 1 95 24 is_stmt 0 view .LVU77
 288 016c 5E4B     		ldr	r3, .L3+16
 289 016e 0A93     		str	r3, [sp, #40]
  96:Src/gpio.c    ****   GPIO_InitStruct.Pull = GPIO_NOPULL;
 290              		.loc 1 96 3 is_stmt 1 view .LVU78
 291              		.loc 1 96 24 is_stmt 0 view .LVU79
 292 0170 0B94     		str	r4, [sp, #44]
  97:Src/gpio.c    ****   HAL_GPIO_Init(SMBUS1_INT_GPIO_Port, &GPIO_InitStruct);
 293              		.loc 1 97 3 is_stmt 1 view .LVU80
 294 0172 09A9     		add	r1, sp, #36
 295 0174 3846     		mov	r0, r7
 296 0176 FFF7FEFF 		bl	HAL_GPIO_Init
 297              	.LVL15:
  98:Src/gpio.c    **** 
  99:Src/gpio.c    ****   /*Configure GPIO pins : PEPin PEPin PEPin PEPin */
 100:Src/gpio.c    ****   GPIO_InitStruct.Pin = IOT_STATUS_Pin|GOODS_A5_Pin|GOODS_A6_Pin|GOODS_A7_Pin;
 298              		.loc 1 100 3 view .LVU81
 299              		.loc 1 100 23 is_stmt 0 view .LVU82
 300 017a 4FF46473 		mov	r3, #912
ARM GAS  C:\Users\123\AppData\Local\Temp\ccRwPEdO.s 			page 8


 301 017e 0993     		str	r3, [sp, #36]
 101:Src/gpio.c    ****   GPIO_InitStruct.Mode = GPIO_MODE_INPUT;
 302              		.loc 1 101 3 is_stmt 1 view .LVU83
 303              		.loc 1 101 24 is_stmt 0 view .LVU84
 304 0180 0A94     		str	r4, [sp, #40]
 102:Src/gpio.c    ****   GPIO_InitStruct.Pull = GPIO_NOPULL;
 305              		.loc 1 102 3 is_stmt 1 view .LVU85
 306              		.loc 1 102 24 is_stmt 0 view .LVU86
 307 0182 0B94     		str	r4, [sp, #44]
 103:Src/gpio.c    ****   HAL_GPIO_Init(GPIOE, &GPIO_InitStruct);
 308              		.loc 1 103 3 is_stmt 1 view .LVU87
 309 0184 09A9     		add	r1, sp, #36
 310 0186 3846     		mov	r0, r7
 311 0188 FFF7FEFF 		bl	HAL_GPIO_Init
 312              	.LVL16:
 104:Src/gpio.c    **** 
 105:Src/gpio.c    ****   /*Configure GPIO pins : PFPin PFPin PFPin PFPin 
 106:Src/gpio.c    ****                            PFPin */
 107:Src/gpio.c    ****   GPIO_InitStruct.Pin = SMBUS1_SDA_Pin|SMBUS1_SCL_Pin|BAT_VOLTAGE_COM_ON_Pin|DETECT_DC12V_EN_Pin 
 313              		.loc 1 107 3 view .LVU88
 314              		.loc 1 107 23 is_stmt 0 view .LVU89
 315 018c 41F60323 		movw	r3, #6659
 316 0190 0993     		str	r3, [sp, #36]
 108:Src/gpio.c    ****                           |LED_RUN_Pin;
 109:Src/gpio.c    ****   GPIO_InitStruct.Mode = GPIO_MODE_OUTPUT_PP;
 317              		.loc 1 109 3 is_stmt 1 view .LVU90
 318              		.loc 1 109 24 is_stmt 0 view .LVU91
 319 0192 0A95     		str	r5, [sp, #40]
 110:Src/gpio.c    ****   GPIO_InitStruct.Pull = GPIO_NOPULL;
 320              		.loc 1 110 3 is_stmt 1 view .LVU92
 321              		.loc 1 110 24 is_stmt 0 view .LVU93
 322 0194 0B94     		str	r4, [sp, #44]
 111:Src/gpio.c    ****   GPIO_InitStruct.Speed = GPIO_SPEED_FREQ_LOW;
 323              		.loc 1 111 3 is_stmt 1 view .LVU94
 324              		.loc 1 111 25 is_stmt 0 view .LVU95
 325 0196 0C94     		str	r4, [sp, #48]
 112:Src/gpio.c    ****   HAL_GPIO_Init(GPIOF, &GPIO_InitStruct);
 326              		.loc 1 112 3 is_stmt 1 view .LVU96
 327 0198 09A9     		add	r1, sp, #36
 328 019a 5846     		mov	r0, fp
 329 019c FFF7FEFF 		bl	HAL_GPIO_Init
 330              	.LVL17:
 113:Src/gpio.c    **** 
 114:Src/gpio.c    ****   /*Configure GPIO pin : PtPin */
 115:Src/gpio.c    ****   GPIO_InitStruct.Pin = VIBRATION_INT_Pin;
 331              		.loc 1 115 3 view .LVU97
 332              		.loc 1 115 23 is_stmt 0 view .LVU98
 333 01a0 0427     		movs	r7, #4
 334 01a2 0997     		str	r7, [sp, #36]
 116:Src/gpio.c    ****   GPIO_InitStruct.Mode = GPIO_MODE_IT_RISING;
 335              		.loc 1 116 3 is_stmt 1 view .LVU99
 336              		.loc 1 116 24 is_stmt 0 view .LVU100
 337 01a4 504B     		ldr	r3, .L3+16
 338 01a6 0A93     		str	r3, [sp, #40]
 117:Src/gpio.c    ****   GPIO_InitStruct.Pull = GPIO_NOPULL;
 339              		.loc 1 117 3 is_stmt 1 view .LVU101
 340              		.loc 1 117 24 is_stmt 0 view .LVU102
ARM GAS  C:\Users\123\AppData\Local\Temp\ccRwPEdO.s 			page 9


 341 01a8 0B94     		str	r4, [sp, #44]
 118:Src/gpio.c    ****   HAL_GPIO_Init(VIBRATION_INT_GPIO_Port, &GPIO_InitStruct);
 342              		.loc 1 118 3 is_stmt 1 view .LVU103
 343 01aa 09A9     		add	r1, sp, #36
 344 01ac 3046     		mov	r0, r6
 345 01ae FFF7FEFF 		bl	HAL_GPIO_Init
 346              	.LVL18:
 119:Src/gpio.c    **** 
 120:Src/gpio.c    ****   /*Configure GPIO pins : PAPin PAPin */
 121:Src/gpio.c    ****   GPIO_InitStruct.Pin = SMBUS0_INT_Pin;
 347              		.loc 1 121 3 view .LVU104
 348              		.loc 1 121 23 is_stmt 0 view .LVU105
 349 01b2 2023     		movs	r3, #32
 350 01b4 0993     		str	r3, [sp, #36]
 122:Src/gpio.c    ****   GPIO_InitStruct.Mode = GPIO_MODE_IT_RISING;
 351              		.loc 1 122 3 is_stmt 1 view .LVU106
 352              		.loc 1 122 24 is_stmt 0 view .LVU107
 353 01b6 4C4B     		ldr	r3, .L3+16
 354 01b8 0A93     		str	r3, [sp, #40]
 123:Src/gpio.c    ****   GPIO_InitStruct.Pull = GPIO_NOPULL;
 355              		.loc 1 123 3 is_stmt 1 view .LVU108
 356              		.loc 1 123 24 is_stmt 0 view .LVU109
 357 01ba 0B94     		str	r4, [sp, #44]
 124:Src/gpio.c    ****   HAL_GPIO_Init(GPIOA, &GPIO_InitStruct);
 358              		.loc 1 124 3 is_stmt 1 view .LVU110
 359 01bc 09A9     		add	r1, sp, #36
 360 01be 4FF09040 		mov	r0, #1207959552
 361 01c2 FFF7FEFF 		bl	HAL_GPIO_Init
 362              	.LVL19:
 125:Src/gpio.c    **** 
 126:Src/gpio.c    ****   GPIO_InitStruct.Pin = CONN_IND_Pin;
 363              		.loc 1 126 3 view .LVU111
 364              		.loc 1 126 23 is_stmt 0 view .LVU112
 365 01c6 0995     		str	r5, [sp, #36]
 127:Src/gpio.c    ****   GPIO_InitStruct.Mode = GPIO_MODE_IT_RISING_FALLING;
 366              		.loc 1 127 3 is_stmt 1 view .LVU113
 367              		.loc 1 127 24 is_stmt 0 view .LVU114
 368 01c8 484B     		ldr	r3, .L3+20
 369 01ca 0A93     		str	r3, [sp, #40]
 128:Src/gpio.c    ****   GPIO_InitStruct.Pull = GPIO_NOPULL;
 370              		.loc 1 128 3 is_stmt 1 view .LVU115
 371              		.loc 1 128 24 is_stmt 0 view .LVU116
 372 01cc 0B94     		str	r4, [sp, #44]
 129:Src/gpio.c    ****   HAL_GPIO_Init(GPIOA, &GPIO_InitStruct);
 373              		.loc 1 129 3 is_stmt 1 view .LVU117
 374 01ce 09A9     		add	r1, sp, #36
 375 01d0 4FF09040 		mov	r0, #1207959552
 376 01d4 FFF7FEFF 		bl	HAL_GPIO_Init
 377              	.LVL20:
 130:Src/gpio.c    ****   /*Configure GPIO pins : PAPin PAPin PAPin PAPin */
 131:Src/gpio.c    ****   GPIO_InitStruct.Pin = RS485_EN_Pin|SMBUS0_SDA_Pin|SMBUS0_SCL_Pin|LOCK_EN_Pin;
 378              		.loc 1 131 3 view .LVU118
 379              		.loc 1 131 23 is_stmt 0 view .LVU119
 380 01d8 D223     		movs	r3, #210
 381 01da 0993     		str	r3, [sp, #36]
 132:Src/gpio.c    ****   GPIO_InitStruct.Mode = GPIO_MODE_OUTPUT_PP;
 382              		.loc 1 132 3 is_stmt 1 view .LVU120
ARM GAS  C:\Users\123\AppData\Local\Temp\ccRwPEdO.s 			page 10


 383              		.loc 1 132 24 is_stmt 0 view .LVU121
 384 01dc 0A95     		str	r5, [sp, #40]
 133:Src/gpio.c    ****   GPIO_InitStruct.Pull = GPIO_NOPULL;
 385              		.loc 1 133 3 is_stmt 1 view .LVU122
 386              		.loc 1 133 24 is_stmt 0 view .LVU123
 387 01de 0B94     		str	r4, [sp, #44]
 134:Src/gpio.c    ****   GPIO_InitStruct.Speed = GPIO_SPEED_FREQ_LOW;
 388              		.loc 1 134 3 is_stmt 1 view .LVU124
 389              		.loc 1 134 25 is_stmt 0 view .LVU125
 390 01e0 0C94     		str	r4, [sp, #48]
 135:Src/gpio.c    ****   HAL_GPIO_Init(GPIOA, &GPIO_InitStruct);
 391              		.loc 1 135 3 is_stmt 1 view .LVU126
 392 01e2 09A9     		add	r1, sp, #36
 393 01e4 4FF09040 		mov	r0, #1207959552
 394 01e8 FFF7FEFF 		bl	HAL_GPIO_Init
 395              	.LVL21:
 136:Src/gpio.c    **** 
 137:Src/gpio.c    ****   /*Configure GPIO pins : PCPin PCPin PCPin PCPin */
 138:Src/gpio.c    ****   GPIO_InitStruct.Pin = INFRARED_EN_Pin|LOCK_DC12V_EN_Pin|BLE_RESET_Pin|LED_DC12V_EN_Pin|OPAMP_POWE
 396              		.loc 1 138 3 view .LVU127
 397              		.loc 1 138 23 is_stmt 0 view .LVU128
 398 01ec 4FF44B63 		mov	r3, #3248
 399 01f0 0993     		str	r3, [sp, #36]
 139:Src/gpio.c    ****   GPIO_InitStruct.Mode = GPIO_MODE_OUTPUT_PP;
 400              		.loc 1 139 3 is_stmt 1 view .LVU129
 401              		.loc 1 139 24 is_stmt 0 view .LVU130
 402 01f2 0A95     		str	r5, [sp, #40]
 140:Src/gpio.c    ****   GPIO_InitStruct.Pull = GPIO_NOPULL;
 403              		.loc 1 140 3 is_stmt 1 view .LVU131
 404              		.loc 1 140 24 is_stmt 0 view .LVU132
 405 01f4 0B94     		str	r4, [sp, #44]
 141:Src/gpio.c    ****   GPIO_InitStruct.Speed = GPIO_SPEED_FREQ_LOW;
 406              		.loc 1 141 3 is_stmt 1 view .LVU133
 407              		.loc 1 141 25 is_stmt 0 view .LVU134
 408 01f6 0C94     		str	r4, [sp, #48]
 142:Src/gpio.c    ****   HAL_GPIO_Init(GPIOC, &GPIO_InitStruct);
 409              		.loc 1 142 3 is_stmt 1 view .LVU135
 410 01f8 09A9     		add	r1, sp, #36
 411 01fa 3046     		mov	r0, r6
 412 01fc FFF7FEFF 		bl	HAL_GPIO_Init
 413              	.LVL22:
 143:Src/gpio.c    **** 
 144:Src/gpio.c    ****   /*Configure GPIO pins : PBPin PBPin PBPin PBPin 
 145:Src/gpio.c    ****                            PBPin PBPin PBPin PBPin 
 146:Src/gpio.c    ****                            PBPin PBPin */
 147:Src/gpio.c    ****   GPIO_InitStruct.Pin = BAT_V_ADC_EN_Pin|GOODS_ENC_Pin|CTRL_BUS_A7_Pin|CTRL_BUS_A6_Pin 
 414              		.loc 1 147 3 view .LVU136
 415              		.loc 1 147 23 is_stmt 0 view .LVU137
 416 0200 4FF2E133 		movw	r3, #62433
 417 0204 0993     		str	r3, [sp, #36]
 148:Src/gpio.c    ****                           |CTRL_BUS_A5_Pin|DONE_Pin|GOODS_END_Pin|GOODS_ENE_Pin 
 149:Src/gpio.c    ****                           |GOODS_ENF_Pin|POWER_5V_CTRL_Pin;
 150:Src/gpio.c    ****   GPIO_InitStruct.Mode = GPIO_MODE_OUTPUT_PP;
 418              		.loc 1 150 3 is_stmt 1 view .LVU138
 419              		.loc 1 150 24 is_stmt 0 view .LVU139
 420 0206 0A95     		str	r5, [sp, #40]
 151:Src/gpio.c    ****   GPIO_InitStruct.Pull = GPIO_NOPULL;
ARM GAS  C:\Users\123\AppData\Local\Temp\ccRwPEdO.s 			page 11


 421              		.loc 1 151 3 is_stmt 1 view .LVU140
 422              		.loc 1 151 24 is_stmt 0 view .LVU141
 423 0208 0B94     		str	r4, [sp, #44]
 152:Src/gpio.c    ****   GPIO_InitStruct.Speed = GPIO_SPEED_FREQ_LOW;
 424              		.loc 1 152 3 is_stmt 1 view .LVU142
 425              		.loc 1 152 25 is_stmt 0 view .LVU143
 426 020a 0C94     		str	r4, [sp, #48]
 153:Src/gpio.c    ****   HAL_GPIO_Init(GPIOB, &GPIO_InitStruct);
 427              		.loc 1 153 3 is_stmt 1 view .LVU144
 428 020c 09A9     		add	r1, sp, #36
 429 020e 4846     		mov	r0, r9
 430 0210 FFF7FEFF 		bl	HAL_GPIO_Init
 431              	.LVL23:
 154:Src/gpio.c    **** 
 155:Src/gpio.c    ****   /*Configure GPIO pin : PtPin */
 156:Src/gpio.c    ****   GPIO_InitStruct.Pin = DETECT_DC12V_Pin;
 432              		.loc 1 156 3 view .LVU145
 433              		.loc 1 156 23 is_stmt 0 view .LVU146
 434 0214 0997     		str	r7, [sp, #36]
 157:Src/gpio.c    ****   GPIO_InitStruct.Mode = GPIO_MODE_INPUT;
 435              		.loc 1 157 3 is_stmt 1 view .LVU147
 436              		.loc 1 157 24 is_stmt 0 view .LVU148
 437 0216 0A94     		str	r4, [sp, #40]
 158:Src/gpio.c    ****   GPIO_InitStruct.Pull = GPIO_NOPULL;
 438              		.loc 1 158 3 is_stmt 1 view .LVU149
 439              		.loc 1 158 24 is_stmt 0 view .LVU150
 440 0218 0B94     		str	r4, [sp, #44]
 159:Src/gpio.c    ****   HAL_GPIO_Init(DETECT_DC12V_GPIO_Port, &GPIO_InitStruct);
 441              		.loc 1 159 3 is_stmt 1 view .LVU151
 442 021a 09A9     		add	r1, sp, #36
 443 021c 4846     		mov	r0, r9
 444 021e FFF7FEFF 		bl	HAL_GPIO_Init
 445              	.LVL24:
 160:Src/gpio.c    **** 
 161:Src/gpio.c    ****   /*Configure GPIO pins : PFPin PFPin PFPin */
 162:Src/gpio.c    ****   GPIO_InitStruct.Pin = GOODS_A0_Pin|GOODS_A1_Pin|GOODS_A2_Pin;
 446              		.loc 1 162 3 view .LVU152
 447              		.loc 1 162 23 is_stmt 0 view .LVU153
 448 0222 4FF46043 		mov	r3, #57344
 449 0226 0993     		str	r3, [sp, #36]
 163:Src/gpio.c    ****   GPIO_InitStruct.Mode = GPIO_MODE_INPUT;
 450              		.loc 1 163 3 is_stmt 1 view .LVU154
 451              		.loc 1 163 24 is_stmt 0 view .LVU155
 452 0228 0A94     		str	r4, [sp, #40]
 164:Src/gpio.c    ****   GPIO_InitStruct.Pull = GPIO_NOPULL;
 453              		.loc 1 164 3 is_stmt 1 view .LVU156
 454              		.loc 1 164 24 is_stmt 0 view .LVU157
 455 022a 0B94     		str	r4, [sp, #44]
 165:Src/gpio.c    ****   HAL_GPIO_Init(GPIOF, &GPIO_InitStruct);
 456              		.loc 1 165 3 is_stmt 1 view .LVU158
 457 022c 09A9     		add	r1, sp, #36
 458 022e 5846     		mov	r0, fp
 459 0230 FFF7FEFF 		bl	HAL_GPIO_Init
 460              	.LVL25:
 166:Src/gpio.c    **** 
 167:Src/gpio.c    ****   /*Configure GPIO pins : PGPin PGPin PGPin PGPin 
 168:Src/gpio.c    ****                            PGPin */
ARM GAS  C:\Users\123\AppData\Local\Temp\ccRwPEdO.s 			page 12


 169:Src/gpio.c    ****   GPIO_InitStruct.Pin = GOODS_A3_Pin|GOODS_A4_Pin|TEMP_Pin|HUMI_Pin 
 461              		.loc 1 169 3 view .LVU159
 462              		.loc 1 169 23 is_stmt 0 view .LVU160
 463 0234 40F21713 		movw	r3, #279
 464 0238 0993     		str	r3, [sp, #36]
 170:Src/gpio.c    ****                           |PWR_IND_Pin;
 171:Src/gpio.c    ****   GPIO_InitStruct.Mode = GPIO_MODE_INPUT;
 465              		.loc 1 171 3 is_stmt 1 view .LVU161
 466              		.loc 1 171 24 is_stmt 0 view .LVU162
 467 023a 0A94     		str	r4, [sp, #40]
 172:Src/gpio.c    ****   GPIO_InitStruct.Pull = GPIO_NOPULL;
 468              		.loc 1 172 3 is_stmt 1 view .LVU163
 469              		.loc 1 172 24 is_stmt 0 view .LVU164
 470 023c 0B94     		str	r4, [sp, #44]
 173:Src/gpio.c    ****   HAL_GPIO_Init(GPIOG, &GPIO_InitStruct);
 471              		.loc 1 173 3 is_stmt 1 view .LVU165
 472 023e 09A9     		add	r1, sp, #36
 473 0240 4046     		mov	r0, r8
 474 0242 FFF7FEFF 		bl	HAL_GPIO_Init
 475              	.LVL26:
 174:Src/gpio.c    **** 
 175:Src/gpio.c    ****   /*Configure GPIO pins : PDPin PDPin PDPin PDPin 
 176:Src/gpio.c    ****                            PDPin PDPin PDPin PDPin 
 177:Src/gpio.c    ****                            PDPin PDPin */
 178:Src/gpio.c    ****   GPIO_InitStruct.Pin = CTRL_BUS_A4_Pin|CTRL_BUS_A3_Pin|CTRL_BUS_A2_Pin|CTRL_BUS_A1_Pin 
 476              		.loc 1 178 3 view .LVU166
 477              		.loc 1 178 23 is_stmt 0 view .LVU167
 478 0246 4FF60373 		movw	r3, #65283
 479 024a 0993     		str	r3, [sp, #36]
 179:Src/gpio.c    ****                           |CTRL_BUS_A0_Pin|CHIP_SELECT_01_Pin|CTRL_BUS_POWER_Pin|CHIP_SELECT_02_Pin
 180:Src/gpio.c    ****                           |CHIP_SELECT_03_Pin|CHIP_SELECT_04_Pin;
 181:Src/gpio.c    ****   GPIO_InitStruct.Mode = GPIO_MODE_OUTPUT_PP;
 480              		.loc 1 181 3 is_stmt 1 view .LVU168
 481              		.loc 1 181 24 is_stmt 0 view .LVU169
 482 024c 0A95     		str	r5, [sp, #40]
 182:Src/gpio.c    ****   GPIO_InitStruct.Pull = GPIO_NOPULL;
 483              		.loc 1 182 3 is_stmt 1 view .LVU170
 484              		.loc 1 182 24 is_stmt 0 view .LVU171
 485 024e 0B94     		str	r4, [sp, #44]
 183:Src/gpio.c    ****   GPIO_InitStruct.Speed = GPIO_SPEED_FREQ_LOW;
 486              		.loc 1 183 3 is_stmt 1 view .LVU172
 487              		.loc 1 183 25 is_stmt 0 view .LVU173
 488 0250 0C94     		str	r4, [sp, #48]
 184:Src/gpio.c    ****   HAL_GPIO_Init(GPIOD, &GPIO_InitStruct);
 489              		.loc 1 184 3 is_stmt 1 view .LVU174
 490 0252 09A9     		add	r1, sp, #36
 491 0254 2348     		ldr	r0, .L3+12
 492 0256 FFF7FEFF 		bl	HAL_GPIO_Init
 493              	.LVL27:
 185:Src/gpio.c    **** 
 186:Src/gpio.c    ****   /*Configure GPIO pins : PGPin PGPin PGPin PGPin */
 187:Src/gpio.c    ****   GPIO_InitStruct.Pin = H_T_POWER_CTRL_Pin|BT_CTRL_Pin|BLE_POWER_CTRL_Pin|BLE_MODE_CTRL_Pin;
 494              		.loc 1 187 3 view .LVU175
 495              		.loc 1 187 23 is_stmt 0 view .LVU176
 496 025a E823     		movs	r3, #232
 497 025c 0993     		str	r3, [sp, #36]
 188:Src/gpio.c    ****   GPIO_InitStruct.Mode = GPIO_MODE_OUTPUT_PP;
ARM GAS  C:\Users\123\AppData\Local\Temp\ccRwPEdO.s 			page 13


 498              		.loc 1 188 3 is_stmt 1 view .LVU177
 499              		.loc 1 188 24 is_stmt 0 view .LVU178
 500 025e 0A95     		str	r5, [sp, #40]
 189:Src/gpio.c    ****   GPIO_InitStruct.Pull = GPIO_NOPULL;
 501              		.loc 1 189 3 is_stmt 1 view .LVU179
 502              		.loc 1 189 24 is_stmt 0 view .LVU180
 503 0260 0B94     		str	r4, [sp, #44]
 190:Src/gpio.c    ****   GPIO_InitStruct.Speed = GPIO_SPEED_FREQ_LOW;
 504              		.loc 1 190 3 is_stmt 1 view .LVU181
 505              		.loc 1 190 25 is_stmt 0 view .LVU182
 506 0262 0C94     		str	r4, [sp, #48]
 191:Src/gpio.c    ****   HAL_GPIO_Init(GPIOG, &GPIO_InitStruct);
 507              		.loc 1 191 3 is_stmt 1 view .LVU183
 508 0264 09A9     		add	r1, sp, #36
 509 0266 4046     		mov	r0, r8
 510 0268 FFF7FEFF 		bl	HAL_GPIO_Init
 511              	.LVL28:
 192:Src/gpio.c    **** 
 193:Src/gpio.c    ****   /*Configure GPIO pins : PCPin PCPin PCPin */
 194:Src/gpio.c    ****   GPIO_InitStruct.Pin = DOUT_IND_Pin|BUSY_IND_Pin|BCD1_IN8_Pin;
 512              		.loc 1 194 3 view .LVU184
 513              		.loc 1 194 23 is_stmt 0 view .LVU185
 514 026c 4FF45073 		mov	r3, #832
 515 0270 0993     		str	r3, [sp, #36]
 195:Src/gpio.c    ****   GPIO_InitStruct.Mode = GPIO_MODE_INPUT;
 516              		.loc 1 195 3 is_stmt 1 view .LVU186
 517              		.loc 1 195 24 is_stmt 0 view .LVU187
 518 0272 0A94     		str	r4, [sp, #40]
 196:Src/gpio.c    ****   GPIO_InitStruct.Pull = GPIO_NOPULL;
 519              		.loc 1 196 3 is_stmt 1 view .LVU188
 520              		.loc 1 196 24 is_stmt 0 view .LVU189
 521 0274 0B94     		str	r4, [sp, #44]
 197:Src/gpio.c    ****   HAL_GPIO_Init(GPIOC, &GPIO_InitStruct);
 522              		.loc 1 197 3 is_stmt 1 view .LVU190
 523 0276 09A9     		add	r1, sp, #36
 524 0278 3046     		mov	r0, r6
 525 027a FFF7FEFF 		bl	HAL_GPIO_Init
 526              	.LVL29:
 198:Src/gpio.c    **** 
 199:Src/gpio.c    ****   /*Configure GPIO pins : PAPin PAPin PAPin */
 200:Src/gpio.c    ****   GPIO_InitStruct.Pin = BCD1_IN4_Pin|BCD1_IN2_Pin|BCD1_IN1_Pin;
 527              		.loc 1 200 3 view .LVU191
 528              		.loc 1 200 23 is_stmt 0 view .LVU192
 529 027e 4FF4E063 		mov	r3, #1792
 530 0282 0993     		str	r3, [sp, #36]
 201:Src/gpio.c    ****   GPIO_InitStruct.Mode = GPIO_MODE_INPUT;
 531              		.loc 1 201 3 is_stmt 1 view .LVU193
 532              		.loc 1 201 24 is_stmt 0 view .LVU194
 533 0284 0A94     		str	r4, [sp, #40]
 202:Src/gpio.c    ****   GPIO_InitStruct.Pull = GPIO_NOPULL;
 534              		.loc 1 202 3 is_stmt 1 view .LVU195
 535              		.loc 1 202 24 is_stmt 0 view .LVU196
 536 0286 0B94     		str	r4, [sp, #44]
 203:Src/gpio.c    ****   HAL_GPIO_Init(GPIOA, &GPIO_InitStruct);
 537              		.loc 1 203 3 is_stmt 1 view .LVU197
 538 0288 09A9     		add	r1, sp, #36
 539 028a 4FF09040 		mov	r0, #1207959552
ARM GAS  C:\Users\123\AppData\Local\Temp\ccRwPEdO.s 			page 14


 540 028e FFF7FEFF 		bl	HAL_GPIO_Init
 541              	.LVL30:
 204:Src/gpio.c    **** 
 205:Src/gpio.c    ****   /* EXTI interrupt init*/
 206:Src/gpio.c    ****   HAL_NVIC_SetPriority(EXTI0_IRQn, 0, 0);
 542              		.loc 1 206 3 view .LVU198
 543 0292 2246     		mov	r2, r4
 544 0294 2146     		mov	r1, r4
 545 0296 0620     		movs	r0, #6
 546 0298 FFF7FEFF 		bl	HAL_NVIC_SetPriority
 547              	.LVL31:
 207:Src/gpio.c    ****   HAL_NVIC_EnableIRQ(EXTI0_IRQn);
 548              		.loc 1 207 3 view .LVU199
 549 029c 0620     		movs	r0, #6
 550 029e FFF7FEFF 		bl	HAL_NVIC_EnableIRQ
 551              	.LVL32:
 208:Src/gpio.c    **** 
 209:Src/gpio.c    ****   HAL_NVIC_SetPriority(EXTI2_IRQn, 0, 0);
 552              		.loc 1 209 3 view .LVU200
 553 02a2 2246     		mov	r2, r4
 554 02a4 2146     		mov	r1, r4
 555 02a6 5046     		mov	r0, r10
 556 02a8 FFF7FEFF 		bl	HAL_NVIC_SetPriority
 557              	.LVL33:
 210:Src/gpio.c    ****   HAL_NVIC_EnableIRQ(EXTI2_IRQn);
 558              		.loc 1 210 3 view .LVU201
 559 02ac 5046     		mov	r0, r10
 560 02ae FFF7FEFF 		bl	HAL_NVIC_EnableIRQ
 561              	.LVL34:
 211:Src/gpio.c    **** 
 212:Src/gpio.c    ****   HAL_NVIC_SetPriority(EXTI3_IRQn, 0, 0);
 562              		.loc 1 212 3 view .LVU202
 563 02b2 2246     		mov	r2, r4
 564 02b4 2146     		mov	r1, r4
 565 02b6 0920     		movs	r0, #9
 566 02b8 FFF7FEFF 		bl	HAL_NVIC_SetPriority
 567              	.LVL35:
 213:Src/gpio.c    ****   HAL_NVIC_EnableIRQ(EXTI3_IRQn);
 568              		.loc 1 213 3 view .LVU203
 569 02bc 0920     		movs	r0, #9
 570 02be FFF7FEFF 		bl	HAL_NVIC_EnableIRQ
 571              	.LVL36:
 214:Src/gpio.c    **** 
 215:Src/gpio.c    ****   HAL_NVIC_SetPriority(EXTI9_5_IRQn, 0, 0);
 572              		.loc 1 215 3 view .LVU204
 573 02c2 2246     		mov	r2, r4
 574 02c4 2146     		mov	r1, r4
 575 02c6 1720     		movs	r0, #23
 576 02c8 FFF7FEFF 		bl	HAL_NVIC_SetPriority
 577              	.LVL37:
 216:Src/gpio.c    ****   HAL_NVIC_EnableIRQ(EXTI9_5_IRQn);
 578              		.loc 1 216 3 view .LVU205
 579 02cc 1720     		movs	r0, #23
 580 02ce FFF7FEFF 		bl	HAL_NVIC_EnableIRQ
 581              	.LVL38:
 217:Src/gpio.c    **** }
 582              		.loc 1 217 1 is_stmt 0 view .LVU206
ARM GAS  C:\Users\123\AppData\Local\Temp\ccRwPEdO.s 			page 15


 583 02d2 0FB0     		add	sp, sp, #60
 584              	.LCFI2:
 585              		.cfi_def_cfa_offset 36
 586              		@ sp needed
 587 02d4 BDE8F08F 		pop	{r4, r5, r6, r7, r8, r9, r10, fp, pc}
 588              	.L4:
 589              		.align	2
 590              	.L3:
 591 02d8 00100240 		.word	1073876992
 592 02dc 00100048 		.word	1207963648
 593 02e0 00080048 		.word	1207961600
 594 02e4 000C0048 		.word	1207962624
 595 02e8 00001110 		.word	269549568
 596 02ec 00003110 		.word	271646720
 597 02f0 00140048 		.word	1207964672
 598 02f4 00040048 		.word	1207960576
 599 02f8 00180048 		.word	1207965696
 600              		.cfi_endproc
 601              	.LFE316:
 603              		.section	.text.init_pcf85263_interrupt,"ax",%progbits
 604              		.align	1
 605              		.global	init_pcf85263_interrupt
 606              		.syntax unified
 607              		.thumb
 608              		.thumb_func
 609              		.fpu fpv4-sp-d16
 611              	init_pcf85263_interrupt:
 612              	.LFB317:
 218:Src/gpio.c    **** 
 219:Src/gpio.c    **** /* USER CODE BEGIN 2 */
 220:Src/gpio.c    **** void init_pcf85263_interrupt(void)
 221:Src/gpio.c    **** {
 613              		.loc 1 221 1 is_stmt 1 view -0
 614              		.cfi_startproc
 615              		@ args = 0, pretend = 0, frame = 24
 616              		@ frame_needed = 0, uses_anonymous_args = 0
 617 0000 00B5     		push	{lr}
 618              	.LCFI3:
 619              		.cfi_def_cfa_offset 4
 620              		.cfi_offset 14, -4
 621 0002 87B0     		sub	sp, sp, #28
 622              	.LCFI4:
 623              		.cfi_def_cfa_offset 32
 222:Src/gpio.c    ****     GPIO_InitTypeDef GPIO_InitStruct = {0};
 624              		.loc 1 222 5 view .LVU208
 625              		.loc 1 222 22 is_stmt 0 view .LVU209
 626 0004 0023     		movs	r3, #0
 627 0006 0493     		str	r3, [sp, #16]
 628 0008 0593     		str	r3, [sp, #20]
 223:Src/gpio.c    ****     /*Configure GPIO pin : PtPin */
 224:Src/gpio.c    ****     GPIO_InitStruct.Pin = PCF85263_INT_Pin;
 629              		.loc 1 224 5 is_stmt 1 view .LVU210
 630              		.loc 1 224 25 is_stmt 0 view .LVU211
 631 000a 4FF48073 		mov	r3, #256
 632 000e 0193     		str	r3, [sp, #4]
 225:Src/gpio.c    ****     GPIO_InitStruct.Mode = GPIO_MODE_IT_FALLING;
 633              		.loc 1 225 5 is_stmt 1 view .LVU212
ARM GAS  C:\Users\123\AppData\Local\Temp\ccRwPEdO.s 			page 16


 634              		.loc 1 225 26 is_stmt 0 view .LVU213
 635 0010 054B     		ldr	r3, .L7
 636 0012 0293     		str	r3, [sp, #8]
 226:Src/gpio.c    ****     GPIO_InitStruct.Pull = GPIO_PULLUP;
 637              		.loc 1 226 5 is_stmt 1 view .LVU214
 638              		.loc 1 226 26 is_stmt 0 view .LVU215
 639 0014 0123     		movs	r3, #1
 640 0016 0393     		str	r3, [sp, #12]
 227:Src/gpio.c    ****     HAL_GPIO_Init(PCF85263_INT_GPIO_Port, &GPIO_InitStruct);
 641              		.loc 1 227 5 is_stmt 1 view .LVU216
 642 0018 01A9     		add	r1, sp, #4
 643 001a 0448     		ldr	r0, .L7+4
 644 001c FFF7FEFF 		bl	HAL_GPIO_Init
 645              	.LVL39:
 228:Src/gpio.c    **** }
 646              		.loc 1 228 1 is_stmt 0 view .LVU217
 647 0020 07B0     		add	sp, sp, #28
 648              	.LCFI5:
 649              		.cfi_def_cfa_offset 4
 650              		@ sp needed
 651 0022 5DF804FB 		ldr	pc, [sp], #4
 652              	.L8:
 653 0026 00BF     		.align	2
 654              	.L7:
 655 0028 00002110 		.word	270598144
 656 002c 00140048 		.word	1207964672
 657              		.cfi_endproc
 658              	.LFE317:
 660              		.text
 661              	.Letext0:
 662              		.file 2 "c:\\program files (x86)\\gnu tools arm embedded\\9 2019-q4-major\\arm-none-eabi\\include\
 663              		.file 3 "c:\\program files (x86)\\gnu tools arm embedded\\9 2019-q4-major\\arm-none-eabi\\include\
 664              		.file 4 "Drivers/CMSIS/Include/core_cm4.h"
 665              		.file 5 "Drivers/CMSIS/Device/ST/STM32L4xx/Include/system_stm32l4xx.h"
 666              		.file 6 "Drivers/CMSIS/Device/ST/STM32L4xx/Include/stm32l471xx.h"
 667              		.file 7 "Drivers/STM32L4xx_HAL_Driver/Inc/stm32l4xx_hal_def.h"
 668              		.file 8 "Drivers/STM32L4xx_HAL_Driver/Inc/stm32l4xx_hal_gpio.h"
 669              		.file 9 "Drivers/STM32L4xx_HAL_Driver/Inc/stm32l4xx_hal_flash.h"
 670              		.file 10 "Drivers/STM32L4xx_HAL_Driver/Inc/stm32l4xx_hal.h"
 671              		.file 11 "c:\\program files (x86)\\gnu tools arm embedded\\9 2019-q4-major\\arm-none-eabi\\include
 672              		.file 12 "c:\\program files (x86)\\gnu tools arm embedded\\9 2019-q4-major\\arm-none-eabi\\include
 673              		.file 13 "c:\\program files (x86)\\gnu tools arm embedded\\9 2019-q4-major\\lib\\gcc\\arm-none-eab
 674              		.file 14 "c:\\program files (x86)\\gnu tools arm embedded\\9 2019-q4-major\\arm-none-eabi\\include
 675              		.file 15 "Inc/main.h"
 676              		.file 16 "Drivers/STM32L4xx_HAL_Driver/Inc/stm32l4xx_hal_pwr_ex.h"
 677              		.file 17 "Drivers/STM32L4xx_HAL_Driver/Inc/stm32l4xx_hal_cortex.h"
ARM GAS  C:\Users\123\AppData\Local\Temp\ccRwPEdO.s 			page 17


DEFINED SYMBOLS
                            *ABS*:00000000 gpio.c
C:\Users\123\AppData\Local\Temp\ccRwPEdO.s:18     .text.MX_GPIO_Init:00000000 $t
C:\Users\123\AppData\Local\Temp\ccRwPEdO.s:26     .text.MX_GPIO_Init:00000000 MX_GPIO_Init
C:\Users\123\AppData\Local\Temp\ccRwPEdO.s:591    .text.MX_GPIO_Init:000002d8 $d
C:\Users\123\AppData\Local\Temp\ccRwPEdO.s:604    .text.init_pcf85263_interrupt:00000000 $t
C:\Users\123\AppData\Local\Temp\ccRwPEdO.s:611    .text.init_pcf85263_interrupt:00000000 init_pcf85263_interrupt
C:\Users\123\AppData\Local\Temp\ccRwPEdO.s:655    .text.init_pcf85263_interrupt:00000028 $d

UNDEFINED SYMBOLS
HAL_PWREx_EnableVddIO2
HAL_GPIO_WritePin
HAL_GPIO_Init
HAL_NVIC_SetPriority
HAL_NVIC_EnableIRQ
