ARM GAS  C:\Users\123\AppData\Local\Temp\cclSIxaW.s 			page 1


   1              		.cpu cortex-m4
   2              		.eabi_attribute 27, 1
   3              		.eabi_attribute 28, 1
   4              		.eabi_attribute 20, 1
   5              		.eabi_attribute 21, 1
   6              		.eabi_attribute 23, 3
   7              		.eabi_attribute 24, 1
   8              		.eabi_attribute 25, 1
   9              		.eabi_attribute 26, 1
  10              		.eabi_attribute 30, 1
  11              		.eabi_attribute 34, 1
  12              		.eabi_attribute 18, 4
  13              		.file	"i2c.c"
  14              		.text
  15              	.Ltext0:
  16              		.cfi_sections	.debug_frame
  17              		.section	.text.MX_I2C3_Init,"ax",%progbits
  18              		.align	1
  19              		.global	MX_I2C3_Init
  20              		.arch armv7e-m
  21              		.syntax unified
  22              		.thumb
  23              		.thumb_func
  24              		.fpu fpv4-sp-d16
  26              	MX_I2C3_Init:
  27              	.LFB316:
  28              		.file 1 "Src/i2c.c"
   1:Src/i2c.c     **** /**
   2:Src/i2c.c     ****   ******************************************************************************
   3:Src/i2c.c     ****   * File Name          : I2C.c
   4:Src/i2c.c     ****   * Description        : This file provides code for the configuration
   5:Src/i2c.c     ****   *                      of the I2C instances.
   6:Src/i2c.c     ****   ******************************************************************************
   7:Src/i2c.c     ****   * @attention
   8:Src/i2c.c     ****   *
   9:Src/i2c.c     ****   * <h2><center>&copy; Copyright (c) 2021 STMicroelectronics.
  10:Src/i2c.c     ****   * All rights reserved.</center></h2>
  11:Src/i2c.c     ****   *
  12:Src/i2c.c     ****   * This software component is licensed by ST under BSD 3-Clause license,
  13:Src/i2c.c     ****   * the "License"; You may not use this file except in compliance with the
  14:Src/i2c.c     ****   * License. You may obtain a copy of the License at:
  15:Src/i2c.c     ****   *                        opensource.org/licenses/BSD-3-Clause
  16:Src/i2c.c     ****   *
  17:Src/i2c.c     ****   ******************************************************************************
  18:Src/i2c.c     ****   */
  19:Src/i2c.c     **** 
  20:Src/i2c.c     **** /* Includes ------------------------------------------------------------------*/
  21:Src/i2c.c     **** #include "i2c.h"
  22:Src/i2c.c     **** 
  23:Src/i2c.c     **** /* USER CODE BEGIN 0 */
  24:Src/i2c.c     **** 
  25:Src/i2c.c     **** /* USER CODE END 0 */
  26:Src/i2c.c     **** 
  27:Src/i2c.c     **** I2C_HandleTypeDef hi2c3;
  28:Src/i2c.c     **** 
  29:Src/i2c.c     **** /* I2C3 init function */
  30:Src/i2c.c     **** void MX_I2C3_Init(void)
ARM GAS  C:\Users\123\AppData\Local\Temp\cclSIxaW.s 			page 2


  31:Src/i2c.c     **** {
  29              		.loc 1 31 1 view -0
  30              		.cfi_startproc
  31              		@ args = 0, pretend = 0, frame = 0
  32              		@ frame_needed = 0, uses_anonymous_args = 0
  33 0000 08B5     		push	{r3, lr}
  34              	.LCFI0:
  35              		.cfi_def_cfa_offset 8
  36              		.cfi_offset 3, -8
  37              		.cfi_offset 14, -4
  32:Src/i2c.c     **** 
  33:Src/i2c.c     ****   hi2c3.Instance = I2C3;
  38              		.loc 1 33 3 view .LVU1
  39              		.loc 1 33 18 is_stmt 0 view .LVU2
  40 0002 1248     		ldr	r0, .L9
  41 0004 124B     		ldr	r3, .L9+4
  42 0006 0360     		str	r3, [r0]
  34:Src/i2c.c     ****   hi2c3.Init.Timing = 0x00909BEB;
  43              		.loc 1 34 3 is_stmt 1 view .LVU3
  44              		.loc 1 34 21 is_stmt 0 view .LVU4
  45 0008 124B     		ldr	r3, .L9+8
  46 000a 4360     		str	r3, [r0, #4]
  35:Src/i2c.c     ****   hi2c3.Init.OwnAddress1 = 0;
  47              		.loc 1 35 3 is_stmt 1 view .LVU5
  48              		.loc 1 35 26 is_stmt 0 view .LVU6
  49 000c 0023     		movs	r3, #0
  50 000e 8360     		str	r3, [r0, #8]
  36:Src/i2c.c     ****   hi2c3.Init.AddressingMode = I2C_ADDRESSINGMODE_7BIT;
  51              		.loc 1 36 3 is_stmt 1 view .LVU7
  52              		.loc 1 36 29 is_stmt 0 view .LVU8
  53 0010 0122     		movs	r2, #1
  54 0012 C260     		str	r2, [r0, #12]
  37:Src/i2c.c     ****   hi2c3.Init.DualAddressMode = I2C_DUALADDRESS_DISABLE;
  55              		.loc 1 37 3 is_stmt 1 view .LVU9
  56              		.loc 1 37 30 is_stmt 0 view .LVU10
  57 0014 0361     		str	r3, [r0, #16]
  38:Src/i2c.c     ****   hi2c3.Init.OwnAddress2 = 0;
  58              		.loc 1 38 3 is_stmt 1 view .LVU11
  59              		.loc 1 38 26 is_stmt 0 view .LVU12
  60 0016 4361     		str	r3, [r0, #20]
  39:Src/i2c.c     ****   hi2c3.Init.OwnAddress2Masks = I2C_OA2_NOMASK;
  61              		.loc 1 39 3 is_stmt 1 view .LVU13
  62              		.loc 1 39 31 is_stmt 0 view .LVU14
  63 0018 8361     		str	r3, [r0, #24]
  40:Src/i2c.c     ****   hi2c3.Init.GeneralCallMode = I2C_GENERALCALL_DISABLE;
  64              		.loc 1 40 3 is_stmt 1 view .LVU15
  65              		.loc 1 40 30 is_stmt 0 view .LVU16
  66 001a C361     		str	r3, [r0, #28]
  41:Src/i2c.c     ****   hi2c3.Init.NoStretchMode = I2C_NOSTRETCH_DISABLE;
  67              		.loc 1 41 3 is_stmt 1 view .LVU17
  68              		.loc 1 41 28 is_stmt 0 view .LVU18
  69 001c 0362     		str	r3, [r0, #32]
  42:Src/i2c.c     ****   if (HAL_I2C_Init(&hi2c3) != HAL_OK)
  70              		.loc 1 42 3 is_stmt 1 view .LVU19
  71              		.loc 1 42 7 is_stmt 0 view .LVU20
  72 001e FFF7FEFF 		bl	HAL_I2C_Init
  73              	.LVL0:
ARM GAS  C:\Users\123\AppData\Local\Temp\cclSIxaW.s 			page 3


  74              		.loc 1 42 6 view .LVU21
  75 0022 50B9     		cbnz	r0, .L6
  76              	.L2:
  43:Src/i2c.c     ****   {
  44:Src/i2c.c     ****     Error_Handler();
  45:Src/i2c.c     ****   }
  46:Src/i2c.c     ****   /** Configure Analogue filter 
  47:Src/i2c.c     ****   */
  48:Src/i2c.c     ****   if (HAL_I2CEx_ConfigAnalogFilter(&hi2c3, I2C_ANALOGFILTER_ENABLE) != HAL_OK)
  77              		.loc 1 48 3 is_stmt 1 view .LVU22
  78              		.loc 1 48 7 is_stmt 0 view .LVU23
  79 0024 0021     		movs	r1, #0
  80 0026 0948     		ldr	r0, .L9
  81 0028 FFF7FEFF 		bl	HAL_I2CEx_ConfigAnalogFilter
  82              	.LVL1:
  83              		.loc 1 48 6 view .LVU24
  84 002c 40B9     		cbnz	r0, .L7
  85              	.L3:
  49:Src/i2c.c     ****   {
  50:Src/i2c.c     ****     Error_Handler();
  51:Src/i2c.c     ****   }
  52:Src/i2c.c     ****   /** Configure Digital filter 
  53:Src/i2c.c     ****   */
  54:Src/i2c.c     ****   if (HAL_I2CEx_ConfigDigitalFilter(&hi2c3, 0) != HAL_OK)
  86              		.loc 1 54 3 is_stmt 1 view .LVU25
  87              		.loc 1 54 7 is_stmt 0 view .LVU26
  88 002e 0021     		movs	r1, #0
  89 0030 0648     		ldr	r0, .L9
  90 0032 FFF7FEFF 		bl	HAL_I2CEx_ConfigDigitalFilter
  91              	.LVL2:
  92              		.loc 1 54 6 view .LVU27
  93 0036 30B9     		cbnz	r0, .L8
  94              	.L1:
  55:Src/i2c.c     ****   {
  56:Src/i2c.c     ****     Error_Handler();
  57:Src/i2c.c     ****   }
  58:Src/i2c.c     **** 
  59:Src/i2c.c     **** }
  95              		.loc 1 59 1 view .LVU28
  96 0038 08BD     		pop	{r3, pc}
  97              	.L6:
  44:Src/i2c.c     ****   }
  98              		.loc 1 44 5 is_stmt 1 view .LVU29
  99 003a FFF7FEFF 		bl	Error_Handler
 100              	.LVL3:
 101 003e F1E7     		b	.L2
 102              	.L7:
  50:Src/i2c.c     ****   }
 103              		.loc 1 50 5 view .LVU30
 104 0040 FFF7FEFF 		bl	Error_Handler
 105              	.LVL4:
 106 0044 F3E7     		b	.L3
 107              	.L8:
  56:Src/i2c.c     ****   }
 108              		.loc 1 56 5 view .LVU31
 109 0046 FFF7FEFF 		bl	Error_Handler
 110              	.LVL5:
ARM GAS  C:\Users\123\AppData\Local\Temp\cclSIxaW.s 			page 4


 111              		.loc 1 59 1 is_stmt 0 view .LVU32
 112 004a F5E7     		b	.L1
 113              	.L10:
 114              		.align	2
 115              	.L9:
 116 004c 00000000 		.word	hi2c3
 117 0050 005C0040 		.word	1073765376
 118 0054 EB9B9000 		.word	9477099
 119              		.cfi_endproc
 120              	.LFE316:
 122              		.section	.text.HAL_I2C_MspInit,"ax",%progbits
 123              		.align	1
 124              		.global	HAL_I2C_MspInit
 125              		.syntax unified
 126              		.thumb
 127              		.thumb_func
 128              		.fpu fpv4-sp-d16
 130              	HAL_I2C_MspInit:
 131              	.LVL6:
 132              	.LFB317:
  60:Src/i2c.c     **** 
  61:Src/i2c.c     **** void HAL_I2C_MspInit(I2C_HandleTypeDef* i2cHandle)
  62:Src/i2c.c     **** {
 133              		.loc 1 62 1 is_stmt 1 view -0
 134              		.cfi_startproc
 135              		@ args = 0, pretend = 0, frame = 32
 136              		@ frame_needed = 0, uses_anonymous_args = 0
 137              		.loc 1 62 1 is_stmt 0 view .LVU34
 138 0000 10B5     		push	{r4, lr}
 139              	.LCFI1:
 140              		.cfi_def_cfa_offset 8
 141              		.cfi_offset 4, -8
 142              		.cfi_offset 14, -4
 143 0002 88B0     		sub	sp, sp, #32
 144              	.LCFI2:
 145              		.cfi_def_cfa_offset 40
  63:Src/i2c.c     **** 
  64:Src/i2c.c     ****   GPIO_InitTypeDef GPIO_InitStruct = {0};
 146              		.loc 1 64 3 is_stmt 1 view .LVU35
 147              		.loc 1 64 20 is_stmt 0 view .LVU36
 148 0004 0023     		movs	r3, #0
 149 0006 0393     		str	r3, [sp, #12]
 150 0008 0493     		str	r3, [sp, #16]
 151 000a 0593     		str	r3, [sp, #20]
 152 000c 0693     		str	r3, [sp, #24]
 153 000e 0793     		str	r3, [sp, #28]
  65:Src/i2c.c     ****   if(i2cHandle->Instance==I2C3)
 154              		.loc 1 65 3 is_stmt 1 view .LVU37
 155              		.loc 1 65 15 is_stmt 0 view .LVU38
 156 0010 0268     		ldr	r2, [r0]
 157              		.loc 1 65 5 view .LVU39
 158 0012 134B     		ldr	r3, .L15
 159 0014 9A42     		cmp	r2, r3
 160 0016 01D0     		beq	.L14
 161              	.LVL7:
 162              	.L11:
  66:Src/i2c.c     ****   {
ARM GAS  C:\Users\123\AppData\Local\Temp\cclSIxaW.s 			page 5


  67:Src/i2c.c     ****   /* USER CODE BEGIN I2C3_MspInit 0 */
  68:Src/i2c.c     **** 
  69:Src/i2c.c     ****   /* USER CODE END I2C3_MspInit 0 */
  70:Src/i2c.c     ****   
  71:Src/i2c.c     ****     __HAL_RCC_GPIOC_CLK_ENABLE();
  72:Src/i2c.c     ****     /**I2C3 GPIO Configuration    
  73:Src/i2c.c     ****     PC0     ------> I2C3_SCL
  74:Src/i2c.c     ****     PC1     ------> I2C3_SDA 
  75:Src/i2c.c     ****     */
  76:Src/i2c.c     ****     GPIO_InitStruct.Pin = I2C3_SCL_Pin|I2C3_SDA_Pin;
  77:Src/i2c.c     ****     GPIO_InitStruct.Mode = GPIO_MODE_AF_OD;
  78:Src/i2c.c     ****     GPIO_InitStruct.Pull = GPIO_PULLUP;
  79:Src/i2c.c     ****     GPIO_InitStruct.Speed = GPIO_SPEED_FREQ_VERY_HIGH;
  80:Src/i2c.c     ****     GPIO_InitStruct.Alternate = GPIO_AF4_I2C3;
  81:Src/i2c.c     ****     HAL_GPIO_Init(GPIOC, &GPIO_InitStruct);
  82:Src/i2c.c     **** 
  83:Src/i2c.c     ****     /* I2C3 clock enable */
  84:Src/i2c.c     ****     __HAL_RCC_I2C3_CLK_ENABLE();
  85:Src/i2c.c     ****   /* USER CODE BEGIN I2C3_MspInit 1 */
  86:Src/i2c.c     **** 
  87:Src/i2c.c     ****   /* USER CODE END I2C3_MspInit 1 */
  88:Src/i2c.c     ****   }
  89:Src/i2c.c     **** }
 163              		.loc 1 89 1 view .LVU40
 164 0018 08B0     		add	sp, sp, #32
 165              	.LCFI3:
 166              		.cfi_remember_state
 167              		.cfi_def_cfa_offset 8
 168              		@ sp needed
 169 001a 10BD     		pop	{r4, pc}
 170              	.LVL8:
 171              	.L14:
 172              	.LCFI4:
 173              		.cfi_restore_state
  71:Src/i2c.c     ****     /**I2C3 GPIO Configuration    
 174              		.loc 1 71 5 is_stmt 1 view .LVU41
 175              	.LBB2:
  71:Src/i2c.c     ****     /**I2C3 GPIO Configuration    
 176              		.loc 1 71 5 view .LVU42
  71:Src/i2c.c     ****     /**I2C3 GPIO Configuration    
 177              		.loc 1 71 5 view .LVU43
 178 001c 114C     		ldr	r4, .L15+4
 179 001e E36C     		ldr	r3, [r4, #76]
 180 0020 43F00403 		orr	r3, r3, #4
 181 0024 E364     		str	r3, [r4, #76]
  71:Src/i2c.c     ****     /**I2C3 GPIO Configuration    
 182              		.loc 1 71 5 view .LVU44
 183 0026 E36C     		ldr	r3, [r4, #76]
 184 0028 03F00403 		and	r3, r3, #4
 185 002c 0193     		str	r3, [sp, #4]
  71:Src/i2c.c     ****     /**I2C3 GPIO Configuration    
 186              		.loc 1 71 5 view .LVU45
 187 002e 019B     		ldr	r3, [sp, #4]
 188              	.LBE2:
  71:Src/i2c.c     ****     /**I2C3 GPIO Configuration    
 189              		.loc 1 71 5 view .LVU46
  76:Src/i2c.c     ****     GPIO_InitStruct.Mode = GPIO_MODE_AF_OD;
ARM GAS  C:\Users\123\AppData\Local\Temp\cclSIxaW.s 			page 6


 190              		.loc 1 76 5 view .LVU47
  76:Src/i2c.c     ****     GPIO_InitStruct.Mode = GPIO_MODE_AF_OD;
 191              		.loc 1 76 25 is_stmt 0 view .LVU48
 192 0030 0323     		movs	r3, #3
 193 0032 0393     		str	r3, [sp, #12]
  77:Src/i2c.c     ****     GPIO_InitStruct.Pull = GPIO_PULLUP;
 194              		.loc 1 77 5 is_stmt 1 view .LVU49
  77:Src/i2c.c     ****     GPIO_InitStruct.Pull = GPIO_PULLUP;
 195              		.loc 1 77 26 is_stmt 0 view .LVU50
 196 0034 1222     		movs	r2, #18
 197 0036 0492     		str	r2, [sp, #16]
  78:Src/i2c.c     ****     GPIO_InitStruct.Speed = GPIO_SPEED_FREQ_VERY_HIGH;
 198              		.loc 1 78 5 is_stmt 1 view .LVU51
  78:Src/i2c.c     ****     GPIO_InitStruct.Speed = GPIO_SPEED_FREQ_VERY_HIGH;
 199              		.loc 1 78 26 is_stmt 0 view .LVU52
 200 0038 0122     		movs	r2, #1
 201 003a 0592     		str	r2, [sp, #20]
  79:Src/i2c.c     ****     GPIO_InitStruct.Alternate = GPIO_AF4_I2C3;
 202              		.loc 1 79 5 is_stmt 1 view .LVU53
  79:Src/i2c.c     ****     GPIO_InitStruct.Alternate = GPIO_AF4_I2C3;
 203              		.loc 1 79 27 is_stmt 0 view .LVU54
 204 003c 0693     		str	r3, [sp, #24]
  80:Src/i2c.c     ****     HAL_GPIO_Init(GPIOC, &GPIO_InitStruct);
 205              		.loc 1 80 5 is_stmt 1 view .LVU55
  80:Src/i2c.c     ****     HAL_GPIO_Init(GPIOC, &GPIO_InitStruct);
 206              		.loc 1 80 31 is_stmt 0 view .LVU56
 207 003e 0423     		movs	r3, #4
 208 0040 0793     		str	r3, [sp, #28]
  81:Src/i2c.c     **** 
 209              		.loc 1 81 5 is_stmt 1 view .LVU57
 210 0042 03A9     		add	r1, sp, #12
 211 0044 0848     		ldr	r0, .L15+8
 212              	.LVL9:
  81:Src/i2c.c     **** 
 213              		.loc 1 81 5 is_stmt 0 view .LVU58
 214 0046 FFF7FEFF 		bl	HAL_GPIO_Init
 215              	.LVL10:
  84:Src/i2c.c     ****   /* USER CODE BEGIN I2C3_MspInit 1 */
 216              		.loc 1 84 5 is_stmt 1 view .LVU59
 217              	.LBB3:
  84:Src/i2c.c     ****   /* USER CODE BEGIN I2C3_MspInit 1 */
 218              		.loc 1 84 5 view .LVU60
  84:Src/i2c.c     ****   /* USER CODE BEGIN I2C3_MspInit 1 */
 219              		.loc 1 84 5 view .LVU61
 220 004a A36D     		ldr	r3, [r4, #88]
 221 004c 43F40003 		orr	r3, r3, #8388608
 222 0050 A365     		str	r3, [r4, #88]
  84:Src/i2c.c     ****   /* USER CODE BEGIN I2C3_MspInit 1 */
 223              		.loc 1 84 5 view .LVU62
 224 0052 A36D     		ldr	r3, [r4, #88]
 225 0054 03F40003 		and	r3, r3, #8388608
 226 0058 0293     		str	r3, [sp, #8]
  84:Src/i2c.c     ****   /* USER CODE BEGIN I2C3_MspInit 1 */
 227              		.loc 1 84 5 view .LVU63
 228 005a 029B     		ldr	r3, [sp, #8]
 229              	.LBE3:
  84:Src/i2c.c     ****   /* USER CODE BEGIN I2C3_MspInit 1 */
ARM GAS  C:\Users\123\AppData\Local\Temp\cclSIxaW.s 			page 7


 230              		.loc 1 84 5 view .LVU64
 231              		.loc 1 89 1 is_stmt 0 view .LVU65
 232 005c DCE7     		b	.L11
 233              	.L16:
 234 005e 00BF     		.align	2
 235              	.L15:
 236 0060 005C0040 		.word	1073765376
 237 0064 00100240 		.word	1073876992
 238 0068 00080048 		.word	1207961600
 239              		.cfi_endproc
 240              	.LFE317:
 242              		.section	.text.HAL_I2C_MspDeInit,"ax",%progbits
 243              		.align	1
 244              		.global	HAL_I2C_MspDeInit
 245              		.syntax unified
 246              		.thumb
 247              		.thumb_func
 248              		.fpu fpv4-sp-d16
 250              	HAL_I2C_MspDeInit:
 251              	.LVL11:
 252              	.LFB318:
  90:Src/i2c.c     **** 
  91:Src/i2c.c     **** void HAL_I2C_MspDeInit(I2C_HandleTypeDef* i2cHandle)
  92:Src/i2c.c     **** {
 253              		.loc 1 92 1 is_stmt 1 view -0
 254              		.cfi_startproc
 255              		@ args = 0, pretend = 0, frame = 0
 256              		@ frame_needed = 0, uses_anonymous_args = 0
 257              		.loc 1 92 1 is_stmt 0 view .LVU67
 258 0000 08B5     		push	{r3, lr}
 259              	.LCFI5:
 260              		.cfi_def_cfa_offset 8
 261              		.cfi_offset 3, -8
 262              		.cfi_offset 14, -4
  93:Src/i2c.c     **** 
  94:Src/i2c.c     ****   if(i2cHandle->Instance==I2C3)
 263              		.loc 1 94 3 is_stmt 1 view .LVU68
 264              		.loc 1 94 15 is_stmt 0 view .LVU69
 265 0002 0268     		ldr	r2, [r0]
 266              		.loc 1 94 5 view .LVU70
 267 0004 064B     		ldr	r3, .L21
 268 0006 9A42     		cmp	r2, r3
 269 0008 00D0     		beq	.L20
 270              	.LVL12:
 271              	.L17:
  95:Src/i2c.c     ****   {
  96:Src/i2c.c     ****   /* USER CODE BEGIN I2C3_MspDeInit 0 */
  97:Src/i2c.c     **** 
  98:Src/i2c.c     ****   /* USER CODE END I2C3_MspDeInit 0 */
  99:Src/i2c.c     ****     /* Peripheral clock disable */
 100:Src/i2c.c     ****     __HAL_RCC_I2C3_CLK_DISABLE();
 101:Src/i2c.c     ****   
 102:Src/i2c.c     ****     /**I2C3 GPIO Configuration    
 103:Src/i2c.c     ****     PC0     ------> I2C3_SCL
 104:Src/i2c.c     ****     PC1     ------> I2C3_SDA 
 105:Src/i2c.c     ****     */
 106:Src/i2c.c     ****     HAL_GPIO_DeInit(GPIOC, I2C3_SCL_Pin|I2C3_SDA_Pin);
ARM GAS  C:\Users\123\AppData\Local\Temp\cclSIxaW.s 			page 8


 107:Src/i2c.c     **** 
 108:Src/i2c.c     ****   /* USER CODE BEGIN I2C3_MspDeInit 1 */
 109:Src/i2c.c     **** 
 110:Src/i2c.c     ****   /* USER CODE END I2C3_MspDeInit 1 */
 111:Src/i2c.c     ****   }
 112:Src/i2c.c     **** } 
 272              		.loc 1 112 1 view .LVU71
 273 000a 08BD     		pop	{r3, pc}
 274              	.LVL13:
 275              	.L20:
 100:Src/i2c.c     ****   
 276              		.loc 1 100 5 is_stmt 1 view .LVU72
 277 000c 054A     		ldr	r2, .L21+4
 278 000e 936D     		ldr	r3, [r2, #88]
 279 0010 23F40003 		bic	r3, r3, #8388608
 280 0014 9365     		str	r3, [r2, #88]
 106:Src/i2c.c     **** 
 281              		.loc 1 106 5 view .LVU73
 282 0016 0321     		movs	r1, #3
 283 0018 0348     		ldr	r0, .L21+8
 284              	.LVL14:
 106:Src/i2c.c     **** 
 285              		.loc 1 106 5 is_stmt 0 view .LVU74
 286 001a FFF7FEFF 		bl	HAL_GPIO_DeInit
 287              	.LVL15:
 288              		.loc 1 112 1 view .LVU75
 289 001e F4E7     		b	.L17
 290              	.L22:
 291              		.align	2
 292              	.L21:
 293 0020 005C0040 		.word	1073765376
 294 0024 00100240 		.word	1073876992
 295 0028 00080048 		.word	1207961600
 296              		.cfi_endproc
 297              	.LFE318:
 299              		.comm	hi2c3,76,4
 300              		.text
 301              	.Letext0:
 302              		.file 2 "c:\\program files (x86)\\gnu tools arm embedded\\9 2019-q4-major\\arm-none-eabi\\include\
 303              		.file 3 "c:\\program files (x86)\\gnu tools arm embedded\\9 2019-q4-major\\arm-none-eabi\\include\
 304              		.file 4 "Drivers/CMSIS/Include/core_cm4.h"
 305              		.file 5 "Drivers/CMSIS/Device/ST/STM32L4xx/Include/system_stm32l4xx.h"
 306              		.file 6 "Drivers/CMSIS/Device/ST/STM32L4xx/Include/stm32l471xx.h"
 307              		.file 7 "Drivers/STM32L4xx_HAL_Driver/Inc/stm32l4xx_hal_def.h"
 308              		.file 8 "Drivers/STM32L4xx_HAL_Driver/Inc/stm32l4xx_hal_gpio.h"
 309              		.file 9 "Drivers/STM32L4xx_HAL_Driver/Inc/stm32l4xx_hal_dma.h"
 310              		.file 10 "Drivers/STM32L4xx_HAL_Driver/Inc/stm32l4xx_hal_flash.h"
 311              		.file 11 "Drivers/STM32L4xx_HAL_Driver/Inc/stm32l4xx_hal_i2c.h"
 312              		.file 12 "Drivers/STM32L4xx_HAL_Driver/Inc/stm32l4xx_hal.h"
 313              		.file 13 "c:\\program files (x86)\\gnu tools arm embedded\\9 2019-q4-major\\arm-none-eabi\\include
 314              		.file 14 "c:\\program files (x86)\\gnu tools arm embedded\\9 2019-q4-major\\arm-none-eabi\\include
 315              		.file 15 "c:\\program files (x86)\\gnu tools arm embedded\\9 2019-q4-major\\lib\\gcc\\arm-none-eab
 316              		.file 16 "c:\\program files (x86)\\gnu tools arm embedded\\9 2019-q4-major\\arm-none-eabi\\include
 317              		.file 17 "Inc/main.h"
 318              		.file 18 "Inc/i2c.h"
 319              		.file 19 "Drivers/STM32L4xx_HAL_Driver/Inc/stm32l4xx_hal_i2c_ex.h"
ARM GAS  C:\Users\123\AppData\Local\Temp\cclSIxaW.s 			page 9


DEFINED SYMBOLS
                            *ABS*:00000000 i2c.c
C:\Users\123\AppData\Local\Temp\cclSIxaW.s:18     .text.MX_I2C3_Init:00000000 $t
C:\Users\123\AppData\Local\Temp\cclSIxaW.s:26     .text.MX_I2C3_Init:00000000 MX_I2C3_Init
C:\Users\123\AppData\Local\Temp\cclSIxaW.s:116    .text.MX_I2C3_Init:0000004c $d
                            *COM*:0000004c hi2c3
C:\Users\123\AppData\Local\Temp\cclSIxaW.s:123    .text.HAL_I2C_MspInit:00000000 $t
C:\Users\123\AppData\Local\Temp\cclSIxaW.s:130    .text.HAL_I2C_MspInit:00000000 HAL_I2C_MspInit
C:\Users\123\AppData\Local\Temp\cclSIxaW.s:236    .text.HAL_I2C_MspInit:00000060 $d
C:\Users\123\AppData\Local\Temp\cclSIxaW.s:243    .text.HAL_I2C_MspDeInit:00000000 $t
C:\Users\123\AppData\Local\Temp\cclSIxaW.s:250    .text.HAL_I2C_MspDeInit:00000000 HAL_I2C_MspDeInit
C:\Users\123\AppData\Local\Temp\cclSIxaW.s:293    .text.HAL_I2C_MspDeInit:00000020 $d

UNDEFINED SYMBOLS
HAL_I2C_Init
HAL_I2CEx_ConfigAnalogFilter
HAL_I2CEx_ConfigDigitalFilter
Error_Handler
HAL_GPIO_Init
HAL_GPIO_DeInit
