ARM GAS  C:\Users\LY\AppData\Local\Temp\cckJWDig.s 			page 1


   1              		.cpu cortex-m4
   2              		.eabi_attribute 27, 1
   3              		.eabi_attribute 28, 1
   4              		.eabi_attribute 20, 1
   5              		.eabi_attribute 21, 1
   6              		.eabi_attribute 23, 3
   7              		.eabi_attribute 24, 1
   8              		.eabi_attribute 25, 1
   9              		.eabi_attribute 26, 1
  10              		.eabi_attribute 30, 1
  11              		.eabi_attribute 34, 1
  12              		.eabi_attribute 18, 4
  13              		.file	"stm32l4xx_it.c"
  14              		.text
  15              	.Ltext0:
  16              		.cfi_sections	.debug_frame
  17              		.section	.text.NMI_Handler,"ax",%progbits
  18              		.align	1
  19              		.global	NMI_Handler
  20              		.arch armv7e-m
  21              		.syntax unified
  22              		.thumb
  23              		.thumb_func
  24              		.fpu fpv4-sp-d16
  26              	NMI_Handler:
  27              	.LFB316:
  28              		.file 1 "Src/stm32l4xx_it.c"
   1:Src/stm32l4xx_it.c **** /* USER CODE BEGIN Header */
   2:Src/stm32l4xx_it.c **** /**
   3:Src/stm32l4xx_it.c ****   ******************************************************************************
   4:Src/stm32l4xx_it.c ****   * @file    stm32l4xx_it.c
   5:Src/stm32l4xx_it.c ****   * @brief   Interrupt Service Routines.
   6:Src/stm32l4xx_it.c ****   ******************************************************************************
   7:Src/stm32l4xx_it.c ****   * @attention
   8:Src/stm32l4xx_it.c ****   *
   9:Src/stm32l4xx_it.c ****   * <h2><center>&copy; Copyright (c) 2021 STMicroelectronics.
  10:Src/stm32l4xx_it.c ****   * All rights reserved.</center></h2>
  11:Src/stm32l4xx_it.c ****   *
  12:Src/stm32l4xx_it.c ****   * This software component is licensed by ST under BSD 3-Clause license,
  13:Src/stm32l4xx_it.c ****   * the "License"; You may not use this file except in compliance with the
  14:Src/stm32l4xx_it.c ****   * License. You may obtain a copy of the License at:
  15:Src/stm32l4xx_it.c ****   *                        opensource.org/licenses/BSD-3-Clause
  16:Src/stm32l4xx_it.c ****   *
  17:Src/stm32l4xx_it.c ****   ******************************************************************************
  18:Src/stm32l4xx_it.c ****   */
  19:Src/stm32l4xx_it.c **** /* USER CODE END Header */
  20:Src/stm32l4xx_it.c **** 
  21:Src/stm32l4xx_it.c **** /* Includes ------------------------------------------------------------------*/
  22:Src/stm32l4xx_it.c **** #include "main.h"
  23:Src/stm32l4xx_it.c **** #include "stm32l4xx_it.h"
  24:Src/stm32l4xx_it.c **** #include "ble_e95.h"
  25:Src/stm32l4xx_it.c **** #include "global.h"
  26:Src/stm32l4xx_it.c **** #include "usart.h"
  27:Src/stm32l4xx_it.c **** #include "iot.h"
  28:Src/stm32l4xx_it.c **** /* Private includes ----------------------------------------------------------*/
  29:Src/stm32l4xx_it.c **** /* USER CODE BEGIN Includes */
  30:Src/stm32l4xx_it.c **** /* USER CODE END Includes */
ARM GAS  C:\Users\LY\AppData\Local\Temp\cckJWDig.s 			page 2


  31:Src/stm32l4xx_it.c **** 
  32:Src/stm32l4xx_it.c **** /* Private typedef -----------------------------------------------------------*/
  33:Src/stm32l4xx_it.c **** /* USER CODE BEGIN TD */
  34:Src/stm32l4xx_it.c **** 
  35:Src/stm32l4xx_it.c **** /* USER CODE END TD */
  36:Src/stm32l4xx_it.c **** 
  37:Src/stm32l4xx_it.c **** /* Private define ------------------------------------------------------------*/
  38:Src/stm32l4xx_it.c **** /* USER CODE BEGIN PD */
  39:Src/stm32l4xx_it.c ****  
  40:Src/stm32l4xx_it.c **** /* USER CODE END PD */
  41:Src/stm32l4xx_it.c **** 
  42:Src/stm32l4xx_it.c **** /* Private macro -------------------------------------------------------------*/
  43:Src/stm32l4xx_it.c **** /* USER CODE BEGIN PM */
  44:Src/stm32l4xx_it.c **** 
  45:Src/stm32l4xx_it.c **** /* USER CODE END PM */
  46:Src/stm32l4xx_it.c **** 
  47:Src/stm32l4xx_it.c **** /* Private variables ---------------------------------------------------------*/
  48:Src/stm32l4xx_it.c **** /* USER CODE BEGIN PV */
  49:Src/stm32l4xx_it.c **** 
  50:Src/stm32l4xx_it.c **** /* USER CODE END PV */
  51:Src/stm32l4xx_it.c **** 
  52:Src/stm32l4xx_it.c **** /* Private function prototypes -----------------------------------------------*/
  53:Src/stm32l4xx_it.c **** /* USER CODE BEGIN PFP */
  54:Src/stm32l4xx_it.c **** 
  55:Src/stm32l4xx_it.c **** /* USER CODE END PFP */
  56:Src/stm32l4xx_it.c **** 
  57:Src/stm32l4xx_it.c **** /* Private user code ---------------------------------------------------------*/
  58:Src/stm32l4xx_it.c **** /* USER CODE BEGIN 0 */
  59:Src/stm32l4xx_it.c **** 
  60:Src/stm32l4xx_it.c **** /* USER CODE END 0 */
  61:Src/stm32l4xx_it.c **** 
  62:Src/stm32l4xx_it.c **** /* External variables --------------------------------------------------------*/
  63:Src/stm32l4xx_it.c **** extern TIM_HandleTypeDef htim5;
  64:Src/stm32l4xx_it.c **** extern TIM_HandleTypeDef htim6;
  65:Src/stm32l4xx_it.c **** extern DMA_HandleTypeDef hdma_uart5_rx;
  66:Src/stm32l4xx_it.c **** extern DMA_HandleTypeDef hdma_lpuart_rx;
  67:Src/stm32l4xx_it.c **** extern UART_HandleTypeDef huart5;
  68:Src/stm32l4xx_it.c **** extern UART_HandleTypeDef hlpuart1;
  69:Src/stm32l4xx_it.c **** void usart1_recv_idle(UART_HandleTypeDef *huart);
  70:Src/stm32l4xx_it.c **** void usart5_recv_idle(UART_HandleTypeDef *huart);
  71:Src/stm32l4xx_it.c **** /* USER CODE BEGIN EV */
  72:Src/stm32l4xx_it.c **** 
  73:Src/stm32l4xx_it.c **** /* USER CODE END EV */
  74:Src/stm32l4xx_it.c **** 
  75:Src/stm32l4xx_it.c **** /******************************************************************************/
  76:Src/stm32l4xx_it.c **** /*           Cortex-M4 Processor Interruption and Exception Handlers          */ 
  77:Src/stm32l4xx_it.c **** /******************************************************************************/
  78:Src/stm32l4xx_it.c **** /**
  79:Src/stm32l4xx_it.c ****   * @brief This function handles Non maskable interrupt.
  80:Src/stm32l4xx_it.c ****   */
  81:Src/stm32l4xx_it.c **** void NMI_Handler(void)
  82:Src/stm32l4xx_it.c **** {
  29              		.loc 1 82 1 view -0
  30              		.cfi_startproc
  31              		@ args = 0, pretend = 0, frame = 0
  32              		@ frame_needed = 0, uses_anonymous_args = 0
  33              		@ link register save eliminated.
ARM GAS  C:\Users\LY\AppData\Local\Temp\cckJWDig.s 			page 3


  83:Src/stm32l4xx_it.c ****   /* USER CODE BEGIN NonMaskableInt_IRQn 0 */
  84:Src/stm32l4xx_it.c **** 
  85:Src/stm32l4xx_it.c ****   /* USER CODE END NonMaskableInt_IRQn 0 */
  86:Src/stm32l4xx_it.c ****   /* USER CODE BEGIN NonMaskableInt_IRQn 1 */
  87:Src/stm32l4xx_it.c **** 
  88:Src/stm32l4xx_it.c ****   /* USER CODE END NonMaskableInt_IRQn 1 */
  89:Src/stm32l4xx_it.c **** }
  34              		.loc 1 89 1 view .LVU1
  35 0000 7047     		bx	lr
  36              		.cfi_endproc
  37              	.LFE316:
  39              		.section	.text.HardFault_Handler,"ax",%progbits
  40              		.align	1
  41              		.global	HardFault_Handler
  42              		.syntax unified
  43              		.thumb
  44              		.thumb_func
  45              		.fpu fpv4-sp-d16
  47              	HardFault_Handler:
  48              	.LFB317:
  90:Src/stm32l4xx_it.c **** 
  91:Src/stm32l4xx_it.c **** /**
  92:Src/stm32l4xx_it.c ****   * @brief This function handles Hard fault interrupt.
  93:Src/stm32l4xx_it.c ****   */
  94:Src/stm32l4xx_it.c **** void HardFault_Handler(void)
  95:Src/stm32l4xx_it.c **** {
  49              		.loc 1 95 1 view -0
  50              		.cfi_startproc
  51              		@ Volatile: function does not return.
  52              		@ args = 0, pretend = 0, frame = 0
  53              		@ frame_needed = 0, uses_anonymous_args = 0
  54              		@ link register save eliminated.
  55              	.L3:
  96:Src/stm32l4xx_it.c ****   /* USER CODE BEGIN HardFault_IRQn 0 */
  97:Src/stm32l4xx_it.c **** 
  98:Src/stm32l4xx_it.c ****   /* USER CODE END HardFault_IRQn 0 */
  99:Src/stm32l4xx_it.c ****   while (1)
  56              		.loc 1 99 3 discriminator 1 view .LVU3
 100:Src/stm32l4xx_it.c ****   {
 101:Src/stm32l4xx_it.c ****     /* USER CODE BEGIN W1_HardFault_IRQn 0 */
 102:Src/stm32l4xx_it.c ****     /* USER CODE END W1_HardFault_IRQn 0 */
 103:Src/stm32l4xx_it.c ****   }
  57              		.loc 1 103 3 discriminator 1 view .LVU4
  99:Src/stm32l4xx_it.c ****   {
  58              		.loc 1 99 9 discriminator 1 view .LVU5
  59 0000 FEE7     		b	.L3
  60              		.cfi_endproc
  61              	.LFE317:
  63              		.section	.text.MemManage_Handler,"ax",%progbits
  64              		.align	1
  65              		.global	MemManage_Handler
  66              		.syntax unified
  67              		.thumb
  68              		.thumb_func
  69              		.fpu fpv4-sp-d16
  71              	MemManage_Handler:
  72              	.LFB318:
ARM GAS  C:\Users\LY\AppData\Local\Temp\cckJWDig.s 			page 4


 104:Src/stm32l4xx_it.c **** }
 105:Src/stm32l4xx_it.c **** 
 106:Src/stm32l4xx_it.c **** /**
 107:Src/stm32l4xx_it.c ****   * @brief This function handles Memory management fault.
 108:Src/stm32l4xx_it.c ****   */
 109:Src/stm32l4xx_it.c **** void MemManage_Handler(void)
 110:Src/stm32l4xx_it.c **** {
  73              		.loc 1 110 1 view -0
  74              		.cfi_startproc
  75              		@ Volatile: function does not return.
  76              		@ args = 0, pretend = 0, frame = 0
  77              		@ frame_needed = 0, uses_anonymous_args = 0
  78              		@ link register save eliminated.
  79              	.L5:
 111:Src/stm32l4xx_it.c ****   /* USER CODE BEGIN MemoryManagement_IRQn 0 */
 112:Src/stm32l4xx_it.c **** 
 113:Src/stm32l4xx_it.c ****   /* USER CODE END MemoryManagement_IRQn 0 */
 114:Src/stm32l4xx_it.c ****   while (1)
  80              		.loc 1 114 3 discriminator 1 view .LVU7
 115:Src/stm32l4xx_it.c ****   {
 116:Src/stm32l4xx_it.c ****     /* USER CODE BEGIN W1_MemoryManagement_IRQn 0 */
 117:Src/stm32l4xx_it.c ****     /* USER CODE END W1_MemoryManagement_IRQn 0 */
 118:Src/stm32l4xx_it.c ****   }
  81              		.loc 1 118 3 discriminator 1 view .LVU8
 114:Src/stm32l4xx_it.c ****   {
  82              		.loc 1 114 9 discriminator 1 view .LVU9
  83 0000 FEE7     		b	.L5
  84              		.cfi_endproc
  85              	.LFE318:
  87              		.section	.text.BusFault_Handler,"ax",%progbits
  88              		.align	1
  89              		.global	BusFault_Handler
  90              		.syntax unified
  91              		.thumb
  92              		.thumb_func
  93              		.fpu fpv4-sp-d16
  95              	BusFault_Handler:
  96              	.LFB319:
 119:Src/stm32l4xx_it.c **** }
 120:Src/stm32l4xx_it.c **** 
 121:Src/stm32l4xx_it.c **** /**
 122:Src/stm32l4xx_it.c ****   * @brief This function handles Prefetch fault, memory access fault.
 123:Src/stm32l4xx_it.c ****   */
 124:Src/stm32l4xx_it.c **** void BusFault_Handler(void)
 125:Src/stm32l4xx_it.c **** {
  97              		.loc 1 125 1 view -0
  98              		.cfi_startproc
  99              		@ Volatile: function does not return.
 100              		@ args = 0, pretend = 0, frame = 0
 101              		@ frame_needed = 0, uses_anonymous_args = 0
 102              		@ link register save eliminated.
 103              	.L7:
 126:Src/stm32l4xx_it.c ****   /* USER CODE BEGIN BusFault_IRQn 0 */
 127:Src/stm32l4xx_it.c **** 
 128:Src/stm32l4xx_it.c ****   /* USER CODE END BusFault_IRQn 0 */
 129:Src/stm32l4xx_it.c ****   while (1)
 104              		.loc 1 129 3 discriminator 1 view .LVU11
ARM GAS  C:\Users\LY\AppData\Local\Temp\cckJWDig.s 			page 5


 130:Src/stm32l4xx_it.c ****   {
 131:Src/stm32l4xx_it.c ****     /* USER CODE BEGIN W1_BusFault_IRQn 0 */
 132:Src/stm32l4xx_it.c ****     /* USER CODE END W1_BusFault_IRQn 0 */
 133:Src/stm32l4xx_it.c ****   }
 105              		.loc 1 133 3 discriminator 1 view .LVU12
 129:Src/stm32l4xx_it.c ****   {
 106              		.loc 1 129 9 discriminator 1 view .LVU13
 107 0000 FEE7     		b	.L7
 108              		.cfi_endproc
 109              	.LFE319:
 111              		.section	.text.UsageFault_Handler,"ax",%progbits
 112              		.align	1
 113              		.global	UsageFault_Handler
 114              		.syntax unified
 115              		.thumb
 116              		.thumb_func
 117              		.fpu fpv4-sp-d16
 119              	UsageFault_Handler:
 120              	.LFB320:
 134:Src/stm32l4xx_it.c **** }
 135:Src/stm32l4xx_it.c **** 
 136:Src/stm32l4xx_it.c **** /**
 137:Src/stm32l4xx_it.c ****   * @brief This function handles Undefined instruction or illegal state.
 138:Src/stm32l4xx_it.c ****   */
 139:Src/stm32l4xx_it.c **** void UsageFault_Handler(void)
 140:Src/stm32l4xx_it.c **** {
 121              		.loc 1 140 1 view -0
 122              		.cfi_startproc
 123              		@ Volatile: function does not return.
 124              		@ args = 0, pretend = 0, frame = 0
 125              		@ frame_needed = 0, uses_anonymous_args = 0
 126              		@ link register save eliminated.
 127              	.L9:
 141:Src/stm32l4xx_it.c ****   /* USER CODE BEGIN UsageFault_IRQn 0 */
 142:Src/stm32l4xx_it.c **** 
 143:Src/stm32l4xx_it.c ****   /* USER CODE END UsageFault_IRQn 0 */
 144:Src/stm32l4xx_it.c ****   while (1)
 128              		.loc 1 144 3 discriminator 1 view .LVU15
 145:Src/stm32l4xx_it.c ****   {
 146:Src/stm32l4xx_it.c ****     /* USER CODE BEGIN W1_UsageFault_IRQn 0 */
 147:Src/stm32l4xx_it.c ****     /* USER CODE END W1_UsageFault_IRQn 0 */
 148:Src/stm32l4xx_it.c ****   }
 129              		.loc 1 148 3 discriminator 1 view .LVU16
 144:Src/stm32l4xx_it.c ****   {
 130              		.loc 1 144 9 discriminator 1 view .LVU17
 131 0000 FEE7     		b	.L9
 132              		.cfi_endproc
 133              	.LFE320:
 135              		.section	.text.SVC_Handler,"ax",%progbits
 136              		.align	1
 137              		.global	SVC_Handler
 138              		.syntax unified
 139              		.thumb
 140              		.thumb_func
 141              		.fpu fpv4-sp-d16
 143              	SVC_Handler:
 144              	.LFB321:
ARM GAS  C:\Users\LY\AppData\Local\Temp\cckJWDig.s 			page 6


 149:Src/stm32l4xx_it.c **** }
 150:Src/stm32l4xx_it.c **** 
 151:Src/stm32l4xx_it.c **** /**
 152:Src/stm32l4xx_it.c ****   * @brief This function handles System service call via SWI instruction.
 153:Src/stm32l4xx_it.c ****   */
 154:Src/stm32l4xx_it.c **** void SVC_Handler(void)
 155:Src/stm32l4xx_it.c **** {
 145              		.loc 1 155 1 view -0
 146              		.cfi_startproc
 147              		@ args = 0, pretend = 0, frame = 0
 148              		@ frame_needed = 0, uses_anonymous_args = 0
 149              		@ link register save eliminated.
 156:Src/stm32l4xx_it.c ****   /* USER CODE BEGIN SVCall_IRQn 0 */
 157:Src/stm32l4xx_it.c **** 
 158:Src/stm32l4xx_it.c ****   /* USER CODE END SVCall_IRQn 0 */
 159:Src/stm32l4xx_it.c ****   /* USER CODE BEGIN SVCall_IRQn 1 */
 160:Src/stm32l4xx_it.c **** 
 161:Src/stm32l4xx_it.c ****   /* USER CODE END SVCall_IRQn 1 */
 162:Src/stm32l4xx_it.c **** }
 150              		.loc 1 162 1 view .LVU19
 151 0000 7047     		bx	lr
 152              		.cfi_endproc
 153              	.LFE321:
 155              		.section	.text.DebugMon_Handler,"ax",%progbits
 156              		.align	1
 157              		.global	DebugMon_Handler
 158              		.syntax unified
 159              		.thumb
 160              		.thumb_func
 161              		.fpu fpv4-sp-d16
 163              	DebugMon_Handler:
 164              	.LFB322:
 163:Src/stm32l4xx_it.c **** 
 164:Src/stm32l4xx_it.c **** /**
 165:Src/stm32l4xx_it.c ****   * @brief This function handles Debug monitor.
 166:Src/stm32l4xx_it.c ****   */
 167:Src/stm32l4xx_it.c **** void DebugMon_Handler(void)
 168:Src/stm32l4xx_it.c **** {
 165              		.loc 1 168 1 view -0
 166              		.cfi_startproc
 167              		@ args = 0, pretend = 0, frame = 0
 168              		@ frame_needed = 0, uses_anonymous_args = 0
 169              		@ link register save eliminated.
 169:Src/stm32l4xx_it.c ****   /* USER CODE BEGIN DebugMonitor_IRQn 0 */
 170:Src/stm32l4xx_it.c **** 
 171:Src/stm32l4xx_it.c ****   /* USER CODE END DebugMonitor_IRQn 0 */
 172:Src/stm32l4xx_it.c ****   /* USER CODE BEGIN DebugMonitor_IRQn 1 */
 173:Src/stm32l4xx_it.c **** 
 174:Src/stm32l4xx_it.c ****   /* USER CODE END DebugMonitor_IRQn 1 */
 175:Src/stm32l4xx_it.c **** }
 170              		.loc 1 175 1 view .LVU21
 171 0000 7047     		bx	lr
 172              		.cfi_endproc
 173              	.LFE322:
 175              		.section	.text.PendSV_Handler,"ax",%progbits
 176              		.align	1
 177              		.global	PendSV_Handler
ARM GAS  C:\Users\LY\AppData\Local\Temp\cckJWDig.s 			page 7


 178              		.syntax unified
 179              		.thumb
 180              		.thumb_func
 181              		.fpu fpv4-sp-d16
 183              	PendSV_Handler:
 184              	.LFB323:
 176:Src/stm32l4xx_it.c **** 
 177:Src/stm32l4xx_it.c **** /**
 178:Src/stm32l4xx_it.c ****   * @brief This function handles Pendable request for system service.
 179:Src/stm32l4xx_it.c ****   */
 180:Src/stm32l4xx_it.c **** void PendSV_Handler(void)
 181:Src/stm32l4xx_it.c **** {
 185              		.loc 1 181 1 view -0
 186              		.cfi_startproc
 187              		@ args = 0, pretend = 0, frame = 0
 188              		@ frame_needed = 0, uses_anonymous_args = 0
 189              		@ link register save eliminated.
 182:Src/stm32l4xx_it.c ****   /* USER CODE BEGIN PendSV_IRQn 0 */
 183:Src/stm32l4xx_it.c **** 
 184:Src/stm32l4xx_it.c ****   /* USER CODE END PendSV_IRQn 0 */
 185:Src/stm32l4xx_it.c ****   /* USER CODE BEGIN PendSV_IRQn 1 */
 186:Src/stm32l4xx_it.c **** 
 187:Src/stm32l4xx_it.c ****   /* USER CODE END PendSV_IRQn 1 */
 188:Src/stm32l4xx_it.c **** }
 190              		.loc 1 188 1 view .LVU23
 191 0000 7047     		bx	lr
 192              		.cfi_endproc
 193              	.LFE323:
 195              		.section	.text.SysTick_Handler,"ax",%progbits
 196              		.align	1
 197              		.global	SysTick_Handler
 198              		.syntax unified
 199              		.thumb
 200              		.thumb_func
 201              		.fpu fpv4-sp-d16
 203              	SysTick_Handler:
 204              	.LFB324:
 189:Src/stm32l4xx_it.c **** 
 190:Src/stm32l4xx_it.c **** /**
 191:Src/stm32l4xx_it.c ****   * @brief This function handles System tick timer.
 192:Src/stm32l4xx_it.c ****   */
 193:Src/stm32l4xx_it.c **** void SysTick_Handler(void)
 194:Src/stm32l4xx_it.c **** {
 205              		.loc 1 194 1 view -0
 206              		.cfi_startproc
 207              		@ args = 0, pretend = 0, frame = 0
 208              		@ frame_needed = 0, uses_anonymous_args = 0
 209 0000 08B5     		push	{r3, lr}
 210              	.LCFI0:
 211              		.cfi_def_cfa_offset 8
 212              		.cfi_offset 3, -8
 213              		.cfi_offset 14, -4
 195:Src/stm32l4xx_it.c ****   /* USER CODE BEGIN SysTick_IRQn 0 */
 196:Src/stm32l4xx_it.c **** 
 197:Src/stm32l4xx_it.c ****   /* USER CODE END SysTick_IRQn 0 */
 198:Src/stm32l4xx_it.c ****   HAL_IncTick();
 214              		.loc 1 198 3 view .LVU25
ARM GAS  C:\Users\LY\AppData\Local\Temp\cckJWDig.s 			page 8


 215 0002 FFF7FEFF 		bl	HAL_IncTick
 216              	.LVL0:
 199:Src/stm32l4xx_it.c ****   /* USER CODE BEGIN SysTick_IRQn 1 */
 200:Src/stm32l4xx_it.c **** 
 201:Src/stm32l4xx_it.c ****   /* USER CODE END SysTick_IRQn 1 */
 202:Src/stm32l4xx_it.c **** }
 217              		.loc 1 202 1 is_stmt 0 view .LVU26
 218 0006 08BD     		pop	{r3, pc}
 219              		.cfi_endproc
 220              	.LFE324:
 222              		.section	.text.EXTI0_IRQHandler,"ax",%progbits
 223              		.align	1
 224              		.global	EXTI0_IRQHandler
 225              		.syntax unified
 226              		.thumb
 227              		.thumb_func
 228              		.fpu fpv4-sp-d16
 230              	EXTI0_IRQHandler:
 231              	.LFB325:
 203:Src/stm32l4xx_it.c **** 
 204:Src/stm32l4xx_it.c **** /******************************************************************************/
 205:Src/stm32l4xx_it.c **** /* STM32L4xx Peripheral Interrupt Handlers                                    */
 206:Src/stm32l4xx_it.c **** /* Add here the Interrupt Handlers for the used peripherals.                  */
 207:Src/stm32l4xx_it.c **** /* For the available peripheral interrupt handler names,                      */
 208:Src/stm32l4xx_it.c **** /* please refer to the startup file (startup_stm32l4xx.s).                    */
 209:Src/stm32l4xx_it.c **** /******************************************************************************/
 210:Src/stm32l4xx_it.c **** 
 211:Src/stm32l4xx_it.c **** /**
 212:Src/stm32l4xx_it.c ****   * @brief This function handles EXTI line0 interrupt.
 213:Src/stm32l4xx_it.c ****   */
 214:Src/stm32l4xx_it.c **** void EXTI0_IRQHandler(void)
 215:Src/stm32l4xx_it.c **** {
 232              		.loc 1 215 1 is_stmt 1 view -0
 233              		.cfi_startproc
 234              		@ args = 0, pretend = 0, frame = 0
 235              		@ frame_needed = 0, uses_anonymous_args = 0
 236 0000 08B5     		push	{r3, lr}
 237              	.LCFI1:
 238              		.cfi_def_cfa_offset 8
 239              		.cfi_offset 3, -8
 240              		.cfi_offset 14, -4
 216:Src/stm32l4xx_it.c ****   /* USER CODE BEGIN EXTI0_IRQn 0 */
 217:Src/stm32l4xx_it.c **** 
 218:Src/stm32l4xx_it.c ****   /* USER CODE END EXTI0_IRQn 0 */
 219:Src/stm32l4xx_it.c ****   HAL_GPIO_EXTI_IRQHandler(GPIO_PIN_0);
 241              		.loc 1 219 3 view .LVU28
 242 0002 0120     		movs	r0, #1
 243 0004 FFF7FEFF 		bl	HAL_GPIO_EXTI_IRQHandler
 244              	.LVL1:
 220:Src/stm32l4xx_it.c ****   /* USER CODE BEGIN EXTI0_IRQn 1 */
 221:Src/stm32l4xx_it.c **** 
 222:Src/stm32l4xx_it.c ****   /* USER CODE END EXTI0_IRQn 1 */
 223:Src/stm32l4xx_it.c **** }
 245              		.loc 1 223 1 is_stmt 0 view .LVU29
 246 0008 08BD     		pop	{r3, pc}
 247              		.cfi_endproc
 248              	.LFE325:
ARM GAS  C:\Users\LY\AppData\Local\Temp\cckJWDig.s 			page 9


 250              		.section	.text.EXTI2_IRQHandler,"ax",%progbits
 251              		.align	1
 252              		.global	EXTI2_IRQHandler
 253              		.syntax unified
 254              		.thumb
 255              		.thumb_func
 256              		.fpu fpv4-sp-d16
 258              	EXTI2_IRQHandler:
 259              	.LFB326:
 224:Src/stm32l4xx_it.c **** 
 225:Src/stm32l4xx_it.c **** /**
 226:Src/stm32l4xx_it.c ****   * @brief This function handles EXTI line2 interrupt.
 227:Src/stm32l4xx_it.c ****   */
 228:Src/stm32l4xx_it.c **** void EXTI2_IRQHandler(void)
 229:Src/stm32l4xx_it.c **** {
 260              		.loc 1 229 1 is_stmt 1 view -0
 261              		.cfi_startproc
 262              		@ args = 0, pretend = 0, frame = 0
 263              		@ frame_needed = 0, uses_anonymous_args = 0
 264 0000 08B5     		push	{r3, lr}
 265              	.LCFI2:
 266              		.cfi_def_cfa_offset 8
 267              		.cfi_offset 3, -8
 268              		.cfi_offset 14, -4
 230:Src/stm32l4xx_it.c ****   /* USER CODE BEGIN EXTI2_IRQn 0 */
 231:Src/stm32l4xx_it.c **** 
 232:Src/stm32l4xx_it.c ****   /* USER CODE END EXTI2_IRQn 0 */
 233:Src/stm32l4xx_it.c ****   HAL_GPIO_EXTI_IRQHandler(GPIO_PIN_2);
 269              		.loc 1 233 3 view .LVU31
 270 0002 0420     		movs	r0, #4
 271 0004 FFF7FEFF 		bl	HAL_GPIO_EXTI_IRQHandler
 272              	.LVL2:
 234:Src/stm32l4xx_it.c ****   /* USER CODE BEGIN EXTI2_IRQn 1 */
 235:Src/stm32l4xx_it.c **** 
 236:Src/stm32l4xx_it.c ****   /* USER CODE END EXTI2_IRQn 1 */
 237:Src/stm32l4xx_it.c **** }
 273              		.loc 1 237 1 is_stmt 0 view .LVU32
 274 0008 08BD     		pop	{r3, pc}
 275              		.cfi_endproc
 276              	.LFE326:
 278              		.section	.text.EXTI3_IRQHandler,"ax",%progbits
 279              		.align	1
 280              		.global	EXTI3_IRQHandler
 281              		.syntax unified
 282              		.thumb
 283              		.thumb_func
 284              		.fpu fpv4-sp-d16
 286              	EXTI3_IRQHandler:
 287              	.LFB327:
 238:Src/stm32l4xx_it.c **** 
 239:Src/stm32l4xx_it.c **** /**
 240:Src/stm32l4xx_it.c ****   * @brief This function handles EXTI line3 interrupt.
 241:Src/stm32l4xx_it.c ****   */
 242:Src/stm32l4xx_it.c **** void EXTI3_IRQHandler(void)
 243:Src/stm32l4xx_it.c **** {
 288              		.loc 1 243 1 is_stmt 1 view -0
 289              		.cfi_startproc
ARM GAS  C:\Users\LY\AppData\Local\Temp\cckJWDig.s 			page 10


 290              		@ args = 0, pretend = 0, frame = 0
 291              		@ frame_needed = 0, uses_anonymous_args = 0
 292 0000 08B5     		push	{r3, lr}
 293              	.LCFI3:
 294              		.cfi_def_cfa_offset 8
 295              		.cfi_offset 3, -8
 296              		.cfi_offset 14, -4
 244:Src/stm32l4xx_it.c ****   /* USER CODE BEGIN EXTI3_IRQn 0 */
 245:Src/stm32l4xx_it.c **** 
 246:Src/stm32l4xx_it.c ****   /* USER CODE END EXTI3_IRQn 0 */
 247:Src/stm32l4xx_it.c ****   HAL_GPIO_EXTI_IRQHandler(GPIO_PIN_3);
 297              		.loc 1 247 3 view .LVU34
 298 0002 0820     		movs	r0, #8
 299 0004 FFF7FEFF 		bl	HAL_GPIO_EXTI_IRQHandler
 300              	.LVL3:
 248:Src/stm32l4xx_it.c ****   /* USER CODE BEGIN EXTI3_IRQn 1 */
 249:Src/stm32l4xx_it.c **** 
 250:Src/stm32l4xx_it.c ****   /* USER CODE END EXTI3_IRQn 1 */
 251:Src/stm32l4xx_it.c **** }
 301              		.loc 1 251 1 is_stmt 0 view .LVU35
 302 0008 08BD     		pop	{r3, pc}
 303              		.cfi_endproc
 304              	.LFE327:
 306              		.section	.text.DMA2_Channel7_IRQHandler,"ax",%progbits
 307              		.align	1
 308              		.global	DMA2_Channel7_IRQHandler
 309              		.syntax unified
 310              		.thumb
 311              		.thumb_func
 312              		.fpu fpv4-sp-d16
 314              	DMA2_Channel7_IRQHandler:
 315              	.LFB328:
 252:Src/stm32l4xx_it.c **** #if 0
 253:Src/stm32l4xx_it.c **** /**
 254:Src/stm32l4xx_it.c ****   * @brief This function handles DMA1 channel3 global interrupt.
 255:Src/stm32l4xx_it.c ****   */
 256:Src/stm32l4xx_it.c **** void DMA1_Channel3_IRQHandler(void)
 257:Src/stm32l4xx_it.c **** {
 258:Src/stm32l4xx_it.c ****   /* USER CODE BEGIN DMA1_Channel3_IRQn 0 */
 259:Src/stm32l4xx_it.c **** 
 260:Src/stm32l4xx_it.c ****   /* USER CODE END DMA1_Channel3_IRQn 0 */
 261:Src/stm32l4xx_it.c ****   HAL_DMA_IRQHandler(&hdma_usart3_rx);
 262:Src/stm32l4xx_it.c ****   /* USER CODE BEGIN DMA1_Channel3_IRQn 1 */
 263:Src/stm32l4xx_it.c **** 
 264:Src/stm32l4xx_it.c ****   /* USER CODE END DMA1_Channel3_IRQn 1 */
 265:Src/stm32l4xx_it.c **** }
 266:Src/stm32l4xx_it.c **** 
 267:Src/stm32l4xx_it.c **** /**
 268:Src/stm32l4xx_it.c ****   * @brief This function handles USART3 global interrupt.
 269:Src/stm32l4xx_it.c ****   */
 270:Src/stm32l4xx_it.c **** void USART3_IRQHandler(void)
 271:Src/stm32l4xx_it.c **** {
 272:Src/stm32l4xx_it.c ****   /* USER CODE BEGIN USART3_IRQn 0 */
 273:Src/stm32l4xx_it.c ****     if(__HAL_UART_GET_FLAG(&huart3,UART_FLAG_IDLE))
 274:Src/stm32l4xx_it.c ****     {
 275:Src/stm32l4xx_it.c ****         usart3_recv_idle(&huart3);
 276:Src/stm32l4xx_it.c ****     }
ARM GAS  C:\Users\LY\AppData\Local\Temp\cckJWDig.s 			page 11


 277:Src/stm32l4xx_it.c ****   /* USER CODE END USART3_IRQn 0 */
 278:Src/stm32l4xx_it.c ****   HAL_UART_IRQHandler(&huart3);
 279:Src/stm32l4xx_it.c ****   /* USER CODE BEGIN USART3_IRQn 1 */
 280:Src/stm32l4xx_it.c **** 
 281:Src/stm32l4xx_it.c ****   /* USER CODE END USART3_IRQn 1 */
 282:Src/stm32l4xx_it.c **** }
 283:Src/stm32l4xx_it.c **** #endif
 284:Src/stm32l4xx_it.c **** /**
 285:Src/stm32l4xx_it.c ****   * @brief This function handles DMA2 channel7 global interrupt.
 286:Src/stm32l4xx_it.c ****   */
 287:Src/stm32l4xx_it.c **** void DMA2_Channel7_IRQHandler(void)
 288:Src/stm32l4xx_it.c **** {
 316              		.loc 1 288 1 is_stmt 1 view -0
 317              		.cfi_startproc
 318              		@ args = 0, pretend = 0, frame = 0
 319              		@ frame_needed = 0, uses_anonymous_args = 0
 320 0000 08B5     		push	{r3, lr}
 321              	.LCFI4:
 322              		.cfi_def_cfa_offset 8
 323              		.cfi_offset 3, -8
 324              		.cfi_offset 14, -4
 289:Src/stm32l4xx_it.c ****   /* USER CODE BEGIN DMA2_Channel7_IRQn 0 */
 290:Src/stm32l4xx_it.c **** 
 291:Src/stm32l4xx_it.c ****   /* USER CODE END DMA2_Channel7_IRQn 0 */
 292:Src/stm32l4xx_it.c ****   HAL_DMA_IRQHandler(&hdma_lpuart_rx);
 325              		.loc 1 292 3 view .LVU37
 326 0002 0248     		ldr	r0, .L23
 327 0004 FFF7FEFF 		bl	HAL_DMA_IRQHandler
 328              	.LVL4:
 293:Src/stm32l4xx_it.c ****   /* USER CODE BEGIN DMA2_Channel7_IRQn 1 */
 294:Src/stm32l4xx_it.c **** 
 295:Src/stm32l4xx_it.c ****   /* USER CODE END DMA2_Channel7_IRQn 1 */
 296:Src/stm32l4xx_it.c **** }
 329              		.loc 1 296 1 is_stmt 0 view .LVU38
 330 0008 08BD     		pop	{r3, pc}
 331              	.L24:
 332 000a 00BF     		.align	2
 333              	.L23:
 334 000c 00000000 		.word	hdma_lpuart_rx
 335              		.cfi_endproc
 336              	.LFE328:
 338              		.section	.text.EXTI9_5_IRQHandler,"ax",%progbits
 339              		.align	1
 340              		.global	EXTI9_5_IRQHandler
 341              		.syntax unified
 342              		.thumb
 343              		.thumb_func
 344              		.fpu fpv4-sp-d16
 346              	EXTI9_5_IRQHandler:
 347              	.LFB330:
 297:Src/stm32l4xx_it.c **** 
 298:Src/stm32l4xx_it.c **** /**
 299:Src/stm32l4xx_it.c ****   * @brief This function handles LPUART1 global interrupt.
 300:Src/stm32l4xx_it.c ****   */
 301:Src/stm32l4xx_it.c **** void LPUART1_IRQHandler(void)
 302:Src/stm32l4xx_it.c **** {
 303:Src/stm32l4xx_it.c ****   /* USER CODE BEGIN LPUART1_IRQn 0 */
ARM GAS  C:\Users\LY\AppData\Local\Temp\cckJWDig.s 			page 12


 304:Src/stm32l4xx_it.c ****     if(__HAL_UART_GET_FLAG(&hlpuart1,UART_FLAG_IDLE))
 305:Src/stm32l4xx_it.c ****     {
 306:Src/stm32l4xx_it.c ****         usart1_recv_idle(&hlpuart1);
 307:Src/stm32l4xx_it.c ****     }
 308:Src/stm32l4xx_it.c ****   /* USER CODE END LPUART1_IRQn 0 */
 309:Src/stm32l4xx_it.c ****   HAL_UART_IRQHandler(&hlpuart1);
 310:Src/stm32l4xx_it.c ****   /* USER CODE BEGIN LPUART1_IRQn 1 */
 311:Src/stm32l4xx_it.c **** 
 312:Src/stm32l4xx_it.c ****   /* USER CODE END LPUART1_IRQn 1 */
 313:Src/stm32l4xx_it.c **** }
 314:Src/stm32l4xx_it.c **** /**
 315:Src/stm32l4xx_it.c ****   * @brief This function handles EXTI line[9:5] interrupts.
 316:Src/stm32l4xx_it.c ****   */
 317:Src/stm32l4xx_it.c **** void EXTI9_5_IRQHandler(void)
 318:Src/stm32l4xx_it.c **** {
 348              		.loc 1 318 1 is_stmt 1 view -0
 349              		.cfi_startproc
 350              		@ args = 0, pretend = 0, frame = 0
 351              		@ frame_needed = 0, uses_anonymous_args = 0
 352 0000 08B5     		push	{r3, lr}
 353              	.LCFI5:
 354              		.cfi_def_cfa_offset 8
 355              		.cfi_offset 3, -8
 356              		.cfi_offset 14, -4
 319:Src/stm32l4xx_it.c ****   /* USER CODE BEGIN EXTI9_5_IRQn 0 */
 320:Src/stm32l4xx_it.c **** 
 321:Src/stm32l4xx_it.c ****   /* USER CODE END EXTI9_5_IRQn 0 */
 322:Src/stm32l4xx_it.c ****   HAL_GPIO_EXTI_IRQHandler(GPIO_PIN_5);
 357              		.loc 1 322 3 view .LVU40
 358 0002 2020     		movs	r0, #32
 359 0004 FFF7FEFF 		bl	HAL_GPIO_EXTI_IRQHandler
 360              	.LVL5:
 323:Src/stm32l4xx_it.c ****   HAL_GPIO_EXTI_IRQHandler(GPIO_PIN_8);
 361              		.loc 1 323 3 view .LVU41
 362 0008 4FF48070 		mov	r0, #256
 363 000c FFF7FEFF 		bl	HAL_GPIO_EXTI_IRQHandler
 364              	.LVL6:
 324:Src/stm32l4xx_it.c ****   /* USER CODE BEGIN EXTI9_5_IRQn 1 */
 325:Src/stm32l4xx_it.c **** 
 326:Src/stm32l4xx_it.c ****   /* USER CODE END EXTI9_5_IRQn 1 */
 327:Src/stm32l4xx_it.c **** }
 365              		.loc 1 327 1 is_stmt 0 view .LVU42
 366 0010 08BD     		pop	{r3, pc}
 367              		.cfi_endproc
 368              	.LFE330:
 370              		.section	.text.TIM5_IRQHandler,"ax",%progbits
 371              		.align	1
 372              		.global	TIM5_IRQHandler
 373              		.syntax unified
 374              		.thumb
 375              		.thumb_func
 376              		.fpu fpv4-sp-d16
 378              	TIM5_IRQHandler:
 379              	.LFB331:
 328:Src/stm32l4xx_it.c **** /**
 329:Src/stm32l4xx_it.c ****   * @brief This function handles TIM5 global interrupt.
 330:Src/stm32l4xx_it.c ****   */
ARM GAS  C:\Users\LY\AppData\Local\Temp\cckJWDig.s 			page 13


 331:Src/stm32l4xx_it.c **** void TIM5_IRQHandler(void)
 332:Src/stm32l4xx_it.c **** {
 380              		.loc 1 332 1 is_stmt 1 view -0
 381              		.cfi_startproc
 382              		@ args = 0, pretend = 0, frame = 0
 383              		@ frame_needed = 0, uses_anonymous_args = 0
 384 0000 08B5     		push	{r3, lr}
 385              	.LCFI6:
 386              		.cfi_def_cfa_offset 8
 387              		.cfi_offset 3, -8
 388              		.cfi_offset 14, -4
 333:Src/stm32l4xx_it.c ****   /* USER CODE BEGIN TIM5_IRQn 0 */
 334:Src/stm32l4xx_it.c **** 
 335:Src/stm32l4xx_it.c ****   /* USER CODE END TIM5_IRQn 0 */
 336:Src/stm32l4xx_it.c ****   HAL_TIM_IRQHandler(&htim5);
 389              		.loc 1 336 3 view .LVU44
 390 0002 0248     		ldr	r0, .L29
 391 0004 FFF7FEFF 		bl	HAL_TIM_IRQHandler
 392              	.LVL7:
 337:Src/stm32l4xx_it.c ****   /* USER CODE BEGIN TIM5_IRQn 1 */
 338:Src/stm32l4xx_it.c **** 
 339:Src/stm32l4xx_it.c ****   /* USER CODE END TIM5_IRQn 1 */
 340:Src/stm32l4xx_it.c **** }
 393              		.loc 1 340 1 is_stmt 0 view .LVU45
 394 0008 08BD     		pop	{r3, pc}
 395              	.L30:
 396 000a 00BF     		.align	2
 397              	.L29:
 398 000c 00000000 		.word	htim5
 399              		.cfi_endproc
 400              	.LFE331:
 402              		.section	.text.UART5_IRQHandler,"ax",%progbits
 403              		.align	1
 404              		.global	UART5_IRQHandler
 405              		.syntax unified
 406              		.thumb
 407              		.thumb_func
 408              		.fpu fpv4-sp-d16
 410              	UART5_IRQHandler:
 411              	.LFB332:
 341:Src/stm32l4xx_it.c **** 
 342:Src/stm32l4xx_it.c **** /**
 343:Src/stm32l4xx_it.c ****   * @brief This function handles UART5 global interrupt.
 344:Src/stm32l4xx_it.c ****   */
 345:Src/stm32l4xx_it.c **** void UART5_IRQHandler(void)
 346:Src/stm32l4xx_it.c **** {
 412              		.loc 1 346 1 is_stmt 1 view -0
 413              		.cfi_startproc
 414              		@ args = 0, pretend = 0, frame = 0
 415              		@ frame_needed = 0, uses_anonymous_args = 0
 416 0000 08B5     		push	{r3, lr}
 417              	.LCFI7:
 418              		.cfi_def_cfa_offset 8
 419              		.cfi_offset 3, -8
 420              		.cfi_offset 14, -4
 347:Src/stm32l4xx_it.c ****   /* USER CODE BEGIN UART5_IRQn 0 */
 348:Src/stm32l4xx_it.c ****   /* USER CODE END UART5_IRQn 0 */
ARM GAS  C:\Users\LY\AppData\Local\Temp\cckJWDig.s 			page 14


 349:Src/stm32l4xx_it.c ****   HAL_UART_IRQHandler(&huart5);
 421              		.loc 1 349 3 view .LVU47
 422 0002 0248     		ldr	r0, .L33
 423 0004 FFF7FEFF 		bl	HAL_UART_IRQHandler
 424              	.LVL8:
 350:Src/stm32l4xx_it.c ****   /* USER CODE BEGIN UART5_IRQn 1 */
 351:Src/stm32l4xx_it.c **** 
 352:Src/stm32l4xx_it.c ****   /* USER CODE END UART5_IRQn 1 */
 353:Src/stm32l4xx_it.c **** }
 425              		.loc 1 353 1 is_stmt 0 view .LVU48
 426 0008 08BD     		pop	{r3, pc}
 427              	.L34:
 428 000a 00BF     		.align	2
 429              	.L33:
 430 000c 00000000 		.word	huart5
 431              		.cfi_endproc
 432              	.LFE332:
 434              		.section	.text.TIM6_DAC_IRQHandler,"ax",%progbits
 435              		.align	1
 436              		.global	TIM6_DAC_IRQHandler
 437              		.syntax unified
 438              		.thumb
 439              		.thumb_func
 440              		.fpu fpv4-sp-d16
 442              	TIM6_DAC_IRQHandler:
 443              	.LFB333:
 354:Src/stm32l4xx_it.c **** 
 355:Src/stm32l4xx_it.c **** /**
 356:Src/stm32l4xx_it.c ****   * @brief This function handles TIM6 global interrupt, DAC channel1 and channel2 underrun error in
 357:Src/stm32l4xx_it.c ****   */
 358:Src/stm32l4xx_it.c **** void TIM6_DAC_IRQHandler(void)
 359:Src/stm32l4xx_it.c **** {
 444              		.loc 1 359 1 is_stmt 1 view -0
 445              		.cfi_startproc
 446              		@ args = 0, pretend = 0, frame = 0
 447              		@ frame_needed = 0, uses_anonymous_args = 0
 448 0000 08B5     		push	{r3, lr}
 449              	.LCFI8:
 450              		.cfi_def_cfa_offset 8
 451              		.cfi_offset 3, -8
 452              		.cfi_offset 14, -4
 360:Src/stm32l4xx_it.c ****   /* USER CODE BEGIN TIM6_DAC_IRQn 0 */
 361:Src/stm32l4xx_it.c **** 
 362:Src/stm32l4xx_it.c ****   /* USER CODE END TIM6_DAC_IRQn 0 */
 363:Src/stm32l4xx_it.c ****   HAL_TIM_IRQHandler(&htim6);
 453              		.loc 1 363 3 view .LVU50
 454 0002 0248     		ldr	r0, .L37
 455 0004 FFF7FEFF 		bl	HAL_TIM_IRQHandler
 456              	.LVL9:
 364:Src/stm32l4xx_it.c ****   /* USER CODE BEGIN TIM6_DAC_IRQn 1 */
 365:Src/stm32l4xx_it.c **** 
 366:Src/stm32l4xx_it.c ****   /* USER CODE END TIM6_DAC_IRQn 1 */
 367:Src/stm32l4xx_it.c **** }
 457              		.loc 1 367 1 is_stmt 0 view .LVU51
 458 0008 08BD     		pop	{r3, pc}
 459              	.L38:
 460 000a 00BF     		.align	2
ARM GAS  C:\Users\LY\AppData\Local\Temp\cckJWDig.s 			page 15


 461              	.L37:
 462 000c 00000000 		.word	htim6
 463              		.cfi_endproc
 464              	.LFE333:
 466              		.section	.text.usart1_recv_idle,"ax",%progbits
 467              		.align	1
 468              		.global	usart1_recv_idle
 469              		.syntax unified
 470              		.thumb
 471              		.thumb_func
 472              		.fpu fpv4-sp-d16
 474              	usart1_recv_idle:
 475              	.LVL10:
 476              	.LFB334:
 368:Src/stm32l4xx_it.c **** 
 369:Src/stm32l4xx_it.c **** #if 0
 370:Src/stm32l4xx_it.c **** /**
 371:Src/stm32l4xx_it.c ****   * @brief This function handles DMA2 channel2 global interrupt.
 372:Src/stm32l4xx_it.c ****   */
 373:Src/stm32l4xx_it.c **** void DMA2_Channel2_IRQHandler(void)
 374:Src/stm32l4xx_it.c **** {
 375:Src/stm32l4xx_it.c ****   /* USER CODE BEGIN DMA2_Channel2_IRQn 0 */
 376:Src/stm32l4xx_it.c **** 
 377:Src/stm32l4xx_it.c ****   /* USER CODE END DMA2_Channel2_IRQn 0 */
 378:Src/stm32l4xx_it.c ****   HAL_DMA_IRQHandler(&hdma_uart5_rx);
 379:Src/stm32l4xx_it.c ****   /* USER CODE BEGIN DMA2_Channel2_IRQn 1 */
 380:Src/stm32l4xx_it.c **** 
 381:Src/stm32l4xx_it.c ****   /* USER CODE END DMA2_Channel2_IRQn 1 */
 382:Src/stm32l4xx_it.c **** }
 383:Src/stm32l4xx_it.c **** #endif
 384:Src/stm32l4xx_it.c **** /* USER CODE BEGIN 1 */
 385:Src/stm32l4xx_it.c **** /*********************************************************************
 386:Src/stm32l4xx_it.c ****  *	function name:  usart3_recv_idle
 387:Src/stm32l4xx_it.c ****  *	describe: Receiving data in DMA idle mode
 388:Src/stm32l4xx_it.c ****  *	input:
 389:Src/stm32l4xx_it.c ****  *	output:
 390:Src/stm32l4xx_it.c ****  *	return:null
 391:Src/stm32l4xx_it.c ****  *	revision histroy :   1.
 392:Src/stm32l4xx_it.c ****  *                      2.
 393:Src/stm32l4xx_it.c ****  **********************************************************************/
 394:Src/stm32l4xx_it.c **** void usart1_recv_idle(UART_HandleTypeDef *huart)
 395:Src/stm32l4xx_it.c **** {
 477              		.loc 1 395 1 is_stmt 1 view -0
 478              		.cfi_startproc
 479              		@ args = 0, pretend = 0, frame = 0
 480              		@ frame_needed = 0, uses_anonymous_args = 0
 396:Src/stm32l4xx_it.c ****     uint16_t i = I_ZERO;
 481              		.loc 1 396 5 view .LVU53
 397:Src/stm32l4xx_it.c **** 
 398:Src/stm32l4xx_it.c ****     if((__HAL_UART_GET_FLAG(huart,UART_FLAG_IDLE) != RESET))  
 482              		.loc 1 398 5 view .LVU54
 483              		.loc 1 398 9 is_stmt 0 view .LVU55
 484 0000 0368     		ldr	r3, [r0]
 485 0002 DA69     		ldr	r2, [r3, #28]
 486              		.loc 1 398 7 view .LVU56
 487 0004 12F0100F 		tst	r2, #16
 488 0008 2DD0     		beq	.L43
ARM GAS  C:\Users\LY\AppData\Local\Temp\cckJWDig.s 			page 16


 395:Src/stm32l4xx_it.c ****     uint16_t i = I_ZERO;
 489              		.loc 1 395 1 view .LVU57
 490 000a 70B5     		push	{r4, r5, r6, lr}
 491              	.LCFI9:
 492              		.cfi_def_cfa_offset 16
 493              		.cfi_offset 4, -16
 494              		.cfi_offset 5, -12
 495              		.cfi_offset 6, -8
 496              		.cfi_offset 14, -4
 497 000c 0446     		mov	r4, r0
 399:Src/stm32l4xx_it.c ****     {
 400:Src/stm32l4xx_it.c ****         if(huart->Instance == LPUART1)
 498              		.loc 1 400 9 is_stmt 1 view .LVU58
 499              		.loc 1 400 11 is_stmt 0 view .LVU59
 500 000e 164A     		ldr	r2, .L48
 501 0010 9342     		cmp	r3, r2
 502 0012 00D0     		beq	.L46
 503              	.LVL11:
 504              	.L39:
 401:Src/stm32l4xx_it.c ****         {
 402:Src/stm32l4xx_it.c ****             __HAL_UART_CLEAR_IDLEFLAG(huart);
 403:Src/stm32l4xx_it.c ****             i = huart->Instance->ISR;
 404:Src/stm32l4xx_it.c ****             i = huart->Instance->RDR;
 405:Src/stm32l4xx_it.c ****             i = hdma_lpuart_rx.Instance->CNDTR; 
 406:Src/stm32l4xx_it.c **** 
 407:Src/stm32l4xx_it.c ****             //HAL_UART_DMAStop(huart);
 408:Src/stm32l4xx_it.c ****             HAL_UART_Abort(huart);
 409:Src/stm32l4xx_it.c ****             if(g_usart1_rx_finish == 0)
 410:Src/stm32l4xx_it.c ****             {
 411:Src/stm32l4xx_it.c ****                 memcpy(ar_usart1_tx_buffer,ar_usart1_rx_buffer,(MAX_RECEIVE_DATA - i));
 412:Src/stm32l4xx_it.c ****                 g_usart1_tx_len = MAX_RECEIVE_DATA - i;
 413:Src/stm32l4xx_it.c ****                 g_usart1_rx_finish = 1;
 414:Src/stm32l4xx_it.c ****             }
 415:Src/stm32l4xx_it.c ****             memset(ar_usart1_rx_buffer,0x00,MAX_RECEIVE_DATA);
 416:Src/stm32l4xx_it.c ****             HAL_UART_Receive_DMA(huart,(uint8_t *)&ar_usart1_rx_buffer,MAX_RECEIVE_DATA);
 417:Src/stm32l4xx_it.c ****         }
 418:Src/stm32l4xx_it.c ****     }
 419:Src/stm32l4xx_it.c **** }
 505              		.loc 1 419 1 view .LVU60
 506 0014 70BD     		pop	{r4, r5, r6, pc}
 507              	.LVL12:
 508              	.L46:
 402:Src/stm32l4xx_it.c ****             i = huart->Instance->ISR;
 509              		.loc 1 402 13 is_stmt 1 view .LVU61
 510 0016 1022     		movs	r2, #16
 511 0018 1A62     		str	r2, [r3, #32]
 403:Src/stm32l4xx_it.c ****             i = huart->Instance->RDR;
 512              		.loc 1 403 13 view .LVU62
 403:Src/stm32l4xx_it.c ****             i = huart->Instance->RDR;
 513              		.loc 1 403 22 is_stmt 0 view .LVU63
 514 001a 0368     		ldr	r3, [r0]
 403:Src/stm32l4xx_it.c ****             i = huart->Instance->RDR;
 515              		.loc 1 403 32 view .LVU64
 516 001c DA69     		ldr	r2, [r3, #28]
 517              	.LVL13:
 404:Src/stm32l4xx_it.c ****             i = hdma_lpuart_rx.Instance->CNDTR; 
 518              		.loc 1 404 13 is_stmt 1 view .LVU65
ARM GAS  C:\Users\LY\AppData\Local\Temp\cckJWDig.s 			page 17


 404:Src/stm32l4xx_it.c ****             i = hdma_lpuart_rx.Instance->CNDTR; 
 519              		.loc 1 404 15 is_stmt 0 view .LVU66
 520 001e 9B8C     		ldrh	r3, [r3, #36]
 405:Src/stm32l4xx_it.c **** 
 521              		.loc 1 405 13 is_stmt 1 view .LVU67
 405:Src/stm32l4xx_it.c **** 
 522              		.loc 1 405 31 is_stmt 0 view .LVU68
 523 0020 124B     		ldr	r3, .L48+4
 524 0022 1B68     		ldr	r3, [r3]
 405:Src/stm32l4xx_it.c **** 
 525              		.loc 1 405 40 view .LVU69
 526 0024 5D68     		ldr	r5, [r3, #4]
 527              	.LVL14:
 408:Src/stm32l4xx_it.c ****             if(g_usart1_rx_finish == 0)
 528              		.loc 1 408 13 is_stmt 1 view .LVU70
 529 0026 FFF7FEFF 		bl	HAL_UART_Abort
 530              	.LVL15:
 409:Src/stm32l4xx_it.c ****             {
 531              		.loc 1 409 13 view .LVU71
 409:Src/stm32l4xx_it.c ****             {
 532              		.loc 1 409 35 is_stmt 0 view .LVU72
 533 002a 114B     		ldr	r3, .L48+8
 534 002c 1B78     		ldrb	r3, [r3]	@ zero_extendqisi2
 409:Src/stm32l4xx_it.c ****             {
 535              		.loc 1 409 15 view .LVU73
 536 002e 63B1     		cbz	r3, .L47
 537              	.LVL16:
 538              	.L41:
 415:Src/stm32l4xx_it.c ****             HAL_UART_Receive_DMA(huart,(uint8_t *)&ar_usart1_rx_buffer,MAX_RECEIVE_DATA);
 539              		.loc 1 415 13 is_stmt 1 view .LVU74
 540 0030 104D     		ldr	r5, .L48+12
 541 0032 FF26     		movs	r6, #255
 542 0034 3246     		mov	r2, r6
 543 0036 0021     		movs	r1, #0
 544 0038 2846     		mov	r0, r5
 545 003a FFF7FEFF 		bl	memset
 546              	.LVL17:
 416:Src/stm32l4xx_it.c ****         }
 547              		.loc 1 416 13 view .LVU75
 548 003e 3246     		mov	r2, r6
 549 0040 2946     		mov	r1, r5
 550 0042 2046     		mov	r0, r4
 551 0044 FFF7FEFF 		bl	HAL_UART_Receive_DMA
 552              	.LVL18:
 553              		.loc 1 419 1 is_stmt 0 view .LVU76
 554 0048 E4E7     		b	.L39
 555              	.LVL19:
 556              	.L47:
 411:Src/stm32l4xx_it.c ****                 g_usart1_tx_len = MAX_RECEIVE_DATA - i;
 557              		.loc 1 411 17 is_stmt 1 view .LVU77
 411:Src/stm32l4xx_it.c ****                 g_usart1_tx_len = MAX_RECEIVE_DATA - i;
 558              		.loc 1 411 82 is_stmt 0 view .LVU78
 559 004a AAB2     		uxth	r2, r5
 411:Src/stm32l4xx_it.c ****                 g_usart1_tx_len = MAX_RECEIVE_DATA - i;
 560              		.loc 1 411 17 view .LVU79
 561 004c C2F1FF02 		rsb	r2, r2, #255
 562 0050 0849     		ldr	r1, .L48+12
ARM GAS  C:\Users\LY\AppData\Local\Temp\cckJWDig.s 			page 18


 563 0052 0948     		ldr	r0, .L48+16
 564 0054 FFF7FEFF 		bl	memcpy
 565              	.LVL20:
 412:Src/stm32l4xx_it.c ****                 g_usart1_rx_finish = 1;
 566              		.loc 1 412 17 is_stmt 1 view .LVU80
 412:Src/stm32l4xx_it.c ****                 g_usart1_rx_finish = 1;
 567              		.loc 1 412 52 is_stmt 0 view .LVU81
 568 0058 ED43     		mvns	r5, r5
 569              	.LVL21:
 412:Src/stm32l4xx_it.c ****                 g_usart1_rx_finish = 1;
 570              		.loc 1 412 33 view .LVU82
 571 005a 084B     		ldr	r3, .L48+20
 572 005c 1D70     		strb	r5, [r3]
 413:Src/stm32l4xx_it.c ****             }
 573              		.loc 1 413 17 is_stmt 1 view .LVU83
 413:Src/stm32l4xx_it.c ****             }
 574              		.loc 1 413 36 is_stmt 0 view .LVU84
 575 005e 044B     		ldr	r3, .L48+8
 576 0060 0122     		movs	r2, #1
 577 0062 1A70     		strb	r2, [r3]
 578 0064 E4E7     		b	.L41
 579              	.LVL22:
 580              	.L43:
 581              	.LCFI10:
 582              		.cfi_def_cfa_offset 0
 583              		.cfi_restore 4
 584              		.cfi_restore 5
 585              		.cfi_restore 6
 586              		.cfi_restore 14
 413:Src/stm32l4xx_it.c ****             }
 587              		.loc 1 413 36 view .LVU85
 588 0066 7047     		bx	lr
 589              	.L49:
 590              		.align	2
 591              	.L48:
 592 0068 00800040 		.word	1073774592
 593 006c 00000000 		.word	hdma_lpuart_rx
 594 0070 00000000 		.word	g_usart1_rx_finish
 595 0074 00000000 		.word	ar_usart1_rx_buffer
 596 0078 00000000 		.word	ar_usart1_tx_buffer
 597 007c 00000000 		.word	g_usart1_tx_len
 598              		.cfi_endproc
 599              	.LFE334:
 601              		.section	.text.LPUART1_IRQHandler,"ax",%progbits
 602              		.align	1
 603              		.global	LPUART1_IRQHandler
 604              		.syntax unified
 605              		.thumb
 606              		.thumb_func
 607              		.fpu fpv4-sp-d16
 609              	LPUART1_IRQHandler:
 610              	.LFB329:
 302:Src/stm32l4xx_it.c ****   /* USER CODE BEGIN LPUART1_IRQn 0 */
 611              		.loc 1 302 1 is_stmt 1 view -0
 612              		.cfi_startproc
 613              		@ args = 0, pretend = 0, frame = 0
 614              		@ frame_needed = 0, uses_anonymous_args = 0
ARM GAS  C:\Users\LY\AppData\Local\Temp\cckJWDig.s 			page 19


 615 0000 08B5     		push	{r3, lr}
 616              	.LCFI11:
 617              		.cfi_def_cfa_offset 8
 618              		.cfi_offset 3, -8
 619              		.cfi_offset 14, -4
 304:Src/stm32l4xx_it.c ****     {
 620              		.loc 1 304 5 view .LVU87
 304:Src/stm32l4xx_it.c ****     {
 621              		.loc 1 304 8 is_stmt 0 view .LVU88
 622 0002 074B     		ldr	r3, .L54
 623 0004 1B68     		ldr	r3, [r3]
 624 0006 DB69     		ldr	r3, [r3, #28]
 304:Src/stm32l4xx_it.c ****     {
 625              		.loc 1 304 7 view .LVU89
 626 0008 13F0100F 		tst	r3, #16
 627 000c 03D1     		bne	.L53
 628              	.L51:
 309:Src/stm32l4xx_it.c ****   /* USER CODE BEGIN LPUART1_IRQn 1 */
 629              		.loc 1 309 3 is_stmt 1 view .LVU90
 630 000e 0448     		ldr	r0, .L54
 631 0010 FFF7FEFF 		bl	HAL_UART_IRQHandler
 632              	.LVL23:
 313:Src/stm32l4xx_it.c **** /**
 633              		.loc 1 313 1 is_stmt 0 view .LVU91
 634 0014 08BD     		pop	{r3, pc}
 635              	.L53:
 306:Src/stm32l4xx_it.c ****     }
 636              		.loc 1 306 9 is_stmt 1 view .LVU92
 637 0016 0248     		ldr	r0, .L54
 638 0018 FFF7FEFF 		bl	usart1_recv_idle
 639              	.LVL24:
 640 001c F7E7     		b	.L51
 641              	.L55:
 642 001e 00BF     		.align	2
 643              	.L54:
 644 0020 00000000 		.word	hlpuart1
 645              		.cfi_endproc
 646              	.LFE329:
 648              		.section	.text.usart5_recv_idle,"ax",%progbits
 649              		.align	1
 650              		.global	usart5_recv_idle
 651              		.syntax unified
 652              		.thumb
 653              		.thumb_func
 654              		.fpu fpv4-sp-d16
 656              	usart5_recv_idle:
 657              	.LVL25:
 658              	.LFB335:
 420:Src/stm32l4xx_it.c **** 
 421:Src/stm32l4xx_it.c **** void usart5_recv_idle(UART_HandleTypeDef *huart)
 422:Src/stm32l4xx_it.c **** {
 659              		.loc 1 422 1 view -0
 660              		.cfi_startproc
 661              		@ args = 0, pretend = 0, frame = 0
 662              		@ frame_needed = 0, uses_anonymous_args = 0
 423:Src/stm32l4xx_it.c ****     uint16_t i = I_ZERO;
 663              		.loc 1 423 5 view .LVU94
ARM GAS  C:\Users\LY\AppData\Local\Temp\cckJWDig.s 			page 20


 424:Src/stm32l4xx_it.c **** 
 425:Src/stm32l4xx_it.c ****     if((__HAL_UART_GET_FLAG(huart,UART_FLAG_IDLE) != RESET))
 664              		.loc 1 425 5 view .LVU95
 665              		.loc 1 425 9 is_stmt 0 view .LVU96
 666 0000 0368     		ldr	r3, [r0]
 667 0002 DA69     		ldr	r2, [r3, #28]
 668              		.loc 1 425 7 view .LVU97
 669 0004 12F0100F 		tst	r2, #16
 670 0008 2DD0     		beq	.L60
 422:Src/stm32l4xx_it.c ****     uint16_t i = I_ZERO;
 671              		.loc 1 422 1 view .LVU98
 672 000a 70B5     		push	{r4, r5, r6, lr}
 673              	.LCFI12:
 674              		.cfi_def_cfa_offset 16
 675              		.cfi_offset 4, -16
 676              		.cfi_offset 5, -12
 677              		.cfi_offset 6, -8
 678              		.cfi_offset 14, -4
 679 000c 0446     		mov	r4, r0
 426:Src/stm32l4xx_it.c ****     {
 427:Src/stm32l4xx_it.c ****         if(huart->Instance == UART5)
 680              		.loc 1 427 9 is_stmt 1 view .LVU99
 681              		.loc 1 427 11 is_stmt 0 view .LVU100
 682 000e 164A     		ldr	r2, .L65
 683 0010 9342     		cmp	r3, r2
 684 0012 00D0     		beq	.L63
 685              	.LVL26:
 686              	.L56:
 428:Src/stm32l4xx_it.c ****         {
 429:Src/stm32l4xx_it.c ****             __HAL_UART_CLEAR_IDLEFLAG(huart);
 430:Src/stm32l4xx_it.c ****             i = huart->Instance->ISR;
 431:Src/stm32l4xx_it.c ****             i = huart->Instance->RDR;
 432:Src/stm32l4xx_it.c ****             i = hdma_uart5_rx.Instance->CNDTR; 
 433:Src/stm32l4xx_it.c **** 
 434:Src/stm32l4xx_it.c ****             //HAL_UART_DMAStop(huart);
 435:Src/stm32l4xx_it.c ****             HAL_UART_Abort(huart);
 436:Src/stm32l4xx_it.c ****             if(g_usart5_rx_finish == 0)
 437:Src/stm32l4xx_it.c ****             {
 438:Src/stm32l4xx_it.c ****                 memcpy(ar_usart5_tx_buffer,ar_usart5_rx_buffer,(MAX_RECEIVE_DATA - i));
 439:Src/stm32l4xx_it.c ****                 g_usart5_tx_len = MAX_RECEIVE_DATA - i;
 440:Src/stm32l4xx_it.c ****                 g_usart5_rx_finish = 1;
 441:Src/stm32l4xx_it.c ****             }
 442:Src/stm32l4xx_it.c ****             memset(ar_usart5_rx_buffer,0x00,MAX_RECEIVE_DATA);
 443:Src/stm32l4xx_it.c ****             HAL_UART_Receive_DMA(huart,(uint8_t *)&ar_usart5_rx_buffer,MAX_RECEIVE_DATA);
 444:Src/stm32l4xx_it.c ****         }
 445:Src/stm32l4xx_it.c ****     }
 446:Src/stm32l4xx_it.c **** }
 687              		.loc 1 446 1 view .LVU101
 688 0014 70BD     		pop	{r4, r5, r6, pc}
 689              	.LVL27:
 690              	.L63:
 429:Src/stm32l4xx_it.c ****             i = huart->Instance->ISR;
 691              		.loc 1 429 13 is_stmt 1 view .LVU102
 692 0016 1022     		movs	r2, #16
 693 0018 1A62     		str	r2, [r3, #32]
 430:Src/stm32l4xx_it.c ****             i = huart->Instance->RDR;
 694              		.loc 1 430 13 view .LVU103
ARM GAS  C:\Users\LY\AppData\Local\Temp\cckJWDig.s 			page 21


 430:Src/stm32l4xx_it.c ****             i = huart->Instance->RDR;
 695              		.loc 1 430 22 is_stmt 0 view .LVU104
 696 001a 0368     		ldr	r3, [r0]
 430:Src/stm32l4xx_it.c ****             i = huart->Instance->RDR;
 697              		.loc 1 430 32 view .LVU105
 698 001c DA69     		ldr	r2, [r3, #28]
 699              	.LVL28:
 431:Src/stm32l4xx_it.c ****             i = hdma_uart5_rx.Instance->CNDTR; 
 700              		.loc 1 431 13 is_stmt 1 view .LVU106
 431:Src/stm32l4xx_it.c ****             i = hdma_uart5_rx.Instance->CNDTR; 
 701              		.loc 1 431 15 is_stmt 0 view .LVU107
 702 001e 9B8C     		ldrh	r3, [r3, #36]
 432:Src/stm32l4xx_it.c **** 
 703              		.loc 1 432 13 is_stmt 1 view .LVU108
 432:Src/stm32l4xx_it.c **** 
 704              		.loc 1 432 30 is_stmt 0 view .LVU109
 705 0020 124B     		ldr	r3, .L65+4
 706 0022 1B68     		ldr	r3, [r3]
 432:Src/stm32l4xx_it.c **** 
 707              		.loc 1 432 39 view .LVU110
 708 0024 5D68     		ldr	r5, [r3, #4]
 709              	.LVL29:
 435:Src/stm32l4xx_it.c ****             if(g_usart5_rx_finish == 0)
 710              		.loc 1 435 13 is_stmt 1 view .LVU111
 711 0026 FFF7FEFF 		bl	HAL_UART_Abort
 712              	.LVL30:
 436:Src/stm32l4xx_it.c ****             {
 713              		.loc 1 436 13 view .LVU112
 436:Src/stm32l4xx_it.c ****             {
 714              		.loc 1 436 35 is_stmt 0 view .LVU113
 715 002a 114B     		ldr	r3, .L65+8
 716 002c 1B78     		ldrb	r3, [r3]	@ zero_extendqisi2
 436:Src/stm32l4xx_it.c ****             {
 717              		.loc 1 436 15 view .LVU114
 718 002e 63B1     		cbz	r3, .L64
 719              	.LVL31:
 720              	.L58:
 442:Src/stm32l4xx_it.c ****             HAL_UART_Receive_DMA(huart,(uint8_t *)&ar_usart5_rx_buffer,MAX_RECEIVE_DATA);
 721              		.loc 1 442 13 is_stmt 1 view .LVU115
 722 0030 104D     		ldr	r5, .L65+12
 723 0032 FF26     		movs	r6, #255
 724 0034 3246     		mov	r2, r6
 725 0036 0021     		movs	r1, #0
 726 0038 2846     		mov	r0, r5
 727 003a FFF7FEFF 		bl	memset
 728              	.LVL32:
 443:Src/stm32l4xx_it.c ****         }
 729              		.loc 1 443 13 view .LVU116
 730 003e 3246     		mov	r2, r6
 731 0040 2946     		mov	r1, r5
 732 0042 2046     		mov	r0, r4
 733 0044 FFF7FEFF 		bl	HAL_UART_Receive_DMA
 734              	.LVL33:
 735              		.loc 1 446 1 is_stmt 0 view .LVU117
 736 0048 E4E7     		b	.L56
 737              	.LVL34:
 738              	.L64:
ARM GAS  C:\Users\LY\AppData\Local\Temp\cckJWDig.s 			page 22


 438:Src/stm32l4xx_it.c ****                 g_usart5_tx_len = MAX_RECEIVE_DATA - i;
 739              		.loc 1 438 17 is_stmt 1 view .LVU118
 438:Src/stm32l4xx_it.c ****                 g_usart5_tx_len = MAX_RECEIVE_DATA - i;
 740              		.loc 1 438 82 is_stmt 0 view .LVU119
 741 004a AAB2     		uxth	r2, r5
 438:Src/stm32l4xx_it.c ****                 g_usart5_tx_len = MAX_RECEIVE_DATA - i;
 742              		.loc 1 438 17 view .LVU120
 743 004c C2F1FF02 		rsb	r2, r2, #255
 744 0050 0849     		ldr	r1, .L65+12
 745 0052 0948     		ldr	r0, .L65+16
 746 0054 FFF7FEFF 		bl	memcpy
 747              	.LVL35:
 439:Src/stm32l4xx_it.c ****                 g_usart5_rx_finish = 1;
 748              		.loc 1 439 17 is_stmt 1 view .LVU121
 439:Src/stm32l4xx_it.c ****                 g_usart5_rx_finish = 1;
 749              		.loc 1 439 52 is_stmt 0 view .LVU122
 750 0058 ED43     		mvns	r5, r5
 751              	.LVL36:
 439:Src/stm32l4xx_it.c ****                 g_usart5_rx_finish = 1;
 752              		.loc 1 439 33 view .LVU123
 753 005a 084B     		ldr	r3, .L65+20
 754 005c 1D70     		strb	r5, [r3]
 440:Src/stm32l4xx_it.c ****             }
 755              		.loc 1 440 17 is_stmt 1 view .LVU124
 440:Src/stm32l4xx_it.c ****             }
 756              		.loc 1 440 36 is_stmt 0 view .LVU125
 757 005e 044B     		ldr	r3, .L65+8
 758 0060 0122     		movs	r2, #1
 759 0062 1A70     		strb	r2, [r3]
 760 0064 E4E7     		b	.L58
 761              	.LVL37:
 762              	.L60:
 763              	.LCFI13:
 764              		.cfi_def_cfa_offset 0
 765              		.cfi_restore 4
 766              		.cfi_restore 5
 767              		.cfi_restore 6
 768              		.cfi_restore 14
 440:Src/stm32l4xx_it.c ****             }
 769              		.loc 1 440 36 view .LVU126
 770 0066 7047     		bx	lr
 771              	.L66:
 772              		.align	2
 773              	.L65:
 774 0068 00500040 		.word	1073762304
 775 006c 00000000 		.word	hdma_uart5_rx
 776 0070 00000000 		.word	g_usart5_rx_finish
 777 0074 00000000 		.word	ar_usart5_rx_buffer
 778 0078 00000000 		.word	ar_usart5_tx_buffer
 779 007c 00000000 		.word	g_usart5_tx_len
 780              		.cfi_endproc
 781              	.LFE335:
 783              		.text
 784              	.Letext0:
 785              		.file 2 "c:\\program files (x86)\\gnu tools arm embedded\\9 2019-q4-major\\arm-none-eabi\\include\
 786              		.file 3 "c:\\program files (x86)\\gnu tools arm embedded\\9 2019-q4-major\\arm-none-eabi\\include\
 787              		.file 4 "Drivers/CMSIS/Include/core_cm4.h"
ARM GAS  C:\Users\LY\AppData\Local\Temp\cckJWDig.s 			page 23


 788              		.file 5 "Drivers/CMSIS/Device/ST/STM32L4xx/Include/system_stm32l4xx.h"
 789              		.file 6 "Drivers/CMSIS/Device/ST/STM32L4xx/Include/stm32l471xx.h"
 790              		.file 7 "Drivers/CMSIS/Device/ST/STM32L4xx/Include/stm32l4xx.h"
 791              		.file 8 "Drivers/STM32L4xx_HAL_Driver/Inc/stm32l4xx_hal_def.h"
 792              		.file 9 "Drivers/STM32L4xx_HAL_Driver/Inc/stm32l4xx_hal_dma.h"
 793              		.file 10 "Drivers/STM32L4xx_HAL_Driver/Inc/stm32l4xx_hal_flash.h"
 794              		.file 11 "Drivers/STM32L4xx_HAL_Driver/Inc/stm32l4xx_hal_tim.h"
 795              		.file 12 "Drivers/STM32L4xx_HAL_Driver/Inc/stm32l4xx_hal_uart.h"
 796              		.file 13 "Drivers/STM32L4xx_HAL_Driver/Inc/stm32l4xx_hal.h"
 797              		.file 14 "c:\\program files (x86)\\gnu tools arm embedded\\9 2019-q4-major\\arm-none-eabi\\include
 798              		.file 15 "c:\\program files (x86)\\gnu tools arm embedded\\9 2019-q4-major\\arm-none-eabi\\include
 799              		.file 16 "c:\\program files (x86)\\gnu tools arm embedded\\9 2019-q4-major\\lib\\gcc\\arm-none-eab
 800              		.file 17 "c:\\program files (x86)\\gnu tools arm embedded\\9 2019-q4-major\\arm-none-eabi\\include
 801              		.file 18 "Inc/main.h"
 802              		.file 19 "Inc/ble_e95.h"
 803              		.file 20 "Inc/usart.h"
 804              		.file 21 "Inc/iot.h"
 805              		.file 22 "<built-in>"
 806              		.file 23 "Drivers/STM32L4xx_HAL_Driver/Inc/stm32l4xx_hal_gpio.h"
ARM GAS  C:\Users\LY\AppData\Local\Temp\cckJWDig.s 			page 24


DEFINED SYMBOLS
                            *ABS*:00000000 stm32l4xx_it.c
C:\Users\LY\AppData\Local\Temp\cckJWDig.s:18     .text.NMI_Handler:00000000 $t
C:\Users\LY\AppData\Local\Temp\cckJWDig.s:26     .text.NMI_Handler:00000000 NMI_Handler
C:\Users\LY\AppData\Local\Temp\cckJWDig.s:40     .text.HardFault_Handler:00000000 $t
C:\Users\LY\AppData\Local\Temp\cckJWDig.s:47     .text.HardFault_Handler:00000000 HardFault_Handler
C:\Users\LY\AppData\Local\Temp\cckJWDig.s:64     .text.MemManage_Handler:00000000 $t
C:\Users\LY\AppData\Local\Temp\cckJWDig.s:71     .text.MemManage_Handler:00000000 MemManage_Handler
C:\Users\LY\AppData\Local\Temp\cckJWDig.s:88     .text.BusFault_Handler:00000000 $t
C:\Users\LY\AppData\Local\Temp\cckJWDig.s:95     .text.BusFault_Handler:00000000 BusFault_Handler
C:\Users\LY\AppData\Local\Temp\cckJWDig.s:112    .text.UsageFault_Handler:00000000 $t
C:\Users\LY\AppData\Local\Temp\cckJWDig.s:119    .text.UsageFault_Handler:00000000 UsageFault_Handler
C:\Users\LY\AppData\Local\Temp\cckJWDig.s:136    .text.SVC_Handler:00000000 $t
C:\Users\LY\AppData\Local\Temp\cckJWDig.s:143    .text.SVC_Handler:00000000 SVC_Handler
C:\Users\LY\AppData\Local\Temp\cckJWDig.s:156    .text.DebugMon_Handler:00000000 $t
C:\Users\LY\AppData\Local\Temp\cckJWDig.s:163    .text.DebugMon_Handler:00000000 DebugMon_Handler
C:\Users\LY\AppData\Local\Temp\cckJWDig.s:176    .text.PendSV_Handler:00000000 $t
C:\Users\LY\AppData\Local\Temp\cckJWDig.s:183    .text.PendSV_Handler:00000000 PendSV_Handler
C:\Users\LY\AppData\Local\Temp\cckJWDig.s:196    .text.SysTick_Handler:00000000 $t
C:\Users\LY\AppData\Local\Temp\cckJWDig.s:203    .text.SysTick_Handler:00000000 SysTick_Handler
C:\Users\LY\AppData\Local\Temp\cckJWDig.s:223    .text.EXTI0_IRQHandler:00000000 $t
C:\Users\LY\AppData\Local\Temp\cckJWDig.s:230    .text.EXTI0_IRQHandler:00000000 EXTI0_IRQHandler
C:\Users\LY\AppData\Local\Temp\cckJWDig.s:251    .text.EXTI2_IRQHandler:00000000 $t
C:\Users\LY\AppData\Local\Temp\cckJWDig.s:258    .text.EXTI2_IRQHandler:00000000 EXTI2_IRQHandler
C:\Users\LY\AppData\Local\Temp\cckJWDig.s:279    .text.EXTI3_IRQHandler:00000000 $t
C:\Users\LY\AppData\Local\Temp\cckJWDig.s:286    .text.EXTI3_IRQHandler:00000000 EXTI3_IRQHandler
C:\Users\LY\AppData\Local\Temp\cckJWDig.s:307    .text.DMA2_Channel7_IRQHandler:00000000 $t
C:\Users\LY\AppData\Local\Temp\cckJWDig.s:314    .text.DMA2_Channel7_IRQHandler:00000000 DMA2_Channel7_IRQHandler
C:\Users\LY\AppData\Local\Temp\cckJWDig.s:334    .text.DMA2_Channel7_IRQHandler:0000000c $d
C:\Users\LY\AppData\Local\Temp\cckJWDig.s:339    .text.EXTI9_5_IRQHandler:00000000 $t
C:\Users\LY\AppData\Local\Temp\cckJWDig.s:346    .text.EXTI9_5_IRQHandler:00000000 EXTI9_5_IRQHandler
C:\Users\LY\AppData\Local\Temp\cckJWDig.s:371    .text.TIM5_IRQHandler:00000000 $t
C:\Users\LY\AppData\Local\Temp\cckJWDig.s:378    .text.TIM5_IRQHandler:00000000 TIM5_IRQHandler
C:\Users\LY\AppData\Local\Temp\cckJWDig.s:398    .text.TIM5_IRQHandler:0000000c $d
C:\Users\LY\AppData\Local\Temp\cckJWDig.s:403    .text.UART5_IRQHandler:00000000 $t
C:\Users\LY\AppData\Local\Temp\cckJWDig.s:410    .text.UART5_IRQHandler:00000000 UART5_IRQHandler
C:\Users\LY\AppData\Local\Temp\cckJWDig.s:430    .text.UART5_IRQHandler:0000000c $d
C:\Users\LY\AppData\Local\Temp\cckJWDig.s:435    .text.TIM6_DAC_IRQHandler:00000000 $t
C:\Users\LY\AppData\Local\Temp\cckJWDig.s:442    .text.TIM6_DAC_IRQHandler:00000000 TIM6_DAC_IRQHandler
C:\Users\LY\AppData\Local\Temp\cckJWDig.s:462    .text.TIM6_DAC_IRQHandler:0000000c $d
C:\Users\LY\AppData\Local\Temp\cckJWDig.s:467    .text.usart1_recv_idle:00000000 $t
C:\Users\LY\AppData\Local\Temp\cckJWDig.s:474    .text.usart1_recv_idle:00000000 usart1_recv_idle
C:\Users\LY\AppData\Local\Temp\cckJWDig.s:592    .text.usart1_recv_idle:00000068 $d
C:\Users\LY\AppData\Local\Temp\cckJWDig.s:602    .text.LPUART1_IRQHandler:00000000 $t
C:\Users\LY\AppData\Local\Temp\cckJWDig.s:609    .text.LPUART1_IRQHandler:00000000 LPUART1_IRQHandler
C:\Users\LY\AppData\Local\Temp\cckJWDig.s:644    .text.LPUART1_IRQHandler:00000020 $d
C:\Users\LY\AppData\Local\Temp\cckJWDig.s:649    .text.usart5_recv_idle:00000000 $t
C:\Users\LY\AppData\Local\Temp\cckJWDig.s:656    .text.usart5_recv_idle:00000000 usart5_recv_idle
C:\Users\LY\AppData\Local\Temp\cckJWDig.s:774    .text.usart5_recv_idle:00000068 $d

UNDEFINED SYMBOLS
HAL_IncTick
HAL_GPIO_EXTI_IRQHandler
HAL_DMA_IRQHandler
hdma_lpuart_rx
HAL_TIM_IRQHandler
htim5
ARM GAS  C:\Users\LY\AppData\Local\Temp\cckJWDig.s 			page 25


HAL_UART_IRQHandler
huart5
htim6
HAL_UART_Abort
memset
HAL_UART_Receive_DMA
memcpy
g_usart1_rx_finish
ar_usart1_rx_buffer
ar_usart1_tx_buffer
g_usart1_tx_len
hlpuart1
hdma_uart5_rx
g_usart5_rx_finish
ar_usart5_rx_buffer
ar_usart5_tx_buffer
g_usart5_tx_len
