ARM GAS  C:\Users\123\AppData\Local\Temp\ccS4kFIo.s 			page 1


   1              		.cpu cortex-m4
   2              		.eabi_attribute 27, 1
   3              		.eabi_attribute 28, 1
   4              		.eabi_attribute 20, 1
   5              		.eabi_attribute 21, 1
   6              		.eabi_attribute 23, 3
   7              		.eabi_attribute 24, 1
   8              		.eabi_attribute 25, 1
   9              		.eabi_attribute 26, 1
  10              		.eabi_attribute 30, 1
  11              		.eabi_attribute 34, 1
  12              		.eabi_attribute 18, 4
  13              		.file	"usart.c"
  14              		.text
  15              	.Ltext0:
  16              		.cfi_sections	.debug_frame
  17              		.section	.text.MX_UART5_Init,"ax",%progbits
  18              		.align	1
  19              		.global	MX_UART5_Init
  20              		.arch armv7e-m
  21              		.syntax unified
  22              		.thumb
  23              		.thumb_func
  24              		.fpu fpv4-sp-d16
  26              	MX_UART5_Init:
  27              	.LFB316:
  28              		.file 1 "Src/usart.c"
   1:Src/usart.c   **** /**
   2:Src/usart.c   ****   ******************************************************************************
   3:Src/usart.c   ****   * File Name          : USART.c
   4:Src/usart.c   ****   * Description        : This file provides code for the configuration
   5:Src/usart.c   ****   *                      of the USART instances.
   6:Src/usart.c   ****   ******************************************************************************
   7:Src/usart.c   ****   * @attention
   8:Src/usart.c   ****   *
   9:Src/usart.c   ****   * <h2><center>&copy; Copyright (c) 2021 STMicroelectronics.
  10:Src/usart.c   ****   * All rights reserved.</center></h2>
  11:Src/usart.c   ****   *
  12:Src/usart.c   ****   * This software component is licensed by ST under BSD 3-Clause license,
  13:Src/usart.c   ****   * the "License"; You may not use this file except in compliance with the
  14:Src/usart.c   ****   * License. You may obtain a copy of the License at:
  15:Src/usart.c   ****   *                        opensource.org/licenses/BSD-3-Clause
  16:Src/usart.c   ****   *
  17:Src/usart.c   ****   ******************************************************************************
  18:Src/usart.c   ****   */
  19:Src/usart.c   **** 
  20:Src/usart.c   **** /* Includes ------------------------------------------------------------------*/
  21:Src/usart.c   **** #include "usart.h"
  22:Src/usart.c   **** 
  23:Src/usart.c   **** /* USER CODE BEGIN 0 */
  24:Src/usart.c   **** 
  25:Src/usart.c   **** /* USER CODE END 0 */
  26:Src/usart.c   **** 
  27:Src/usart.c   **** UART_HandleTypeDef huart5;
  28:Src/usart.c   **** UART_HandleTypeDef huart2;
  29:Src/usart.c   **** UART_HandleTypeDef hlpuart1;
  30:Src/usart.c   **** DMA_HandleTypeDef hdma_uart5_rx;
ARM GAS  C:\Users\123\AppData\Local\Temp\ccS4kFIo.s 			page 2


  31:Src/usart.c   **** DMA_HandleTypeDef hdma_lpuart_rx;
  32:Src/usart.c   **** 
  33:Src/usart.c   **** /* UART5 init function */
  34:Src/usart.c   **** void MX_UART5_Init(void)
  35:Src/usart.c   **** {
  29              		.loc 1 35 1 view -0
  30              		.cfi_startproc
  31              		@ args = 0, pretend = 0, frame = 0
  32              		@ frame_needed = 0, uses_anonymous_args = 0
  33 0000 08B5     		push	{r3, lr}
  34              	.LCFI0:
  35              		.cfi_def_cfa_offset 8
  36              		.cfi_offset 3, -8
  37              		.cfi_offset 14, -4
  36:Src/usart.c   **** 
  37:Src/usart.c   ****   huart5.Instance = UART5;
  38              		.loc 1 37 3 view .LVU1
  39              		.loc 1 37 19 is_stmt 0 view .LVU2
  40 0002 0B48     		ldr	r0, .L5
  41 0004 0B4B     		ldr	r3, .L5+4
  42 0006 0360     		str	r3, [r0]
  38:Src/usart.c   ****   huart5.Init.BaudRate = 9600;
  43              		.loc 1 38 3 is_stmt 1 view .LVU3
  44              		.loc 1 38 24 is_stmt 0 view .LVU4
  45 0008 4FF41653 		mov	r3, #9600
  46 000c 4360     		str	r3, [r0, #4]
  39:Src/usart.c   ****   huart5.Init.WordLength = UART_WORDLENGTH_8B;
  47              		.loc 1 39 3 is_stmt 1 view .LVU5
  48              		.loc 1 39 26 is_stmt 0 view .LVU6
  49 000e 0023     		movs	r3, #0
  50 0010 8360     		str	r3, [r0, #8]
  40:Src/usart.c   ****   huart5.Init.StopBits = UART_STOPBITS_1;
  51              		.loc 1 40 3 is_stmt 1 view .LVU7
  52              		.loc 1 40 24 is_stmt 0 view .LVU8
  53 0012 C360     		str	r3, [r0, #12]
  41:Src/usart.c   ****   huart5.Init.Parity = UART_PARITY_NONE;
  54              		.loc 1 41 3 is_stmt 1 view .LVU9
  55              		.loc 1 41 22 is_stmt 0 view .LVU10
  56 0014 0361     		str	r3, [r0, #16]
  42:Src/usart.c   ****   huart5.Init.Mode = UART_MODE_TX_RX;
  57              		.loc 1 42 3 is_stmt 1 view .LVU11
  58              		.loc 1 42 20 is_stmt 0 view .LVU12
  59 0016 0C22     		movs	r2, #12
  60 0018 4261     		str	r2, [r0, #20]
  43:Src/usart.c   ****   huart5.Init.HwFlowCtl = UART_HWCONTROL_NONE;
  61              		.loc 1 43 3 is_stmt 1 view .LVU13
  62              		.loc 1 43 25 is_stmt 0 view .LVU14
  63 001a 8361     		str	r3, [r0, #24]
  44:Src/usart.c   ****   huart5.Init.OverSampling = UART_OVERSAMPLING_16;
  64              		.loc 1 44 3 is_stmt 1 view .LVU15
  65              		.loc 1 44 28 is_stmt 0 view .LVU16
  66 001c C361     		str	r3, [r0, #28]
  45:Src/usart.c   ****   huart5.Init.OneBitSampling = UART_ONE_BIT_SAMPLE_DISABLE;
  67              		.loc 1 45 3 is_stmt 1 view .LVU17
  68              		.loc 1 45 30 is_stmt 0 view .LVU18
  69 001e 0362     		str	r3, [r0, #32]
  46:Src/usart.c   ****   huart5.AdvancedInit.AdvFeatureInit = UART_ADVFEATURE_NO_INIT;
ARM GAS  C:\Users\123\AppData\Local\Temp\ccS4kFIo.s 			page 3


  70              		.loc 1 46 3 is_stmt 1 view .LVU19
  71              		.loc 1 46 38 is_stmt 0 view .LVU20
  72 0020 4362     		str	r3, [r0, #36]
  47:Src/usart.c   ****   if (HAL_UART_Init(&huart5) != HAL_OK)
  73              		.loc 1 47 3 is_stmt 1 view .LVU21
  74              		.loc 1 47 7 is_stmt 0 view .LVU22
  75 0022 FFF7FEFF 		bl	HAL_UART_Init
  76              	.LVL0:
  77              		.loc 1 47 6 view .LVU23
  78 0026 00B9     		cbnz	r0, .L4
  79              	.L1:
  48:Src/usart.c   ****   {
  49:Src/usart.c   ****     Error_Handler();
  50:Src/usart.c   ****   }
  51:Src/usart.c   **** 
  52:Src/usart.c   **** }
  80              		.loc 1 52 1 view .LVU24
  81 0028 08BD     		pop	{r3, pc}
  82              	.L4:
  49:Src/usart.c   ****   }
  83              		.loc 1 49 5 is_stmt 1 view .LVU25
  84 002a FFF7FEFF 		bl	Error_Handler
  85              	.LVL1:
  86              		.loc 1 52 1 is_stmt 0 view .LVU26
  87 002e FBE7     		b	.L1
  88              	.L6:
  89              		.align	2
  90              	.L5:
  91 0030 00000000 		.word	huart5
  92 0034 00500040 		.word	1073762304
  93              		.cfi_endproc
  94              	.LFE316:
  96              		.section	.text.MX_USART2_UART_Init,"ax",%progbits
  97              		.align	1
  98              		.global	MX_USART2_UART_Init
  99              		.syntax unified
 100              		.thumb
 101              		.thumb_func
 102              		.fpu fpv4-sp-d16
 104              	MX_USART2_UART_Init:
 105              	.LFB317:
  53:Src/usart.c   **** /* USART2 init function */
  54:Src/usart.c   **** 
  55:Src/usart.c   **** void MX_USART2_UART_Init(void)
  56:Src/usart.c   **** {
 106              		.loc 1 56 1 is_stmt 1 view -0
 107              		.cfi_startproc
 108              		@ args = 0, pretend = 0, frame = 0
 109              		@ frame_needed = 0, uses_anonymous_args = 0
 110 0000 08B5     		push	{r3, lr}
 111              	.LCFI1:
 112              		.cfi_def_cfa_offset 8
 113              		.cfi_offset 3, -8
 114              		.cfi_offset 14, -4
  57:Src/usart.c   **** 
  58:Src/usart.c   ****   huart2.Instance = USART2;
 115              		.loc 1 58 3 view .LVU28
ARM GAS  C:\Users\123\AppData\Local\Temp\ccS4kFIo.s 			page 4


 116              		.loc 1 58 19 is_stmt 0 view .LVU29
 117 0002 0B48     		ldr	r0, .L11
 118 0004 0B4B     		ldr	r3, .L11+4
 119 0006 0360     		str	r3, [r0]
  59:Src/usart.c   ****   huart2.Init.BaudRate = 115200;
 120              		.loc 1 59 3 is_stmt 1 view .LVU30
 121              		.loc 1 59 24 is_stmt 0 view .LVU31
 122 0008 4FF4E133 		mov	r3, #115200
 123 000c 4360     		str	r3, [r0, #4]
  60:Src/usart.c   ****   huart2.Init.WordLength = UART_WORDLENGTH_8B;
 124              		.loc 1 60 3 is_stmt 1 view .LVU32
 125              		.loc 1 60 26 is_stmt 0 view .LVU33
 126 000e 0023     		movs	r3, #0
 127 0010 8360     		str	r3, [r0, #8]
  61:Src/usart.c   ****   huart2.Init.StopBits = UART_STOPBITS_1;
 128              		.loc 1 61 3 is_stmt 1 view .LVU34
 129              		.loc 1 61 24 is_stmt 0 view .LVU35
 130 0012 C360     		str	r3, [r0, #12]
  62:Src/usart.c   ****   huart2.Init.Parity = UART_PARITY_NONE;
 131              		.loc 1 62 3 is_stmt 1 view .LVU36
 132              		.loc 1 62 22 is_stmt 0 view .LVU37
 133 0014 0361     		str	r3, [r0, #16]
  63:Src/usart.c   ****   huart2.Init.Mode = UART_MODE_TX_RX;
 134              		.loc 1 63 3 is_stmt 1 view .LVU38
 135              		.loc 1 63 20 is_stmt 0 view .LVU39
 136 0016 0C22     		movs	r2, #12
 137 0018 4261     		str	r2, [r0, #20]
  64:Src/usart.c   ****   huart2.Init.HwFlowCtl = UART_HWCONTROL_NONE;
 138              		.loc 1 64 3 is_stmt 1 view .LVU40
 139              		.loc 1 64 25 is_stmt 0 view .LVU41
 140 001a 8361     		str	r3, [r0, #24]
  65:Src/usart.c   ****   huart2.Init.OverSampling = UART_OVERSAMPLING_16;
 141              		.loc 1 65 3 is_stmt 1 view .LVU42
 142              		.loc 1 65 28 is_stmt 0 view .LVU43
 143 001c C361     		str	r3, [r0, #28]
  66:Src/usart.c   ****   huart2.Init.OneBitSampling = UART_ONE_BIT_SAMPLE_DISABLE;
 144              		.loc 1 66 3 is_stmt 1 view .LVU44
 145              		.loc 1 66 30 is_stmt 0 view .LVU45
 146 001e 0362     		str	r3, [r0, #32]
  67:Src/usart.c   ****   huart2.AdvancedInit.AdvFeatureInit = UART_ADVFEATURE_NO_INIT;
 147              		.loc 1 67 3 is_stmt 1 view .LVU46
 148              		.loc 1 67 38 is_stmt 0 view .LVU47
 149 0020 4362     		str	r3, [r0, #36]
  68:Src/usart.c   ****   if (HAL_UART_Init(&huart2) != HAL_OK)
 150              		.loc 1 68 3 is_stmt 1 view .LVU48
 151              		.loc 1 68 7 is_stmt 0 view .LVU49
 152 0022 FFF7FEFF 		bl	HAL_UART_Init
 153              	.LVL2:
 154              		.loc 1 68 6 view .LVU50
 155 0026 00B9     		cbnz	r0, .L10
 156              	.L7:
  69:Src/usart.c   ****   {
  70:Src/usart.c   ****     Error_Handler();
  71:Src/usart.c   ****   }
  72:Src/usart.c   **** 
  73:Src/usart.c   **** }
 157              		.loc 1 73 1 view .LVU51
ARM GAS  C:\Users\123\AppData\Local\Temp\ccS4kFIo.s 			page 5


 158 0028 08BD     		pop	{r3, pc}
 159              	.L10:
  70:Src/usart.c   ****   }
 160              		.loc 1 70 5 is_stmt 1 view .LVU52
 161 002a FFF7FEFF 		bl	Error_Handler
 162              	.LVL3:
 163              		.loc 1 73 1 is_stmt 0 view .LVU53
 164 002e FBE7     		b	.L7
 165              	.L12:
 166              		.align	2
 167              	.L11:
 168 0030 00000000 		.word	huart2
 169 0034 00440040 		.word	1073759232
 170              		.cfi_endproc
 171              	.LFE317:
 173              		.section	.text.MX_LPUART1_UART_Init,"ax",%progbits
 174              		.align	1
 175              		.global	MX_LPUART1_UART_Init
 176              		.syntax unified
 177              		.thumb
 178              		.thumb_func
 179              		.fpu fpv4-sp-d16
 181              	MX_LPUART1_UART_Init:
 182              	.LFB318:
  74:Src/usart.c   **** 
  75:Src/usart.c   **** /* USART1 init function */
  76:Src/usart.c   **** 
  77:Src/usart.c   **** void MX_LPUART1_UART_Init(void)
  78:Src/usart.c   **** {
 183              		.loc 1 78 1 is_stmt 1 view -0
 184              		.cfi_startproc
 185              		@ args = 0, pretend = 0, frame = 0
 186              		@ frame_needed = 0, uses_anonymous_args = 0
 187 0000 08B5     		push	{r3, lr}
 188              	.LCFI2:
 189              		.cfi_def_cfa_offset 8
 190              		.cfi_offset 3, -8
 191              		.cfi_offset 14, -4
  79:Src/usart.c   **** 
  80:Src/usart.c   ****   hlpuart1.Instance = LPUART1;
 192              		.loc 1 80 3 view .LVU55
 193              		.loc 1 80 21 is_stmt 0 view .LVU56
 194 0002 0B48     		ldr	r0, .L17
 195 0004 0B4B     		ldr	r3, .L17+4
 196 0006 0360     		str	r3, [r0]
  81:Src/usart.c   ****   hlpuart1.Init.BaudRate = 9600;
 197              		.loc 1 81 3 is_stmt 1 view .LVU57
 198              		.loc 1 81 26 is_stmt 0 view .LVU58
 199 0008 4FF41653 		mov	r3, #9600
 200 000c 4360     		str	r3, [r0, #4]
  82:Src/usart.c   ****   hlpuart1.Init.WordLength = UART_WORDLENGTH_8B;
 201              		.loc 1 82 3 is_stmt 1 view .LVU59
 202              		.loc 1 82 28 is_stmt 0 view .LVU60
 203 000e 0023     		movs	r3, #0
 204 0010 8360     		str	r3, [r0, #8]
  83:Src/usart.c   ****   hlpuart1.Init.StopBits = UART_STOPBITS_1;
 205              		.loc 1 83 3 is_stmt 1 view .LVU61
ARM GAS  C:\Users\123\AppData\Local\Temp\ccS4kFIo.s 			page 6


 206              		.loc 1 83 26 is_stmt 0 view .LVU62
 207 0012 C360     		str	r3, [r0, #12]
  84:Src/usart.c   ****   hlpuart1.Init.Parity = UART_PARITY_NONE;
 208              		.loc 1 84 3 is_stmt 1 view .LVU63
 209              		.loc 1 84 24 is_stmt 0 view .LVU64
 210 0014 0361     		str	r3, [r0, #16]
  85:Src/usart.c   ****   hlpuart1.Init.Mode = UART_MODE_TX_RX;
 211              		.loc 1 85 3 is_stmt 1 view .LVU65
 212              		.loc 1 85 22 is_stmt 0 view .LVU66
 213 0016 0C22     		movs	r2, #12
 214 0018 4261     		str	r2, [r0, #20]
  86:Src/usart.c   ****   hlpuart1.Init.HwFlowCtl = UART_HWCONTROL_NONE;
 215              		.loc 1 86 3 is_stmt 1 view .LVU67
 216              		.loc 1 86 27 is_stmt 0 view .LVU68
 217 001a 8361     		str	r3, [r0, #24]
  87:Src/usart.c   ****   hlpuart1.Init.OneBitSampling = UART_ONE_BIT_SAMPLE_DISABLE;
 218              		.loc 1 87 3 is_stmt 1 view .LVU69
 219              		.loc 1 87 32 is_stmt 0 view .LVU70
 220 001c 0362     		str	r3, [r0, #32]
  88:Src/usart.c   ****   hlpuart1.AdvancedInit.AdvFeatureInit = UART_ADVFEATURE_NO_INIT;
 221              		.loc 1 88 3 is_stmt 1 view .LVU71
 222              		.loc 1 88 40 is_stmt 0 view .LVU72
 223 001e 4362     		str	r3, [r0, #36]
  89:Src/usart.c   ****   if (HAL_UART_Init(&hlpuart1) != HAL_OK)
 224              		.loc 1 89 3 is_stmt 1 view .LVU73
 225              		.loc 1 89 7 is_stmt 0 view .LVU74
 226 0020 FFF7FEFF 		bl	HAL_UART_Init
 227              	.LVL4:
 228              		.loc 1 89 6 view .LVU75
 229 0024 00B9     		cbnz	r0, .L16
 230              	.L13:
  90:Src/usart.c   ****   {
  91:Src/usart.c   ****     Error_Handler();
  92:Src/usart.c   ****   }
  93:Src/usart.c   **** 
  94:Src/usart.c   **** }
 231              		.loc 1 94 1 view .LVU76
 232 0026 08BD     		pop	{r3, pc}
 233              	.L16:
  91:Src/usart.c   ****   }
 234              		.loc 1 91 5 is_stmt 1 view .LVU77
 235 0028 FFF7FEFF 		bl	Error_Handler
 236              	.LVL5:
 237              		.loc 1 94 1 is_stmt 0 view .LVU78
 238 002c FBE7     		b	.L13
 239              	.L18:
 240 002e 00BF     		.align	2
 241              	.L17:
 242 0030 00000000 		.word	hlpuart1
 243 0034 00800040 		.word	1073774592
 244              		.cfi_endproc
 245              	.LFE318:
 247              		.section	.text.HAL_UART_MspInit,"ax",%progbits
 248              		.align	1
 249              		.global	HAL_UART_MspInit
 250              		.syntax unified
 251              		.thumb
ARM GAS  C:\Users\123\AppData\Local\Temp\ccS4kFIo.s 			page 7


 252              		.thumb_func
 253              		.fpu fpv4-sp-d16
 255              	HAL_UART_MspInit:
 256              	.LVL6:
 257              	.LFB319:
  95:Src/usart.c   **** 
  96:Src/usart.c   **** 
  97:Src/usart.c   **** void HAL_UART_MspInit(UART_HandleTypeDef* uartHandle)
  98:Src/usart.c   **** {
 258              		.loc 1 98 1 is_stmt 1 view -0
 259              		.cfi_startproc
 260              		@ args = 0, pretend = 0, frame = 48
 261              		@ frame_needed = 0, uses_anonymous_args = 0
 262              		.loc 1 98 1 is_stmt 0 view .LVU80
 263 0000 F0B5     		push	{r4, r5, r6, r7, lr}
 264              	.LCFI3:
 265              		.cfi_def_cfa_offset 20
 266              		.cfi_offset 4, -20
 267              		.cfi_offset 5, -16
 268              		.cfi_offset 6, -12
 269              		.cfi_offset 7, -8
 270              		.cfi_offset 14, -4
 271 0002 8DB0     		sub	sp, sp, #52
 272              	.LCFI4:
 273              		.cfi_def_cfa_offset 72
  99:Src/usart.c   **** 
 100:Src/usart.c   ****   GPIO_InitTypeDef GPIO_InitStruct = {0};
 274              		.loc 1 100 3 is_stmt 1 view .LVU81
 275              		.loc 1 100 20 is_stmt 0 view .LVU82
 276 0004 0023     		movs	r3, #0
 277 0006 0793     		str	r3, [sp, #28]
 278 0008 0893     		str	r3, [sp, #32]
 279 000a 0993     		str	r3, [sp, #36]
 280 000c 0A93     		str	r3, [sp, #40]
 281 000e 0B93     		str	r3, [sp, #44]
 101:Src/usart.c   ****   if(uartHandle->Instance==UART5)
 282              		.loc 1 101 3 is_stmt 1 view .LVU83
 283              		.loc 1 101 16 is_stmt 0 view .LVU84
 284 0010 0368     		ldr	r3, [r0]
 285              		.loc 1 101 5 view .LVU85
 286 0012 564A     		ldr	r2, .L29
 287 0014 9342     		cmp	r3, r2
 288 0016 08D0     		beq	.L25
 289 0018 0446     		mov	r4, r0
 102:Src/usart.c   ****   {
 103:Src/usart.c   ****   /* USER CODE BEGIN UART5_MspInit 0 */
 104:Src/usart.c   **** 
 105:Src/usart.c   ****   /* USER CODE END UART5_MspInit 0 */
 106:Src/usart.c   ****     /* UART5 clock enable */
 107:Src/usart.c   ****     __HAL_RCC_UART5_CLK_ENABLE();
 108:Src/usart.c   ****   
 109:Src/usart.c   ****     __HAL_RCC_GPIOC_CLK_ENABLE();
 110:Src/usart.c   ****     __HAL_RCC_GPIOD_CLK_ENABLE();
 111:Src/usart.c   ****     /**UART5 GPIO Configuration    
 112:Src/usart.c   ****     PC12     ------> UART5_TX
 113:Src/usart.c   ****     PD2     ------> UART5_RX 
 114:Src/usart.c   ****     */
ARM GAS  C:\Users\123\AppData\Local\Temp\ccS4kFIo.s 			page 8


 115:Src/usart.c   ****     GPIO_InitStruct.Pin = UART5_TX_IOT_Pin;
 116:Src/usart.c   ****     GPIO_InitStruct.Mode = GPIO_MODE_AF_PP;
 117:Src/usart.c   ****     GPIO_InitStruct.Pull = GPIO_PULLUP;
 118:Src/usart.c   ****     GPIO_InitStruct.Speed = GPIO_SPEED_FREQ_VERY_HIGH;
 119:Src/usart.c   ****     GPIO_InitStruct.Alternate = GPIO_AF8_UART5;
 120:Src/usart.c   ****     HAL_GPIO_Init(UART5_TX_IOT_GPIO_Port, &GPIO_InitStruct);
 121:Src/usart.c   **** 
 122:Src/usart.c   ****     GPIO_InitStruct.Pin = UART5_RX_IOT_Pin;
 123:Src/usart.c   ****     GPIO_InitStruct.Mode = GPIO_MODE_AF_PP;
 124:Src/usart.c   ****     GPIO_InitStruct.Pull = GPIO_PULLUP;
 125:Src/usart.c   ****     GPIO_InitStruct.Speed = GPIO_SPEED_FREQ_VERY_HIGH;
 126:Src/usart.c   ****     GPIO_InitStruct.Alternate = GPIO_AF8_UART5;
 127:Src/usart.c   ****     HAL_GPIO_Init(UART5_RX_IOT_GPIO_Port, &GPIO_InitStruct);
 128:Src/usart.c   **** 
 129:Src/usart.c   ****     /* UART5 interrupt Init */
 130:Src/usart.c   ****     HAL_NVIC_SetPriority(UART5_IRQn, 0, 0);
 131:Src/usart.c   ****     HAL_NVIC_EnableIRQ(UART5_IRQn);
 132:Src/usart.c   ****   /* USER CODE BEGIN UART5_MspInit 1 */
 133:Src/usart.c   **** 
 134:Src/usart.c   ****   /* USER CODE END UART5_MspInit 1 */
 135:Src/usart.c   ****   }
 136:Src/usart.c   ****   else if(uartHandle->Instance==USART2)
 290              		.loc 1 136 8 is_stmt 1 view .LVU86
 291              		.loc 1 136 10 is_stmt 0 view .LVU87
 292 001a 554A     		ldr	r2, .L29+4
 293 001c 9342     		cmp	r3, r2
 294 001e 42D0     		beq	.L26
 137:Src/usart.c   ****   {
 138:Src/usart.c   ****   /* USER CODE BEGIN USART2_MspInit 0 */
 139:Src/usart.c   **** 
 140:Src/usart.c   ****   /* USER CODE END USART2_MspInit 0 */
 141:Src/usart.c   ****     /* USART2 clock enable */
 142:Src/usart.c   ****     __HAL_RCC_USART2_CLK_ENABLE();
 143:Src/usart.c   ****   
 144:Src/usart.c   ****     __HAL_RCC_GPIOD_CLK_ENABLE();
 145:Src/usart.c   ****     /**USART2 GPIO Configuration    
 146:Src/usart.c   ****     PD5     ------> USART2_TX
 147:Src/usart.c   ****     PD6     ------> USART2_RX 
 148:Src/usart.c   ****     */
 149:Src/usart.c   ****     GPIO_InitStruct.Pin = GPIO_PIN_5|GPIO_PIN_6;
 150:Src/usart.c   ****     GPIO_InitStruct.Mode = GPIO_MODE_AF_PP;
 151:Src/usart.c   ****     GPIO_InitStruct.Pull = GPIO_NOPULL;
 152:Src/usart.c   ****     GPIO_InitStruct.Speed = GPIO_SPEED_FREQ_VERY_HIGH;
 153:Src/usart.c   ****     GPIO_InitStruct.Alternate = GPIO_AF7_USART2;
 154:Src/usart.c   ****     HAL_GPIO_Init(GPIOD, &GPIO_InitStruct);
 155:Src/usart.c   **** 
 156:Src/usart.c   ****   /* USER CODE BEGIN USART2_MspInit 1 */
 157:Src/usart.c   **** 
 158:Src/usart.c   ****   /* USER CODE END USART2_MspInit 1 */
 159:Src/usart.c   ****   }
 160:Src/usart.c   ****   else if(uartHandle->Instance==LPUART1)
 295              		.loc 1 160 8 is_stmt 1 view .LVU88
 296              		.loc 1 160 10 is_stmt 0 view .LVU89
 297 0020 544A     		ldr	r2, .L29+8
 298 0022 9342     		cmp	r3, r2
 299 0024 61D0     		beq	.L27
 300              	.LVL7:
ARM GAS  C:\Users\123\AppData\Local\Temp\ccS4kFIo.s 			page 9


 301              	.L19:
 161:Src/usart.c   ****   {
 162:Src/usart.c   ****   /* USER CODE BEGIN LPUART1_MspInit 0 */
 163:Src/usart.c   **** 
 164:Src/usart.c   ****   /* USER CODE END LPUART1_MspInit 0 */
 165:Src/usart.c   ****     /* LPUART1 clock enable */
 166:Src/usart.c   ****     __HAL_RCC_LPUART1_CLK_ENABLE();
 167:Src/usart.c   ****   
 168:Src/usart.c   ****     __HAL_RCC_GPIOB_CLK_ENABLE();
 169:Src/usart.c   ****     /**LPUART1 GPIO Configuration    
 170:Src/usart.c   ****     PB10     ------> LPUART1_RX
 171:Src/usart.c   ****     PB11     ------> LPUART1_TX 
 172:Src/usart.c   ****     */
 173:Src/usart.c   ****     GPIO_InitStruct.Pin = LPUART1_RX_Pin|LPUART1_TX_Pin;
 174:Src/usart.c   ****     GPIO_InitStruct.Mode = GPIO_MODE_AF_PP;
 175:Src/usart.c   ****     GPIO_InitStruct.Pull = GPIO_NOPULL;
 176:Src/usart.c   ****     GPIO_InitStruct.Speed = GPIO_SPEED_FREQ_VERY_HIGH;
 177:Src/usart.c   ****     GPIO_InitStruct.Alternate = GPIO_AF8_LPUART1;
 178:Src/usart.c   ****     HAL_GPIO_Init(GPIOB, &GPIO_InitStruct);
 179:Src/usart.c   **** 
 180:Src/usart.c   ****     /* LPUART1 DMA Init */
 181:Src/usart.c   ****     /* LPUART_RX Init */
 182:Src/usart.c   ****     hdma_lpuart_rx.Instance = DMA2_Channel7;
 183:Src/usart.c   ****     hdma_lpuart_rx.Init.Request = DMA_REQUEST_4;
 184:Src/usart.c   ****     hdma_lpuart_rx.Init.Direction = DMA_PERIPH_TO_MEMORY;
 185:Src/usart.c   ****     hdma_lpuart_rx.Init.PeriphInc = DMA_PINC_DISABLE;
 186:Src/usart.c   ****     hdma_lpuart_rx.Init.MemInc = DMA_MINC_ENABLE;
 187:Src/usart.c   ****     hdma_lpuart_rx.Init.PeriphDataAlignment = DMA_PDATAALIGN_BYTE;
 188:Src/usart.c   ****     hdma_lpuart_rx.Init.MemDataAlignment = DMA_MDATAALIGN_BYTE;
 189:Src/usart.c   ****     hdma_lpuart_rx.Init.Mode = DMA_NORMAL;
 190:Src/usart.c   ****     hdma_lpuart_rx.Init.Priority = DMA_PRIORITY_LOW;
 191:Src/usart.c   ****     if (HAL_DMA_Init(&hdma_lpuart_rx) != HAL_OK)
 192:Src/usart.c   ****     {
 193:Src/usart.c   ****       Error_Handler();
 194:Src/usart.c   ****     }
 195:Src/usart.c   **** 
 196:Src/usart.c   ****     __HAL_LINKDMA(uartHandle,hdmarx,hdma_lpuart_rx);
 197:Src/usart.c   **** 
 198:Src/usart.c   ****     /* LPUART1 interrupt Init */
 199:Src/usart.c   ****     HAL_NVIC_SetPriority(LPUART1_IRQn, 0, 0);
 200:Src/usart.c   ****     HAL_NVIC_EnableIRQ(LPUART1_IRQn);
 201:Src/usart.c   ****   /* USER CODE BEGIN LPUART1_MspInit 1 */
 202:Src/usart.c   **** 
 203:Src/usart.c   ****   /* USER CODE END LPUART1_MspInit 1 */
 204:Src/usart.c   ****   }
 205:Src/usart.c   **** }
 302              		.loc 1 205 1 view .LVU90
 303 0026 0DB0     		add	sp, sp, #52
 304              	.LCFI5:
 305              		.cfi_remember_state
 306              		.cfi_def_cfa_offset 20
 307              		@ sp needed
 308 0028 F0BD     		pop	{r4, r5, r6, r7, pc}
 309              	.LVL8:
 310              	.L25:
 311              	.LCFI6:
 312              		.cfi_restore_state
ARM GAS  C:\Users\123\AppData\Local\Temp\ccS4kFIo.s 			page 10


 107:Src/usart.c   ****   
 313              		.loc 1 107 5 is_stmt 1 view .LVU91
 314              	.LBB2:
 107:Src/usart.c   ****   
 315              		.loc 1 107 5 view .LVU92
 107:Src/usart.c   ****   
 316              		.loc 1 107 5 view .LVU93
 317 002a 534B     		ldr	r3, .L29+12
 318 002c 9A6D     		ldr	r2, [r3, #88]
 319 002e 42F48012 		orr	r2, r2, #1048576
 320 0032 9A65     		str	r2, [r3, #88]
 107:Src/usart.c   ****   
 321              		.loc 1 107 5 view .LVU94
 322 0034 9A6D     		ldr	r2, [r3, #88]
 323 0036 02F48012 		and	r2, r2, #1048576
 324 003a 0092     		str	r2, [sp]
 107:Src/usart.c   ****   
 325              		.loc 1 107 5 view .LVU95
 326 003c 009A     		ldr	r2, [sp]
 327              	.LBE2:
 107:Src/usart.c   ****   
 328              		.loc 1 107 5 view .LVU96
 109:Src/usart.c   ****     __HAL_RCC_GPIOD_CLK_ENABLE();
 329              		.loc 1 109 5 view .LVU97
 330              	.LBB3:
 109:Src/usart.c   ****     __HAL_RCC_GPIOD_CLK_ENABLE();
 331              		.loc 1 109 5 view .LVU98
 109:Src/usart.c   ****     __HAL_RCC_GPIOD_CLK_ENABLE();
 332              		.loc 1 109 5 view .LVU99
 333 003e DA6C     		ldr	r2, [r3, #76]
 334 0040 42F00402 		orr	r2, r2, #4
 335 0044 DA64     		str	r2, [r3, #76]
 109:Src/usart.c   ****     __HAL_RCC_GPIOD_CLK_ENABLE();
 336              		.loc 1 109 5 view .LVU100
 337 0046 DA6C     		ldr	r2, [r3, #76]
 338 0048 02F00402 		and	r2, r2, #4
 339 004c 0192     		str	r2, [sp, #4]
 109:Src/usart.c   ****     __HAL_RCC_GPIOD_CLK_ENABLE();
 340              		.loc 1 109 5 view .LVU101
 341 004e 019A     		ldr	r2, [sp, #4]
 342              	.LBE3:
 109:Src/usart.c   ****     __HAL_RCC_GPIOD_CLK_ENABLE();
 343              		.loc 1 109 5 view .LVU102
 110:Src/usart.c   ****     /**UART5 GPIO Configuration    
 344              		.loc 1 110 5 view .LVU103
 345              	.LBB4:
 110:Src/usart.c   ****     /**UART5 GPIO Configuration    
 346              		.loc 1 110 5 view .LVU104
 110:Src/usart.c   ****     /**UART5 GPIO Configuration    
 347              		.loc 1 110 5 view .LVU105
 348 0050 DA6C     		ldr	r2, [r3, #76]
 349 0052 42F00802 		orr	r2, r2, #8
 350 0056 DA64     		str	r2, [r3, #76]
 110:Src/usart.c   ****     /**UART5 GPIO Configuration    
 351              		.loc 1 110 5 view .LVU106
 352 0058 DB6C     		ldr	r3, [r3, #76]
 353 005a 03F00803 		and	r3, r3, #8
ARM GAS  C:\Users\123\AppData\Local\Temp\ccS4kFIo.s 			page 11


 354 005e 0293     		str	r3, [sp, #8]
 110:Src/usart.c   ****     /**UART5 GPIO Configuration    
 355              		.loc 1 110 5 view .LVU107
 356 0060 029B     		ldr	r3, [sp, #8]
 357              	.LBE4:
 110:Src/usart.c   ****     /**UART5 GPIO Configuration    
 358              		.loc 1 110 5 view .LVU108
 115:Src/usart.c   ****     GPIO_InitStruct.Mode = GPIO_MODE_AF_PP;
 359              		.loc 1 115 5 view .LVU109
 115:Src/usart.c   ****     GPIO_InitStruct.Mode = GPIO_MODE_AF_PP;
 360              		.loc 1 115 25 is_stmt 0 view .LVU110
 361 0062 4FF48053 		mov	r3, #4096
 362 0066 0793     		str	r3, [sp, #28]
 116:Src/usart.c   ****     GPIO_InitStruct.Pull = GPIO_PULLUP;
 363              		.loc 1 116 5 is_stmt 1 view .LVU111
 116:Src/usart.c   ****     GPIO_InitStruct.Pull = GPIO_PULLUP;
 364              		.loc 1 116 26 is_stmt 0 view .LVU112
 365 0068 0227     		movs	r7, #2
 366 006a 0897     		str	r7, [sp, #32]
 117:Src/usart.c   ****     GPIO_InitStruct.Speed = GPIO_SPEED_FREQ_VERY_HIGH;
 367              		.loc 1 117 5 is_stmt 1 view .LVU113
 117:Src/usart.c   ****     GPIO_InitStruct.Speed = GPIO_SPEED_FREQ_VERY_HIGH;
 368              		.loc 1 117 26 is_stmt 0 view .LVU114
 369 006c 0126     		movs	r6, #1
 370 006e 0996     		str	r6, [sp, #36]
 118:Src/usart.c   ****     GPIO_InitStruct.Alternate = GPIO_AF8_UART5;
 371              		.loc 1 118 5 is_stmt 1 view .LVU115
 118:Src/usart.c   ****     GPIO_InitStruct.Alternate = GPIO_AF8_UART5;
 372              		.loc 1 118 27 is_stmt 0 view .LVU116
 373 0070 0325     		movs	r5, #3
 374 0072 0A95     		str	r5, [sp, #40]
 119:Src/usart.c   ****     HAL_GPIO_Init(UART5_TX_IOT_GPIO_Port, &GPIO_InitStruct);
 375              		.loc 1 119 5 is_stmt 1 view .LVU117
 119:Src/usart.c   ****     HAL_GPIO_Init(UART5_TX_IOT_GPIO_Port, &GPIO_InitStruct);
 376              		.loc 1 119 31 is_stmt 0 view .LVU118
 377 0074 0824     		movs	r4, #8
 378 0076 0B94     		str	r4, [sp, #44]
 120:Src/usart.c   **** 
 379              		.loc 1 120 5 is_stmt 1 view .LVU119
 380 0078 07A9     		add	r1, sp, #28
 381 007a 4048     		ldr	r0, .L29+16
 382              	.LVL9:
 120:Src/usart.c   **** 
 383              		.loc 1 120 5 is_stmt 0 view .LVU120
 384 007c FFF7FEFF 		bl	HAL_GPIO_Init
 385              	.LVL10:
 122:Src/usart.c   ****     GPIO_InitStruct.Mode = GPIO_MODE_AF_PP;
 386              		.loc 1 122 5 is_stmt 1 view .LVU121
 122:Src/usart.c   ****     GPIO_InitStruct.Mode = GPIO_MODE_AF_PP;
 387              		.loc 1 122 25 is_stmt 0 view .LVU122
 388 0080 0423     		movs	r3, #4
 389 0082 0793     		str	r3, [sp, #28]
 123:Src/usart.c   ****     GPIO_InitStruct.Pull = GPIO_PULLUP;
 390              		.loc 1 123 5 is_stmt 1 view .LVU123
 123:Src/usart.c   ****     GPIO_InitStruct.Pull = GPIO_PULLUP;
 391              		.loc 1 123 26 is_stmt 0 view .LVU124
 392 0084 0897     		str	r7, [sp, #32]
ARM GAS  C:\Users\123\AppData\Local\Temp\ccS4kFIo.s 			page 12


 124:Src/usart.c   ****     GPIO_InitStruct.Speed = GPIO_SPEED_FREQ_VERY_HIGH;
 393              		.loc 1 124 5 is_stmt 1 view .LVU125
 124:Src/usart.c   ****     GPIO_InitStruct.Speed = GPIO_SPEED_FREQ_VERY_HIGH;
 394              		.loc 1 124 26 is_stmt 0 view .LVU126
 395 0086 0996     		str	r6, [sp, #36]
 125:Src/usart.c   ****     GPIO_InitStruct.Alternate = GPIO_AF8_UART5;
 396              		.loc 1 125 5 is_stmt 1 view .LVU127
 125:Src/usart.c   ****     GPIO_InitStruct.Alternate = GPIO_AF8_UART5;
 397              		.loc 1 125 27 is_stmt 0 view .LVU128
 398 0088 0A95     		str	r5, [sp, #40]
 126:Src/usart.c   ****     HAL_GPIO_Init(UART5_RX_IOT_GPIO_Port, &GPIO_InitStruct);
 399              		.loc 1 126 5 is_stmt 1 view .LVU129
 126:Src/usart.c   ****     HAL_GPIO_Init(UART5_RX_IOT_GPIO_Port, &GPIO_InitStruct);
 400              		.loc 1 126 31 is_stmt 0 view .LVU130
 401 008a 0B94     		str	r4, [sp, #44]
 127:Src/usart.c   **** 
 402              		.loc 1 127 5 is_stmt 1 view .LVU131
 403 008c 07A9     		add	r1, sp, #28
 404 008e 3C48     		ldr	r0, .L29+20
 405 0090 FFF7FEFF 		bl	HAL_GPIO_Init
 406              	.LVL11:
 130:Src/usart.c   ****     HAL_NVIC_EnableIRQ(UART5_IRQn);
 407              		.loc 1 130 5 view .LVU132
 408 0094 0022     		movs	r2, #0
 409 0096 1146     		mov	r1, r2
 410 0098 3520     		movs	r0, #53
 411 009a FFF7FEFF 		bl	HAL_NVIC_SetPriority
 412              	.LVL12:
 131:Src/usart.c   ****   /* USER CODE BEGIN UART5_MspInit 1 */
 413              		.loc 1 131 5 view .LVU133
 414 009e 3520     		movs	r0, #53
 415 00a0 FFF7FEFF 		bl	HAL_NVIC_EnableIRQ
 416              	.LVL13:
 417 00a4 BFE7     		b	.L19
 418              	.LVL14:
 419              	.L26:
 142:Src/usart.c   ****   
 420              		.loc 1 142 5 view .LVU134
 421              	.LBB5:
 142:Src/usart.c   ****   
 422              		.loc 1 142 5 view .LVU135
 142:Src/usart.c   ****   
 423              		.loc 1 142 5 view .LVU136
 424 00a6 344B     		ldr	r3, .L29+12
 425 00a8 9A6D     		ldr	r2, [r3, #88]
 426 00aa 42F40032 		orr	r2, r2, #131072
 427 00ae 9A65     		str	r2, [r3, #88]
 142:Src/usart.c   ****   
 428              		.loc 1 142 5 view .LVU137
 429 00b0 9A6D     		ldr	r2, [r3, #88]
 430 00b2 02F40032 		and	r2, r2, #131072
 431 00b6 0392     		str	r2, [sp, #12]
 142:Src/usart.c   ****   
 432              		.loc 1 142 5 view .LVU138
 433 00b8 039A     		ldr	r2, [sp, #12]
 434              	.LBE5:
 142:Src/usart.c   ****   
ARM GAS  C:\Users\123\AppData\Local\Temp\ccS4kFIo.s 			page 13


 435              		.loc 1 142 5 view .LVU139
 144:Src/usart.c   ****     /**USART2 GPIO Configuration    
 436              		.loc 1 144 5 view .LVU140
 437              	.LBB6:
 144:Src/usart.c   ****     /**USART2 GPIO Configuration    
 438              		.loc 1 144 5 view .LVU141
 144:Src/usart.c   ****     /**USART2 GPIO Configuration    
 439              		.loc 1 144 5 view .LVU142
 440 00ba DA6C     		ldr	r2, [r3, #76]
 441 00bc 42F00802 		orr	r2, r2, #8
 442 00c0 DA64     		str	r2, [r3, #76]
 144:Src/usart.c   ****     /**USART2 GPIO Configuration    
 443              		.loc 1 144 5 view .LVU143
 444 00c2 DB6C     		ldr	r3, [r3, #76]
 445 00c4 03F00803 		and	r3, r3, #8
 446 00c8 0493     		str	r3, [sp, #16]
 144:Src/usart.c   ****     /**USART2 GPIO Configuration    
 447              		.loc 1 144 5 view .LVU144
 448 00ca 049B     		ldr	r3, [sp, #16]
 449              	.LBE6:
 144:Src/usart.c   ****     /**USART2 GPIO Configuration    
 450              		.loc 1 144 5 view .LVU145
 149:Src/usart.c   ****     GPIO_InitStruct.Mode = GPIO_MODE_AF_PP;
 451              		.loc 1 149 5 view .LVU146
 149:Src/usart.c   ****     GPIO_InitStruct.Mode = GPIO_MODE_AF_PP;
 452              		.loc 1 149 25 is_stmt 0 view .LVU147
 453 00cc 6023     		movs	r3, #96
 454 00ce 0793     		str	r3, [sp, #28]
 150:Src/usart.c   ****     GPIO_InitStruct.Pull = GPIO_NOPULL;
 455              		.loc 1 150 5 is_stmt 1 view .LVU148
 150:Src/usart.c   ****     GPIO_InitStruct.Pull = GPIO_NOPULL;
 456              		.loc 1 150 26 is_stmt 0 view .LVU149
 457 00d0 0223     		movs	r3, #2
 458 00d2 0893     		str	r3, [sp, #32]
 151:Src/usart.c   ****     GPIO_InitStruct.Speed = GPIO_SPEED_FREQ_VERY_HIGH;
 459              		.loc 1 151 5 is_stmt 1 view .LVU150
 151:Src/usart.c   ****     GPIO_InitStruct.Speed = GPIO_SPEED_FREQ_VERY_HIGH;
 460              		.loc 1 151 26 is_stmt 0 view .LVU151
 461 00d4 0023     		movs	r3, #0
 462 00d6 0993     		str	r3, [sp, #36]
 152:Src/usart.c   ****     GPIO_InitStruct.Alternate = GPIO_AF7_USART2;
 463              		.loc 1 152 5 is_stmt 1 view .LVU152
 152:Src/usart.c   ****     GPIO_InitStruct.Alternate = GPIO_AF7_USART2;
 464              		.loc 1 152 27 is_stmt 0 view .LVU153
 465 00d8 0323     		movs	r3, #3
 466 00da 0A93     		str	r3, [sp, #40]
 153:Src/usart.c   ****     HAL_GPIO_Init(GPIOD, &GPIO_InitStruct);
 467              		.loc 1 153 5 is_stmt 1 view .LVU154
 153:Src/usart.c   ****     HAL_GPIO_Init(GPIOD, &GPIO_InitStruct);
 468              		.loc 1 153 31 is_stmt 0 view .LVU155
 469 00dc 0723     		movs	r3, #7
 470 00de 0B93     		str	r3, [sp, #44]
 154:Src/usart.c   **** 
 471              		.loc 1 154 5 is_stmt 1 view .LVU156
 472 00e0 07A9     		add	r1, sp, #28
 473 00e2 2748     		ldr	r0, .L29+20
 474              	.LVL15:
ARM GAS  C:\Users\123\AppData\Local\Temp\ccS4kFIo.s 			page 14


 154:Src/usart.c   **** 
 475              		.loc 1 154 5 is_stmt 0 view .LVU157
 476 00e4 FFF7FEFF 		bl	HAL_GPIO_Init
 477              	.LVL16:
 478 00e8 9DE7     		b	.L19
 479              	.LVL17:
 480              	.L27:
 166:Src/usart.c   ****   
 481              		.loc 1 166 5 is_stmt 1 view .LVU158
 482              	.LBB7:
 166:Src/usart.c   ****   
 483              		.loc 1 166 5 view .LVU159
 166:Src/usart.c   ****   
 484              		.loc 1 166 5 view .LVU160
 485 00ea 234B     		ldr	r3, .L29+12
 486 00ec DA6D     		ldr	r2, [r3, #92]
 487 00ee 42F00102 		orr	r2, r2, #1
 488 00f2 DA65     		str	r2, [r3, #92]
 166:Src/usart.c   ****   
 489              		.loc 1 166 5 view .LVU161
 490 00f4 DA6D     		ldr	r2, [r3, #92]
 491 00f6 02F00102 		and	r2, r2, #1
 492 00fa 0592     		str	r2, [sp, #20]
 166:Src/usart.c   ****   
 493              		.loc 1 166 5 view .LVU162
 494 00fc 059A     		ldr	r2, [sp, #20]
 495              	.LBE7:
 166:Src/usart.c   ****   
 496              		.loc 1 166 5 view .LVU163
 168:Src/usart.c   ****     /**LPUART1 GPIO Configuration    
 497              		.loc 1 168 5 view .LVU164
 498              	.LBB8:
 168:Src/usart.c   ****     /**LPUART1 GPIO Configuration    
 499              		.loc 1 168 5 view .LVU165
 168:Src/usart.c   ****     /**LPUART1 GPIO Configuration    
 500              		.loc 1 168 5 view .LVU166
 501 00fe DA6C     		ldr	r2, [r3, #76]
 502 0100 42F00202 		orr	r2, r2, #2
 503 0104 DA64     		str	r2, [r3, #76]
 168:Src/usart.c   ****     /**LPUART1 GPIO Configuration    
 504              		.loc 1 168 5 view .LVU167
 505 0106 DB6C     		ldr	r3, [r3, #76]
 506 0108 03F00203 		and	r3, r3, #2
 507 010c 0693     		str	r3, [sp, #24]
 168:Src/usart.c   ****     /**LPUART1 GPIO Configuration    
 508              		.loc 1 168 5 view .LVU168
 509 010e 069B     		ldr	r3, [sp, #24]
 510              	.LBE8:
 168:Src/usart.c   ****     /**LPUART1 GPIO Configuration    
 511              		.loc 1 168 5 view .LVU169
 173:Src/usart.c   ****     GPIO_InitStruct.Mode = GPIO_MODE_AF_PP;
 512              		.loc 1 173 5 view .LVU170
 173:Src/usart.c   ****     GPIO_InitStruct.Mode = GPIO_MODE_AF_PP;
 513              		.loc 1 173 25 is_stmt 0 view .LVU171
 514 0110 4FF44063 		mov	r3, #3072
 515 0114 0793     		str	r3, [sp, #28]
 174:Src/usart.c   ****     GPIO_InitStruct.Pull = GPIO_NOPULL;
ARM GAS  C:\Users\123\AppData\Local\Temp\ccS4kFIo.s 			page 15


 516              		.loc 1 174 5 is_stmt 1 view .LVU172
 174:Src/usart.c   ****     GPIO_InitStruct.Pull = GPIO_NOPULL;
 517              		.loc 1 174 26 is_stmt 0 view .LVU173
 518 0116 0223     		movs	r3, #2
 519 0118 0893     		str	r3, [sp, #32]
 175:Src/usart.c   ****     GPIO_InitStruct.Speed = GPIO_SPEED_FREQ_VERY_HIGH;
 520              		.loc 1 175 5 is_stmt 1 view .LVU174
 175:Src/usart.c   ****     GPIO_InitStruct.Speed = GPIO_SPEED_FREQ_VERY_HIGH;
 521              		.loc 1 175 26 is_stmt 0 view .LVU175
 522 011a 0025     		movs	r5, #0
 523 011c 0995     		str	r5, [sp, #36]
 176:Src/usart.c   ****     GPIO_InitStruct.Alternate = GPIO_AF8_LPUART1;
 524              		.loc 1 176 5 is_stmt 1 view .LVU176
 176:Src/usart.c   ****     GPIO_InitStruct.Alternate = GPIO_AF8_LPUART1;
 525              		.loc 1 176 27 is_stmt 0 view .LVU177
 526 011e 0323     		movs	r3, #3
 527 0120 0A93     		str	r3, [sp, #40]
 177:Src/usart.c   ****     HAL_GPIO_Init(GPIOB, &GPIO_InitStruct);
 528              		.loc 1 177 5 is_stmt 1 view .LVU178
 177:Src/usart.c   ****     HAL_GPIO_Init(GPIOB, &GPIO_InitStruct);
 529              		.loc 1 177 31 is_stmt 0 view .LVU179
 530 0122 0823     		movs	r3, #8
 531 0124 0B93     		str	r3, [sp, #44]
 178:Src/usart.c   **** 
 532              		.loc 1 178 5 is_stmt 1 view .LVU180
 533 0126 07A9     		add	r1, sp, #28
 534 0128 1648     		ldr	r0, .L29+24
 535              	.LVL18:
 178:Src/usart.c   **** 
 536              		.loc 1 178 5 is_stmt 0 view .LVU181
 537 012a FFF7FEFF 		bl	HAL_GPIO_Init
 538              	.LVL19:
 182:Src/usart.c   ****     hdma_lpuart_rx.Init.Request = DMA_REQUEST_4;
 539              		.loc 1 182 5 is_stmt 1 view .LVU182
 182:Src/usart.c   ****     hdma_lpuart_rx.Init.Request = DMA_REQUEST_4;
 540              		.loc 1 182 29 is_stmt 0 view .LVU183
 541 012e 1648     		ldr	r0, .L29+28
 542 0130 164B     		ldr	r3, .L29+32
 543 0132 0360     		str	r3, [r0]
 183:Src/usart.c   ****     hdma_lpuart_rx.Init.Direction = DMA_PERIPH_TO_MEMORY;
 544              		.loc 1 183 5 is_stmt 1 view .LVU184
 183:Src/usart.c   ****     hdma_lpuart_rx.Init.Direction = DMA_PERIPH_TO_MEMORY;
 545              		.loc 1 183 33 is_stmt 0 view .LVU185
 546 0134 0423     		movs	r3, #4
 547 0136 4360     		str	r3, [r0, #4]
 184:Src/usart.c   ****     hdma_lpuart_rx.Init.PeriphInc = DMA_PINC_DISABLE;
 548              		.loc 1 184 5 is_stmt 1 view .LVU186
 184:Src/usart.c   ****     hdma_lpuart_rx.Init.PeriphInc = DMA_PINC_DISABLE;
 549              		.loc 1 184 35 is_stmt 0 view .LVU187
 550 0138 8560     		str	r5, [r0, #8]
 185:Src/usart.c   ****     hdma_lpuart_rx.Init.MemInc = DMA_MINC_ENABLE;
 551              		.loc 1 185 5 is_stmt 1 view .LVU188
 185:Src/usart.c   ****     hdma_lpuart_rx.Init.MemInc = DMA_MINC_ENABLE;
 552              		.loc 1 185 35 is_stmt 0 view .LVU189
 553 013a C560     		str	r5, [r0, #12]
 186:Src/usart.c   ****     hdma_lpuart_rx.Init.PeriphDataAlignment = DMA_PDATAALIGN_BYTE;
 554              		.loc 1 186 5 is_stmt 1 view .LVU190
ARM GAS  C:\Users\123\AppData\Local\Temp\ccS4kFIo.s 			page 16


 186:Src/usart.c   ****     hdma_lpuart_rx.Init.PeriphDataAlignment = DMA_PDATAALIGN_BYTE;
 555              		.loc 1 186 32 is_stmt 0 view .LVU191
 556 013c 8023     		movs	r3, #128
 557 013e 0361     		str	r3, [r0, #16]
 187:Src/usart.c   ****     hdma_lpuart_rx.Init.MemDataAlignment = DMA_MDATAALIGN_BYTE;
 558              		.loc 1 187 5 is_stmt 1 view .LVU192
 187:Src/usart.c   ****     hdma_lpuart_rx.Init.MemDataAlignment = DMA_MDATAALIGN_BYTE;
 559              		.loc 1 187 45 is_stmt 0 view .LVU193
 560 0140 4561     		str	r5, [r0, #20]
 188:Src/usart.c   ****     hdma_lpuart_rx.Init.Mode = DMA_NORMAL;
 561              		.loc 1 188 5 is_stmt 1 view .LVU194
 188:Src/usart.c   ****     hdma_lpuart_rx.Init.Mode = DMA_NORMAL;
 562              		.loc 1 188 42 is_stmt 0 view .LVU195
 563 0142 8561     		str	r5, [r0, #24]
 189:Src/usart.c   ****     hdma_lpuart_rx.Init.Priority = DMA_PRIORITY_LOW;
 564              		.loc 1 189 5 is_stmt 1 view .LVU196
 189:Src/usart.c   ****     hdma_lpuart_rx.Init.Priority = DMA_PRIORITY_LOW;
 565              		.loc 1 189 30 is_stmt 0 view .LVU197
 566 0144 C561     		str	r5, [r0, #28]
 190:Src/usart.c   ****     if (HAL_DMA_Init(&hdma_lpuart_rx) != HAL_OK)
 567              		.loc 1 190 5 is_stmt 1 view .LVU198
 190:Src/usart.c   ****     if (HAL_DMA_Init(&hdma_lpuart_rx) != HAL_OK)
 568              		.loc 1 190 34 is_stmt 0 view .LVU199
 569 0146 0562     		str	r5, [r0, #32]
 191:Src/usart.c   ****     {
 570              		.loc 1 191 5 is_stmt 1 view .LVU200
 191:Src/usart.c   ****     {
 571              		.loc 1 191 9 is_stmt 0 view .LVU201
 572 0148 FFF7FEFF 		bl	HAL_DMA_Init
 573              	.LVL20:
 191:Src/usart.c   ****     {
 574              		.loc 1 191 8 view .LVU202
 575 014c 58B9     		cbnz	r0, .L28
 576              	.L23:
 196:Src/usart.c   **** 
 577              		.loc 1 196 5 is_stmt 1 view .LVU203
 196:Src/usart.c   **** 
 578              		.loc 1 196 5 view .LVU204
 579 014e 0E4B     		ldr	r3, .L29+28
 580 0150 E366     		str	r3, [r4, #108]
 196:Src/usart.c   **** 
 581              		.loc 1 196 5 view .LVU205
 582 0152 9C62     		str	r4, [r3, #40]
 196:Src/usart.c   **** 
 583              		.loc 1 196 5 view .LVU206
 199:Src/usart.c   ****     HAL_NVIC_EnableIRQ(LPUART1_IRQn);
 584              		.loc 1 199 5 view .LVU207
 585 0154 0022     		movs	r2, #0
 586 0156 1146     		mov	r1, r2
 587 0158 4620     		movs	r0, #70
 588 015a FFF7FEFF 		bl	HAL_NVIC_SetPriority
 589              	.LVL21:
 200:Src/usart.c   ****   /* USER CODE BEGIN LPUART1_MspInit 1 */
 590              		.loc 1 200 5 view .LVU208
 591 015e 4620     		movs	r0, #70
 592 0160 FFF7FEFF 		bl	HAL_NVIC_EnableIRQ
 593              	.LVL22:
ARM GAS  C:\Users\123\AppData\Local\Temp\ccS4kFIo.s 			page 17


 594              		.loc 1 205 1 is_stmt 0 view .LVU209
 595 0164 5FE7     		b	.L19
 596              	.L28:
 193:Src/usart.c   ****     }
 597              		.loc 1 193 7 is_stmt 1 view .LVU210
 598 0166 FFF7FEFF 		bl	Error_Handler
 599              	.LVL23:
 600 016a F0E7     		b	.L23
 601              	.L30:
 602              		.align	2
 603              	.L29:
 604 016c 00500040 		.word	1073762304
 605 0170 00440040 		.word	1073759232
 606 0174 00800040 		.word	1073774592
 607 0178 00100240 		.word	1073876992
 608 017c 00080048 		.word	1207961600
 609 0180 000C0048 		.word	1207962624
 610 0184 00040048 		.word	1207960576
 611 0188 00000000 		.word	hdma_lpuart_rx
 612 018c 80040240 		.word	1073874048
 613              		.cfi_endproc
 614              	.LFE319:
 616              		.section	.text.HAL_UART_MspDeInit,"ax",%progbits
 617              		.align	1
 618              		.global	HAL_UART_MspDeInit
 619              		.syntax unified
 620              		.thumb
 621              		.thumb_func
 622              		.fpu fpv4-sp-d16
 624              	HAL_UART_MspDeInit:
 625              	.LVL24:
 626              	.LFB320:
 206:Src/usart.c   **** 
 207:Src/usart.c   **** void HAL_UART_MspDeInit(UART_HandleTypeDef* uartHandle)
 208:Src/usart.c   **** {
 627              		.loc 1 208 1 view -0
 628              		.cfi_startproc
 629              		@ args = 0, pretend = 0, frame = 0
 630              		@ frame_needed = 0, uses_anonymous_args = 0
 631              		.loc 1 208 1 is_stmt 0 view .LVU212
 632 0000 10B5     		push	{r4, lr}
 633              	.LCFI7:
 634              		.cfi_def_cfa_offset 8
 635              		.cfi_offset 4, -8
 636              		.cfi_offset 14, -4
 637 0002 0446     		mov	r4, r0
 209:Src/usart.c   **** 
 210:Src/usart.c   ****   if(uartHandle->Instance==UART5)
 638              		.loc 1 210 3 is_stmt 1 view .LVU213
 639              		.loc 1 210 16 is_stmt 0 view .LVU214
 640 0004 0368     		ldr	r3, [r0]
 641              		.loc 1 210 5 view .LVU215
 642 0006 294A     		ldr	r2, .L41
 643 0008 9342     		cmp	r3, r2
 644 000a 09D0     		beq	.L37
 211:Src/usart.c   ****   {
 212:Src/usart.c   ****   /* USER CODE BEGIN UART5_MspDeInit 0 */
ARM GAS  C:\Users\123\AppData\Local\Temp\ccS4kFIo.s 			page 18


 213:Src/usart.c   **** 
 214:Src/usart.c   ****   /* USER CODE END UART5_MspDeInit 0 */
 215:Src/usart.c   ****     /* Peripheral clock disable */
 216:Src/usart.c   ****     __HAL_RCC_UART5_CLK_DISABLE();
 217:Src/usart.c   ****   
 218:Src/usart.c   ****     /**UART5 GPIO Configuration    
 219:Src/usart.c   ****     PC12     ------> UART5_TX
 220:Src/usart.c   ****     PD2     ------> UART5_RX 
 221:Src/usart.c   ****     */
 222:Src/usart.c   ****     HAL_GPIO_DeInit(UART5_TX_IOT_GPIO_Port, UART5_TX_IOT_Pin);
 223:Src/usart.c   **** 
 224:Src/usart.c   ****     HAL_GPIO_DeInit(UART5_RX_IOT_GPIO_Port, UART5_RX_IOT_Pin);
 225:Src/usart.c   **** 
 226:Src/usart.c   ****     /* UART5 DMA DeInit */
 227:Src/usart.c   ****     HAL_DMA_DeInit(uartHandle->hdmarx);
 228:Src/usart.c   **** 
 229:Src/usart.c   ****     /* UART5 interrupt Deinit */
 230:Src/usart.c   ****     HAL_NVIC_DisableIRQ(UART5_IRQn);
 231:Src/usart.c   ****   /* USER CODE BEGIN UART5_MspDeInit 1 */
 232:Src/usart.c   **** 
 233:Src/usart.c   ****   /* USER CODE END UART5_MspDeInit 1 */
 234:Src/usart.c   ****   }
 235:Src/usart.c   ****   else if(uartHandle->Instance==USART2)
 645              		.loc 1 235 8 is_stmt 1 view .LVU216
 646              		.loc 1 235 10 is_stmt 0 view .LVU217
 647 000c 284A     		ldr	r2, .L41+4
 648 000e 9342     		cmp	r3, r2
 649 0010 1CD0     		beq	.L38
 236:Src/usart.c   ****   {
 237:Src/usart.c   ****   /* USER CODE BEGIN USART2_MspDeInit 0 */
 238:Src/usart.c   **** 
 239:Src/usart.c   ****   /* USER CODE END USART2_MspDeInit 0 */
 240:Src/usart.c   ****     /* Peripheral clock disable */
 241:Src/usart.c   ****     __HAL_RCC_USART2_CLK_DISABLE();
 242:Src/usart.c   ****   
 243:Src/usart.c   ****     /**USART2 GPIO Configuration    
 244:Src/usart.c   ****     PD5     ------> USART2_TX
 245:Src/usart.c   ****     PD6     ------> USART2_RX 
 246:Src/usart.c   ****     */
 247:Src/usart.c   ****     HAL_GPIO_DeInit(GPIOD, GPIO_PIN_5|GPIO_PIN_6);
 248:Src/usart.c   **** 
 249:Src/usart.c   ****   /* USER CODE BEGIN USART2_MspDeInit 1 */
 250:Src/usart.c   **** 
 251:Src/usart.c   ****   /* USER CODE END USART2_MspDeInit 1 */
 252:Src/usart.c   ****   }
 253:Src/usart.c   ****   else if(uartHandle->Instance==USART3)
 650              		.loc 1 253 8 is_stmt 1 view .LVU218
 651              		.loc 1 253 10 is_stmt 0 view .LVU219
 652 0012 284A     		ldr	r2, .L41+8
 653 0014 9342     		cmp	r3, r2
 654 0016 24D0     		beq	.L39
 254:Src/usart.c   ****   {
 255:Src/usart.c   ****   /* USER CODE BEGIN USART3_MspDeInit 0 */
 256:Src/usart.c   **** 
 257:Src/usart.c   ****   /* USER CODE END USART3_MspDeInit 0 */
 258:Src/usart.c   ****     /* Peripheral clock disable */
 259:Src/usart.c   ****     __HAL_RCC_USART3_CLK_DISABLE();
ARM GAS  C:\Users\123\AppData\Local\Temp\ccS4kFIo.s 			page 19


 260:Src/usart.c   ****   
 261:Src/usart.c   ****     /**USART3 GPIO Configuration    
 262:Src/usart.c   ****     PB10     ------> USART3_TX
 263:Src/usart.c   ****     PB11     ------> USART3_RX 
 264:Src/usart.c   ****     */
 265:Src/usart.c   ****     HAL_GPIO_DeInit(GPIOB, UART3_TX_BLE_Pin|UART3_RX_BLE_Pin);
 266:Src/usart.c   **** 
 267:Src/usart.c   ****     /* USART3 DMA DeInit */
 268:Src/usart.c   ****     HAL_DMA_DeInit(uartHandle->hdmarx);
 269:Src/usart.c   **** 
 270:Src/usart.c   ****     /* USART3 interrupt Deinit */
 271:Src/usart.c   ****     HAL_NVIC_DisableIRQ(USART3_IRQn);
 272:Src/usart.c   ****   /* USER CODE BEGIN USART3_MspDeInit 1 */
 273:Src/usart.c   **** 
 274:Src/usart.c   ****   /* USER CODE END USART3_MspDeInit 1 */
 275:Src/usart.c   ****   }
 276:Src/usart.c   ****   else if(uartHandle->Instance==LPUART1)
 655              		.loc 1 276 8 is_stmt 1 view .LVU220
 656              		.loc 1 276 10 is_stmt 0 view .LVU221
 657 0018 274A     		ldr	r2, .L41+12
 658 001a 9342     		cmp	r3, r2
 659 001c 33D0     		beq	.L40
 660              	.LVL25:
 661              	.L31:
 277:Src/usart.c   ****   {
 278:Src/usart.c   ****   /* USER CODE BEGIN LPUART1_MspDeInit 0 */
 279:Src/usart.c   **** 
 280:Src/usart.c   ****   /* USER CODE END LPUART1_MspDeInit 0 */
 281:Src/usart.c   ****     /* Peripheral clock disable */
 282:Src/usart.c   ****     __HAL_RCC_LPUART1_CLK_DISABLE();
 283:Src/usart.c   ****   
 284:Src/usart.c   ****     /**LPUART1 GPIO Configuration    
 285:Src/usart.c   ****     PB10     ------> LPUART1_RX
 286:Src/usart.c   ****     PB11     ------> LPUART1_TX 
 287:Src/usart.c   ****     */
 288:Src/usart.c   ****     HAL_GPIO_DeInit(GPIOB, LPUART1_RX_Pin|LPUART1_TX_Pin);
 289:Src/usart.c   **** 
 290:Src/usart.c   ****     /* LPUART1 DMA DeInit */
 291:Src/usart.c   ****     HAL_DMA_DeInit(uartHandle->hdmarx);
 292:Src/usart.c   **** 
 293:Src/usart.c   ****     /* LPUART1 interrupt Deinit */
 294:Src/usart.c   ****     HAL_NVIC_DisableIRQ(LPUART1_IRQn);
 295:Src/usart.c   ****   /* USER CODE BEGIN LPUART1_MspDeInit 1 */
 296:Src/usart.c   **** 
 297:Src/usart.c   ****   /* USER CODE END LPUART1_MspDeInit 1 */
 298:Src/usart.c   ****   }
 299:Src/usart.c   **** } 
 662              		.loc 1 299 1 view .LVU222
 663 001e 10BD     		pop	{r4, pc}
 664              	.LVL26:
 665              	.L37:
 216:Src/usart.c   ****   
 666              		.loc 1 216 5 is_stmt 1 view .LVU223
 667 0020 02F5E032 		add	r2, r2, #114688
 668 0024 936D     		ldr	r3, [r2, #88]
 669 0026 23F48013 		bic	r3, r3, #1048576
 670 002a 9365     		str	r3, [r2, #88]
ARM GAS  C:\Users\123\AppData\Local\Temp\ccS4kFIo.s 			page 20


 222:Src/usart.c   **** 
 671              		.loc 1 222 5 view .LVU224
 672 002c 4FF48051 		mov	r1, #4096
 673 0030 2248     		ldr	r0, .L41+16
 674              	.LVL27:
 222:Src/usart.c   **** 
 675              		.loc 1 222 5 is_stmt 0 view .LVU225
 676 0032 FFF7FEFF 		bl	HAL_GPIO_DeInit
 677              	.LVL28:
 224:Src/usart.c   **** 
 678              		.loc 1 224 5 is_stmt 1 view .LVU226
 679 0036 0421     		movs	r1, #4
 680 0038 2148     		ldr	r0, .L41+20
 681 003a FFF7FEFF 		bl	HAL_GPIO_DeInit
 682              	.LVL29:
 227:Src/usart.c   **** 
 683              		.loc 1 227 5 view .LVU227
 684 003e E06E     		ldr	r0, [r4, #108]
 685 0040 FFF7FEFF 		bl	HAL_DMA_DeInit
 686              	.LVL30:
 230:Src/usart.c   ****   /* USER CODE BEGIN UART5_MspDeInit 1 */
 687              		.loc 1 230 5 view .LVU228
 688 0044 3520     		movs	r0, #53
 689 0046 FFF7FEFF 		bl	HAL_NVIC_DisableIRQ
 690              	.LVL31:
 691 004a E8E7     		b	.L31
 692              	.LVL32:
 693              	.L38:
 241:Src/usart.c   ****   
 694              		.loc 1 241 5 view .LVU229
 695 004c 02F5E632 		add	r2, r2, #117760
 696 0050 936D     		ldr	r3, [r2, #88]
 697 0052 23F40033 		bic	r3, r3, #131072
 698 0056 9365     		str	r3, [r2, #88]
 247:Src/usart.c   **** 
 699              		.loc 1 247 5 view .LVU230
 700 0058 6021     		movs	r1, #96
 701 005a 1948     		ldr	r0, .L41+20
 702              	.LVL33:
 247:Src/usart.c   **** 
 703              		.loc 1 247 5 is_stmt 0 view .LVU231
 704 005c FFF7FEFF 		bl	HAL_GPIO_DeInit
 705              	.LVL34:
 706 0060 DDE7     		b	.L31
 707              	.LVL35:
 708              	.L39:
 259:Src/usart.c   ****   
 709              		.loc 1 259 5 is_stmt 1 view .LVU232
 710 0062 02F5E432 		add	r2, r2, #116736
 711 0066 936D     		ldr	r3, [r2, #88]
 712 0068 23F48023 		bic	r3, r3, #262144
 713 006c 9365     		str	r3, [r2, #88]
 265:Src/usart.c   **** 
 714              		.loc 1 265 5 view .LVU233
 715 006e 4FF44061 		mov	r1, #3072
 716 0072 1448     		ldr	r0, .L41+24
 717              	.LVL36:
ARM GAS  C:\Users\123\AppData\Local\Temp\ccS4kFIo.s 			page 21


 265:Src/usart.c   **** 
 718              		.loc 1 265 5 is_stmt 0 view .LVU234
 719 0074 FFF7FEFF 		bl	HAL_GPIO_DeInit
 720              	.LVL37:
 268:Src/usart.c   **** 
 721              		.loc 1 268 5 is_stmt 1 view .LVU235
 722 0078 E06E     		ldr	r0, [r4, #108]
 723 007a FFF7FEFF 		bl	HAL_DMA_DeInit
 724              	.LVL38:
 271:Src/usart.c   ****   /* USER CODE BEGIN USART3_MspDeInit 1 */
 725              		.loc 1 271 5 view .LVU236
 726 007e 2720     		movs	r0, #39
 727 0080 FFF7FEFF 		bl	HAL_NVIC_DisableIRQ
 728              	.LVL39:
 729 0084 CBE7     		b	.L31
 730              	.LVL40:
 731              	.L40:
 282:Src/usart.c   ****   
 732              		.loc 1 282 5 view .LVU237
 733 0086 02F5C832 		add	r2, r2, #102400
 734 008a D36D     		ldr	r3, [r2, #92]
 735 008c 23F00103 		bic	r3, r3, #1
 736 0090 D365     		str	r3, [r2, #92]
 288:Src/usart.c   **** 
 737              		.loc 1 288 5 view .LVU238
 738 0092 4FF44061 		mov	r1, #3072
 739 0096 0B48     		ldr	r0, .L41+24
 740              	.LVL41:
 288:Src/usart.c   **** 
 741              		.loc 1 288 5 is_stmt 0 view .LVU239
 742 0098 FFF7FEFF 		bl	HAL_GPIO_DeInit
 743              	.LVL42:
 291:Src/usart.c   **** 
 744              		.loc 1 291 5 is_stmt 1 view .LVU240
 745 009c E06E     		ldr	r0, [r4, #108]
 746 009e FFF7FEFF 		bl	HAL_DMA_DeInit
 747              	.LVL43:
 294:Src/usart.c   ****   /* USER CODE BEGIN LPUART1_MspDeInit 1 */
 748              		.loc 1 294 5 view .LVU241
 749 00a2 4620     		movs	r0, #70
 750 00a4 FFF7FEFF 		bl	HAL_NVIC_DisableIRQ
 751              	.LVL44:
 752              		.loc 1 299 1 is_stmt 0 view .LVU242
 753 00a8 B9E7     		b	.L31
 754              	.L42:
 755 00aa 00BF     		.align	2
 756              	.L41:
 757 00ac 00500040 		.word	1073762304
 758 00b0 00440040 		.word	1073759232
 759 00b4 00480040 		.word	1073760256
 760 00b8 00800040 		.word	1073774592
 761 00bc 00080048 		.word	1207961600
 762 00c0 000C0048 		.word	1207962624
 763 00c4 00040048 		.word	1207960576
 764              		.cfi_endproc
 765              	.LFE320:
 767              		.comm	hdma_lpuart_rx,72,4
ARM GAS  C:\Users\123\AppData\Local\Temp\ccS4kFIo.s 			page 22


 768              		.comm	hdma_uart5_rx,72,4
 769              		.comm	hlpuart1,128,4
 770              		.comm	huart2,128,4
 771              		.comm	huart5,128,4
 772              		.text
 773              	.Letext0:
 774              		.file 2 "c:\\program files (x86)\\gnu tools arm embedded\\9 2019-q4-major\\arm-none-eabi\\include\
 775              		.file 3 "c:\\program files (x86)\\gnu tools arm embedded\\9 2019-q4-major\\arm-none-eabi\\include\
 776              		.file 4 "Drivers/CMSIS/Include/core_cm4.h"
 777              		.file 5 "Drivers/CMSIS/Device/ST/STM32L4xx/Include/system_stm32l4xx.h"
 778              		.file 6 "Drivers/CMSIS/Device/ST/STM32L4xx/Include/stm32l471xx.h"
 779              		.file 7 "Drivers/STM32L4xx_HAL_Driver/Inc/stm32l4xx_hal_def.h"
 780              		.file 8 "Drivers/STM32L4xx_HAL_Driver/Inc/stm32l4xx_hal_gpio.h"
 781              		.file 9 "Drivers/STM32L4xx_HAL_Driver/Inc/stm32l4xx_hal_dma.h"
 782              		.file 10 "Drivers/STM32L4xx_HAL_Driver/Inc/stm32l4xx_hal_flash.h"
 783              		.file 11 "Drivers/STM32L4xx_HAL_Driver/Inc/stm32l4xx_hal_uart.h"
 784              		.file 12 "Drivers/STM32L4xx_HAL_Driver/Inc/stm32l4xx_hal.h"
 785              		.file 13 "c:\\program files (x86)\\gnu tools arm embedded\\9 2019-q4-major\\arm-none-eabi\\include
 786              		.file 14 "c:\\program files (x86)\\gnu tools arm embedded\\9 2019-q4-major\\arm-none-eabi\\include
 787              		.file 15 "c:\\program files (x86)\\gnu tools arm embedded\\9 2019-q4-major\\lib\\gcc\\arm-none-eab
 788              		.file 16 "c:\\program files (x86)\\gnu tools arm embedded\\9 2019-q4-major\\arm-none-eabi\\include
 789              		.file 17 "Inc/main.h"
 790              		.file 18 "Inc/usart.h"
 791              		.file 19 "Drivers/STM32L4xx_HAL_Driver/Inc/stm32l4xx_hal_cortex.h"
ARM GAS  C:\Users\123\AppData\Local\Temp\ccS4kFIo.s 			page 23


DEFINED SYMBOLS
                            *ABS*:00000000 usart.c
C:\Users\123\AppData\Local\Temp\ccS4kFIo.s:18     .text.MX_UART5_Init:00000000 $t
C:\Users\123\AppData\Local\Temp\ccS4kFIo.s:26     .text.MX_UART5_Init:00000000 MX_UART5_Init
C:\Users\123\AppData\Local\Temp\ccS4kFIo.s:91     .text.MX_UART5_Init:00000030 $d
                            *COM*:00000080 huart5
C:\Users\123\AppData\Local\Temp\ccS4kFIo.s:97     .text.MX_USART2_UART_Init:00000000 $t
C:\Users\123\AppData\Local\Temp\ccS4kFIo.s:104    .text.MX_USART2_UART_Init:00000000 MX_USART2_UART_Init
C:\Users\123\AppData\Local\Temp\ccS4kFIo.s:168    .text.MX_USART2_UART_Init:00000030 $d
                            *COM*:00000080 huart2
C:\Users\123\AppData\Local\Temp\ccS4kFIo.s:174    .text.MX_LPUART1_UART_Init:00000000 $t
C:\Users\123\AppData\Local\Temp\ccS4kFIo.s:181    .text.MX_LPUART1_UART_Init:00000000 MX_LPUART1_UART_Init
C:\Users\123\AppData\Local\Temp\ccS4kFIo.s:242    .text.MX_LPUART1_UART_Init:00000030 $d
                            *COM*:00000080 hlpuart1
C:\Users\123\AppData\Local\Temp\ccS4kFIo.s:248    .text.HAL_UART_MspInit:00000000 $t
C:\Users\123\AppData\Local\Temp\ccS4kFIo.s:255    .text.HAL_UART_MspInit:00000000 HAL_UART_MspInit
C:\Users\123\AppData\Local\Temp\ccS4kFIo.s:604    .text.HAL_UART_MspInit:0000016c $d
                            *COM*:00000048 hdma_lpuart_rx
C:\Users\123\AppData\Local\Temp\ccS4kFIo.s:617    .text.HAL_UART_MspDeInit:00000000 $t
C:\Users\123\AppData\Local\Temp\ccS4kFIo.s:624    .text.HAL_UART_MspDeInit:00000000 HAL_UART_MspDeInit
C:\Users\123\AppData\Local\Temp\ccS4kFIo.s:757    .text.HAL_UART_MspDeInit:000000ac $d
                            *COM*:00000048 hdma_uart5_rx

UNDEFINED SYMBOLS
HAL_UART_Init
Error_Handler
HAL_GPIO_Init
HAL_NVIC_SetPriority
HAL_NVIC_EnableIRQ
HAL_DMA_Init
HAL_GPIO_DeInit
HAL_DMA_DeInit
HAL_NVIC_DisableIRQ
